{"meta": {"format": 3, "version": "7.15.1", "timestamp": "2026-07-19T05:47:13.271588", "branch_coverage": false, "show_contexts": false}, "files": {"src/__init__.py": {"executed_lines": [], "summary": {"covered_lines": 0, "num_statements": 0, "percent_covered": 100.0, "percent_covered_display": "100", "missing_lines": 0, "excluded_lines": 0, "percent_statements_covered": 100.0, "percent_statements_covered_display": "100"}, "missing_lines": [], "excluded_lines": [], "functions": {"": {"executed_lines": [], "summary": {"covered_lines": 0, "num_statements": 0, "percent_covered": 100.0, "percent_covered_display": "100", "missing_lines": 0, "excluded_lines": 0, "percent_statements_covered": 100.0, "percent_statements_covered_display": "100"}, "missing_lines": [], "excluded_lines": [], "start_line": 1}}, "classes": {"": {"executed_lines": [], "summary": {"covered_lines": 0, "num_statements": 0, "percent_covered": 100.0, "percent_covered_display": "100", "missing_lines": 0, "excluded_lines": 0, "percent_statements_covered": 100.0, "percent_statements_covered_display": "100"}, "missing_lines": [], "excluded_lines": [], "start_line": 1}}}, "src/analytics/__init__.py": {"executed_lines": [6, 8], "summary": {"covered_lines": 2, "num_statements": 2, "percent_covered": 100.0, "percent_covered_display": "100", "missing_lines": 0, "excluded_lines": 0, "percent_statements_covered": 100.0, "percent_statements_covered_display": "100"}, "missing_lines": [], "excluded_lines": [], "functions": {"": {"executed_lines": [6, 8], "summary": {"covered_lines": 2, "num_statements": 2, "percent_covered": 100.0, "percent_covered_display": "100", "missing_lines": 0, "excluded_lines": 0, "percent_statements_covered": 100.0, "percent_statements_covered_display": "100"}, "missing_lines": [], "excluded_lines": [], "start_line": 1}}, "classes": {"": {"executed_lines": [6, 8], "summary": {"covered_lines": 2, "num_statements": 2, "percent_covered": 100.0, "percent_covered_display": "100", "missing_lines": 0, "excluded_lines": 0, "percent_statements_covered": 100.0, "percent_statements_covered_display": "100"}, "missing_lines": [], "excluded_lines": [], "start_line": 1}}}, "src/analytics/trends.py": {"executed_lines": [6, 7, 10, 11, 12, 13, 14, 16, 34, 46, 58, 65, 79], "summary": {"covered_lines": 13, "num_statements": 49, "percent_covered": 26.53061224489796, "percent_covered_display": "27", "missing_lines": 36, "excluded_lines": 0, "percent_statements_covered": 26.53061224489796, "percent_statements_covered_display": "27"}, "missing_lines": [17, 18, 19, 20, 21, 35, 36, 37, 38, 39, 40, 41, 47, 48, 49, 50, 51, 52, 53, 59, 60, 61, 62, 63, 66, 67, 68, 69, 70, 71, 72, 73, 74, 76, 77, 80], "excluded_lines": [], "functions": {"TrendAnalyzer.__init__": {"executed_lines": [12, 13, 14], "summary": {"covered_lines": 3, "num_statements": 3, "percent_covered": 100.0, "percent_covered_display": "100", "missing_lines": 0, "excluded_lines": 0, "percent_statements_covered": 100.0, "percent_statements_covered_display": "100"}, "missing_lines": [], "excluded_lines": [], "start_line": 11}, "TrendAnalyzer.hot_jobs": {"executed_lines": [], "summary": {"covered_lines": 0, "num_statements": 5, "percent_covered": 0.0, "percent_covered_display": "0", "missing_lines": 5, "excluded_lines": 0, "percent_statements_covered": 0.0, "percent_statements_covered_display": "0"}, "missing_lines": [17, 18, 19, 20, 21], "excluded_lines": [], "start_line": 16}, "TrendAnalyzer.hot_skills": {"executed_lines": [], "summary": {"covered_lines": 0, "num_statements": 7, "percent_covered": 0.0, "percent_covered_display": "0", "missing_lines": 7, "excluded_lines": 0, "percent_statements_covered": 0.0, "percent_statements_covered_display": "0"}, "missing_lines": [35, 36, 37, 38, 39, 40, 41], "excluded_lines": [], "start_line": 34}, "TrendAnalyzer.hot_skills_by_category": {"executed_lines": [], "summary": {"covered_lines": 0, "num_statements": 7, "percent_covered": 0.0, "percent_covered_display": "0", "missing_lines": 7, "excluded_lines": 0, "percent_statements_covered": 0.0, "percent_statements_covered_display": "0"}, "missing_lines": [47, 48, 49, 50, 51, 52, 53], "excluded_lines": [], "start_line": 46}, "TrendAnalyzer.education_distribution": {"executed_lines": [], "summary": {"covered_lines": 0, "num_statements": 5, "percent_covered": 0.0, "percent_covered_display": "0", "missing_lines": 5, "excluded_lines": 0, "percent_statements_covered": 0.0, "percent_statements_covered_display": "0"}, "missing_lines": [59, 60, 61, 62, 63], "excluded_lines": [], "start_line": 58}, "TrendAnalyzer.experience_distribution": {"executed_lines": [], "summary": {"covered_lines": 0, "num_statements": 11, "percent_covered": 0.0, "percent_covered_display": "0", "missing_lines": 11, "excluded_lines": 0, "percent_statements_covered": 0.0, "percent_statements_covered_display": "0"}, "missing_lines": [66, 67, 68, 69, 70, 71, 72, 73, 74, 76, 77], "excluded_lines": [], "start_line": 65}, "TrendAnalyzer.full_report": {"executed_lines": [], "summary": {"covered_lines": 0, "num_statements": 1, "percent_covered": 0.0, "percent_covered_display": "0", "missing_lines": 1, "excluded_lines": 0, "percent_statements_covered": 0.0, "percent_statements_covered_display": "0"}, "missing_lines": [80], "excluded_lines": [], "start_line": 79}, "": {"executed_lines": [6, 7, 10, 11, 16, 34, 46, 58, 65, 79], "summary": {"covered_lines": 10, "num_statements": 10, "percent_covered": 100.0, "percent_covered_display": "100", "missing_lines": 0, "excluded_lines": 0, "percent_statements_covered": 100.0, "percent_statements_covered_display": "100"}, "missing_lines": [], "excluded_lines": [], "start_line": 1}}, "classes": {"TrendAnalyzer": {"executed_lines": [12, 13, 14], "summary": {"covered_lines": 3, "num_statements": 39, "percent_covered": 7.6923076923076925, "percent_covered_display": "8", "missing_lines": 36, "excluded_lines": 0, "percent_statements_covered": 7.6923076923076925, "percent_statements_covered_display": "8"}, "missing_lines": [17, 18, 19, 20, 21, 35, 36, 37, 38, 39, 40, 41, 47, 48, 49, 50, 51, 52, 53, 59, 60, 61, 62, 63, 66, 67, 68, 69, 70, 71, 72, 73, 74, 76, 77, 80], "excluded_lines": [], "start_line": 10}, "": {"executed_lines": [6, 7, 10, 11, 16, 34, 46, 58, 65, 79], "summary": {"covered_lines": 10, "num_statements": 10, "percent_covered": 100.0, "percent_covered_display": "100", "missing_lines": 0, "excluded_lines": 0, "percent_statements_covered": 100.0, "percent_statements_covered_display": "100"}, "missing_lines": [], "excluded_lines": [], "start_line": 1}}}, "src/api/__init__.py": {"executed_lines": [6, 8], "summary": {"covered_lines": 2, "num_statements": 2, "percent_covered": 100.0, "percent_covered_display": "100", "missing_lines": 0, "excluded_lines": 0, "percent_statements_covered": 100.0, "percent_statements_covered_display": "100"}, "missing_lines": [], "excluded_lines": [], "functions": {"": {"executed_lines": [6, 8], "summary": {"covered_lines": 2, "num_statements": 2, "percent_covered": 100.0, "percent_covered_display": "100", "missing_lines": 0, "excluded_lines": 0, "percent_statements_covered": 100.0, "percent_statements_covered_display": "100"}, "missing_lines": [], "excluded_lines": [], "start_line": 1}}, "classes": {"": {"executed_lines": [6, 8], "summary": {"covered_lines": 2, "num_statements": 2, "percent_covered": 100.0, "percent_covered_display": "100", "missing_lines": 0, "excluded_lines": 0, "percent_statements_covered": 100.0, "percent_statements_covered_display": "100"}, "missing_lines": [], "excluded_lines": [], "start_line": 1}}}, "src/api/routes.py": {"executed_lines": [3, 5, 6, 7, 8, 9, 10, 11, 12, 14, 15, 16, 17, 19, 20, 26, 27, 28, 29, 30, 31, 34, 35, 36, 39, 40, 41, 42, 43, 45, 46, 47, 49, 52, 53, 54, 55, 56, 57, 58, 61, 62, 63, 64, 65, 66, 67, 68, 69, 72, 73, 74, 75, 76, 79, 80, 81, 82, 85, 86, 87, 90, 91, 92, 93, 94, 95, 96, 99, 100, 101, 104, 105, 106, 111, 113, 114, 115, 116, 117, 125, 126, 127, 128, 129, 131, 132, 137, 138, 139, 140, 142, 143, 144, 147, 149, 157, 158, 160, 165, 168, 171, 172, 195, 196, 197, 198, 199, 200, 204, 207, 208, 209, 210, 211, 212, 213, 214, 215, 216, 217, 220, 221, 223, 226, 227, 228, 238, 239, 240, 248, 249, 250, 251, 253, 269, 270, 271, 272, 274, 279, 286, 287, 288, 291, 292, 293, 295, 296, 303, 304, 317, 318, 321, 322, 323, 324, 328, 331, 332, 333, 337, 338, 339, 342, 343, 344, 345, 346, 347, 348, 349, 355, 356, 357, 358, 361, 362, 369, 370, 371, 372, 373, 374, 381, 395, 398, 399, 402, 403, 404, 405, 406, 407, 408, 414, 417, 424, 425, 426, 427, 429, 430, 431, 432, 440, 441, 444, 456, 457, 485, 486, 491, 492, 496, 497, 503, 504, 505, 506, 513, 514, 515, 516, 521, 522, 529, 530, 540, 541, 553], "summary": {"covered_lines": 231, "num_statements": 270, "percent_covered": 85.55555555555556, "percent_covered_display": "86", "missing_lines": 39, "excluded_lines": 0, "percent_statements_covered": 85.55555555555556, "percent_statements_covered_display": "86"}, "missing_lines": [48, 121, 150, 155, 201, 222, 241, 242, 243, 244, 245, 252, 254, 255, 259, 262, 263, 266, 273, 294, 307, 308, 309, 325, 413, 442, 443, 463, 464, 465, 466, 474, 493, 523, 524, 531, 532, 542, 554], "excluded_lines": [], "functions": {"ResumeUpload.require_identity_or_resume": {"executed_lines": [47, 49], "summary": {"covered_lines": 2, "num_statements": 3, "percent_covered": 66.66666666666667, "percent_covered_display": "67", "missing_lines": 1, "excluded_lines": 0, "percent_statements_covered": 66.66666666666667, "percent_statements_covered_display": "67"}, "missing_lines": [48], "excluded_lines": [], "start_line": 46}, "_coverage_value": {"executed_lines": [100, 101], "summary": {"covered_lines": 2, "num_statements": 2, "percent_covered": 100.0, "percent_covered_display": "100", "missing_lines": 0, "excluded_lines": 0, "percent_statements_covered": 100.0, "percent_statements_covered_display": "100"}, "missing_lines": [], "excluded_lines": [], "start_line": 99}, "_load_pipeline": {"executed_lines": [105, 106, 111, 113, 114, 115, 116, 117, 125, 126, 127, 128, 129, 131, 132, 137, 138, 139, 140, 142, 143, 144, 147, 149, 157, 158, 160, 165, 168, 171, 172], "summary": {"covered_lines": 31, "num_statements": 34, "percent_covered": 91.17647058823529, "percent_covered_display": "91", "missing_lines": 3, "excluded_lines": 0, "percent_statements_covered": 91.17647058823529, "percent_statements_covered_display": "91"}, "missing_lines": [121, 150, 155], "excluded_lines": [], "start_line": 104}, "lifespan": {"executed_lines": [197, 198, 199, 200], "summary": {"covered_lines": 4, "num_statements": 5, "percent_covered": 80.0, "percent_covered_display": "80", "missing_lines": 1, "excluded_lines": 0, "percent_statements_covered": 80.0, "percent_statements_covered_display": "80"}, "missing_lines": [201], "excluded_lines": [], "start_line": 196}, "timing_middleware": {"executed_lines": [209, 210, 211, 212, 213, 214, 215, 216, 217], "summary": {"covered_lines": 9, "num_statements": 9, "percent_covered": 100.0, "percent_covered_display": "100", "missing_lines": 0, "excluded_lines": 0, "percent_statements_covered": 100.0, "percent_statements_covered_display": "100"}, "missing_lines": [], "excluded_lines": [], "start_line": 208}, "get_pipeline": {"executed_lines": [221, 223], "summary": {"covered_lines": 2, "num_statements": 3, "percent_covered": 66.66666666666667, "percent_covered_display": "67", "missing_lines": 1, "excluded_lines": 0, "percent_statements_covered": 66.66666666666667, "percent_statements_covered_display": "67"}, "missing_lines": [222], "excluded_lines": [], "start_line": 220}, "_extract_skills": {"executed_lines": [227, 228], "summary": {"covered_lines": 2, "num_statements": 2, "percent_covered": 100.0, "percent_covered_display": "100", "missing_lines": 0, "excluded_lines": 0, "percent_statements_covered": 100.0, "percent_statements_covered_display": "100"}, "missing_lines": [], "excluded_lines": [], "start_line": 226}, "_candidate_jobs": {"executed_lines": [239, 240], "summary": {"covered_lines": 2, "num_statements": 7, "percent_covered": 28.571428571428573, "percent_covered_display": "29", "missing_lines": 5, "excluded_lines": 0, "percent_statements_covered": 28.571428571428573, "percent_statements_covered_display": "29"}, "missing_lines": [241, 242, 243, 244, 245], "excluded_lines": [], "start_line": 238}, "_target_job": {"executed_lines": [249, 250, 251, 253], "summary": {"covered_lines": 4, "num_statements": 11, "percent_covered": 36.36363636363637, "percent_covered_display": "36", "missing_lines": 7, "excluded_lines": 0, "percent_statements_covered": 36.36363636363637, "percent_statements_covered_display": "36"}, "missing_lines": [252, 254, 255, 259, 262, 263, 266], "excluded_lines": [], "start_line": 248}, "token": {"executed_lines": [271, 272, 274, 279], "summary": {"covered_lines": 4, "num_statements": 5, "percent_covered": 80.0, "percent_covered_display": "80", "missing_lines": 1, "excluded_lines": 0, "percent_statements_covered": 80.0, "percent_statements_covered_display": "80"}, "missing_lines": [273], "excluded_lines": [], "start_line": 270}, "live": {"executed_lines": [288], "summary": {"covered_lines": 1, "num_statements": 1, "percent_covered": 100.0, "percent_covered_display": "100", "missing_lines": 0, "excluded_lines": 0, "percent_statements_covered": 100.0, "percent_statements_covered_display": "100"}, "missing_lines": [], "excluded_lines": [], "start_line": 287}, "ready": {"executed_lines": [293, 295, 296], "summary": {"covered_lines": 3, "num_statements": 4, "percent_covered": 75.0, "percent_covered_display": "75", "missing_lines": 1, "excluded_lines": 0, "percent_statements_covered": 75.0, "percent_statements_covered_display": "75"}, "missing_lines": [294], "excluded_lines": [], "start_line": 292}, "model_info": {"executed_lines": [], "summary": {"covered_lines": 0, "num_statements": 3, "percent_covered": 0.0, "percent_covered_display": "0", "missing_lines": 3, "excluded_lines": 0, "percent_statements_covered": 0.0, "percent_statements_covered_display": "0"}, "missing_lines": [307, 308, 309], "excluded_lines": [], "start_line": 304}, "recommend_jobs": {"executed_lines": [321, 322, 323, 324, 328, 331, 332, 333, 337, 338, 339, 342, 343, 344, 345, 346, 347, 348, 349, 355, 356, 357, 358, 361, 362, 369, 370, 371, 372, 373, 374, 381, 395], "summary": {"covered_lines": 33, "num_statements": 34, "percent_covered": 97.05882352941177, "percent_covered_display": "97", "missing_lines": 1, "excluded_lines": 0, "percent_statements_covered": 97.05882352941177, "percent_statements_covered_display": "97"}, "missing_lines": [325], "excluded_lines": [], "start_line": 318}, "assess_competency": {"executed_lines": [402, 403, 404, 405, 406, 407, 408, 414, 417, 424, 425, 426, 427, 429, 430, 431, 432, 440, 441, 444], "summary": {"covered_lines": 20, "num_statements": 23, "percent_covered": 86.95652173913044, "percent_covered_display": "87", "missing_lines": 3, "excluded_lines": 0, "percent_statements_covered": 86.95652173913044, "percent_statements_covered_display": "87"}, "missing_lines": [413, 442, 443], "excluded_lines": [], "start_line": 399}, "recruit_match": {"executed_lines": [], "summary": {"covered_lines": 0, "num_statements": 5, "percent_covered": 0.0, "percent_covered_display": "0", "missing_lines": 5, "excluded_lines": 0, "percent_statements_covered": 0.0, "percent_statements_covered_display": "0"}, "missing_lines": [463, 464, 465, 466, 474], "excluded_lines": [], "start_line": 457}, "submit_feedback": {"executed_lines": [491, 492, 496, 497, 503, 504, 505, 506], "summary": {"covered_lines": 8, "num_statements": 9, "percent_covered": 88.88888888888889, "percent_covered_display": "89", "missing_lines": 1, "excluded_lines": 0, "percent_statements_covered": 88.88888888888889, "percent_statements_covered_display": "89"}, "missing_lines": [493], "excluded_lines": [], "start_line": 486}, "effectiveness_report": {"executed_lines": [515, 516], "summary": {"covered_lines": 2, "num_statements": 2, "percent_covered": 100.0, "percent_covered_display": "100", "missing_lines": 0, "excluded_lines": 0, "percent_statements_covered": 100.0, "percent_statements_covered_display": "100"}, "missing_lines": [], "excluded_lines": [], "start_line": 514}, "hot_jobs": {"executed_lines": [], "summary": {"covered_lines": 0, "num_statements": 2, "percent_covered": 0.0, "percent_covered_display": "0", "missing_lines": 2, "excluded_lines": 0, "percent_statements_covered": 0.0, "percent_statements_covered_display": "0"}, "missing_lines": [523, 524], "excluded_lines": [], "start_line": 522}, "service_metrics": {"executed_lines": [], "summary": {"covered_lines": 0, "num_statements": 2, "percent_covered": 0.0, "percent_covered_display": "0", "missing_lines": 2, "excluded_lines": 0, "percent_statements_covered": 0.0, "percent_statements_covered_display": "0"}, "missing_lines": [531, 532], "excluded_lines": [], "start_line": 530}, "demo_page": {"executed_lines": [], "summary": {"covered_lines": 0, "num_statements": 1, "percent_covered": 0.0, "percent_covered_display": "0", "missing_lines": 1, "excluded_lines": 0, "percent_statements_covered": 0.0, "percent_statements_covered_display": "0"}, "missing_lines": [542], "excluded_lines": [], "start_line": 541}, "create_app": {"executed_lines": [], "summary": {"covered_lines": 0, "num_statements": 1, "percent_covered": 0.0, "percent_covered_display": "0", "missing_lines": 1, "excluded_lines": 0, "percent_statements_covered": 0.0, "percent_statements_covered_display": "0"}, "missing_lines": [554], "excluded_lines": [], "start_line": 553}, "": {"executed_lines": [3, 5, 6, 7, 8, 9, 10, 11, 12, 14, 15, 16, 17, 19, 20, 26, 27, 28, 29, 30, 31, 34, 35, 36, 39, 40, 41, 42, 43, 45, 46, 52, 53, 54, 55, 56, 57, 58, 61, 62, 63, 64, 65, 66, 67, 68, 69, 72, 73, 74, 75, 76, 79, 80, 81, 82, 85, 86, 87, 90, 91, 92, 93, 94, 95, 96, 99, 104, 195, 196, 204, 207, 208, 220, 226, 238, 248, 269, 270, 286, 287, 291, 292, 303, 304, 317, 318, 398, 399, 456, 457, 485, 486, 513, 514, 521, 522, 529, 530, 540, 541, 553], "summary": {"covered_lines": 102, "num_statements": 102, "percent_covered": 100.0, "percent_covered_display": "100", "missing_lines": 0, "excluded_lines": 0, "percent_statements_covered": 100.0, "percent_statements_covered_display": "100"}, "missing_lines": [], "excluded_lines": [], "start_line": 1}}, "classes": {"TokenRequest": {"executed_lines": [], "summary": {"covered_lines": 0, "num_statements": 0, "percent_covered": 100.0, "percent_covered_display": "100", "missing_lines": 0, "excluded_lines": 0, "percent_statements_covered": 100.0, "percent_statements_covered_display": "100"}, "missing_lines": [], "excluded_lines": [], "start_line": 34}, "ResumeUpload": {"executed_lines": [47, 49], "summary": {"covered_lines": 2, "num_statements": 3, "percent_covered": 66.66666666666667, "percent_covered_display": "67", "missing_lines": 1, "excluded_lines": 0, "percent_statements_covered": 66.66666666666667, "percent_statements_covered_display": "67"}, "missing_lines": [48], "excluded_lines": [], "start_line": 39}, "RecommendResponse": {"executed_lines": [], "summary": {"covered_lines": 0, "num_statements": 0, "percent_covered": 100.0, "percent_covered_display": "100", "missing_lines": 0, "excluded_lines": 0, "percent_statements_covered": 100.0, "percent_statements_covered_display": "100"}, "missing_lines": [], "excluded_lines": [], "start_line": 52}, "CompetencyReport": {"executed_lines": [], "summary": {"covered_lines": 0, "num_statements": 0, "percent_covered": 100.0, "percent_covered_display": "100", "missing_lines": 0, "excluded_lines": 0, "percent_statements_covered": 100.0, "percent_statements_covered_display": "100"}, "missing_lines": [], "excluded_lines": [], "start_line": 61}, "CandidateMatch": {"executed_lines": [], "summary": {"covered_lines": 0, "num_statements": 0, "percent_covered": 100.0, "percent_covered_display": "100", "missing_lines": 0, "excluded_lines": 0, "percent_statements_covered": 100.0, "percent_statements_covered_display": "100"}, "missing_lines": [], "excluded_lines": [], "start_line": 72}, "FeedbackRequest": {"executed_lines": [], "summary": {"covered_lines": 0, "num_statements": 0, "percent_covered": 100.0, "percent_covered_display": "100", "missing_lines": 0, "excluded_lines": 0, "percent_statements_covered": 100.0, "percent_statements_covered_display": "100"}, "missing_lines": [], "excluded_lines": [], "start_line": 79}, "TrendReport": {"executed_lines": [], "summary": {"covered_lines": 0, "num_statements": 0, "percent_covered": 100.0, "percent_covered_display": "100", "missing_lines": 0, "excluded_lines": 0, "percent_statements_covered": 100.0, "percent_statements_covered_display": "100"}, "missing_lines": [], "excluded_lines": [], "start_line": 85}, "EffectivenessResponse": {"executed_lines": [], "summary": {"covered_lines": 0, "num_statements": 0, "percent_covered": 100.0, "percent_covered_display": "100", "missing_lines": 0, "excluded_lines": 0, "percent_statements_covered": 100.0, "percent_statements_covered_display": "100"}, "missing_lines": [], "excluded_lines": [], "start_line": 90}, "": {"executed_lines": [3, 5, 6, 7, 8, 9, 10, 11, 12, 14, 15, 16, 17, 19, 20, 26, 27, 28, 29, 30, 31, 34, 35, 36, 39, 40, 41, 42, 43, 45, 46, 52, 53, 54, 55, 56, 57, 58, 61, 62, 63, 64, 65, 66, 67, 68, 69, 72, 73, 74, 75, 76, 79, 80, 81, 82, 85, 86, 87, 90, 91, 92, 93, 94, 95, 96, 99, 100, 101, 104, 105, 106, 111, 113, 114, 115, 116, 117, 125, 126, 127, 128, 129, 131, 132, 137, 138, 139, 140, 142, 143, 144, 147, 149, 157, 158, 160, 165, 168, 171, 172, 195, 196, 197, 198, 199, 200, 204, 207, 208, 209, 210, 211, 212, 213, 214, 215, 216, 217, 220, 221, 223, 226, 227, 228, 238, 239, 240, 248, 249, 250, 251, 253, 269, 270, 271, 272, 274, 279, 286, 287, 288, 291, 292, 293, 295, 296, 303, 304, 317, 318, 321, 322, 323, 324, 328, 331, 332, 333, 337, 338, 339, 342, 343, 344, 345, 346, 347, 348, 349, 355, 356, 357, 358, 361, 362, 369, 370, 371, 372, 373, 374, 381, 395, 398, 399, 402, 403, 404, 405, 406, 407, 408, 414, 417, 424, 425, 426, 427, 429, 430, 431, 432, 440, 441, 444, 456, 457, 485, 486, 491, 492, 496, 497, 503, 504, 505, 506, 513, 514, 515, 516, 521, 522, 529, 530, 540, 541, 553], "summary": {"covered_lines": 229, "num_statements": 267, "percent_covered": 85.76779026217228, "percent_covered_display": "86", "missing_lines": 38, "excluded_lines": 0, "percent_statements_covered": 85.76779026217228, "percent_statements_covered_display": "86"}, "missing_lines": [121, 150, 155, 201, 222, 241, 242, 243, 244, 245, 252, 254, 255, 259, 262, 263, 266, 273, 294, 307, 308, 309, 325, 413, 442, 443, 463, 464, 465, 466, 474, 493, 523, 524, 531, 532, 542, 554], "excluded_lines": [], "start_line": 1}}}, "src/config/__init__.py": {"executed_lines": [5, 14], "summary": {"covered_lines": 2, "num_statements": 2, "percent_covered": 100.0, "percent_covered_display": "100", "missing_lines": 0, "excluded_lines": 0, "percent_statements_covered": 100.0, "percent_statements_covered_display": "100"}, "missing_lines": [], "excluded_lines": [], "functions": {"": {"executed_lines": [5, 14], "summary": {"covered_lines": 2, "num_statements": 2, "percent_covered": 100.0, "percent_covered_display": "100", "missing_lines": 0, "excluded_lines": 0, "percent_statements_covered": 100.0, "percent_statements_covered_display": "100"}, "missing_lines": [], "excluded_lines": [], "start_line": 1}}, "classes": {"": {"executed_lines": [5, 14], "summary": {"covered_lines": 2, "num_statements": 2, "percent_covered": 100.0, "percent_covered_display": "100", "missing_lines": 0, "excluded_lines": 0, "percent_statements_covered": 100.0, "percent_statements_covered_display": "100"}, "missing_lines": [], "excluded_lines": [], "start_line": 1}}}, "src/config/settings.py": {"executed_lines": [7, 8, 10, 13, 16, 17, 18, 21, 28, 31, 32, 33, 34, 37, 40, 41, 46, 49, 50, 55, 58, 59, 62, 71, 72, 73, 76, 77, 82, 85, 90, 96, 99, 100, 103, 104, 105, 108, 109, 112, 118, 119, 120, 123, 125, 127, 128, 130, 132, 133, 137, 145, 162, 165, 170, 173], "summary": {"covered_lines": 56, "num_statements": 68, "percent_covered": 82.3529411764706, "percent_covered_display": "82", "missing_lines": 12, "excluded_lines": 0, "percent_statements_covered": 82.3529411764706, "percent_statements_covered_display": "82"}, "missing_lines": [135, 139, 150, 151, 152, 153, 154, 155, 156, 157, 158, 179], "excluded_lines": [], "functions": {"Settings.get_default": {"executed_lines": [130], "summary": {"covered_lines": 1, "num_statements": 1, "percent_covered": 100.0, "percent_covered_display": "100", "missing_lines": 0, "excluded_lines": 0, "percent_statements_covered": 100.0, "percent_statements_covered_display": "100"}, "missing_lines": [], "excluded_lines": [], "start_line": 128}, "Settings.from_dict": {"executed_lines": [], "summary": {"covered_lines": 0, "num_statements": 1, "percent_covered": 0.0, "percent_covered_display": "0", "missing_lines": 1, "excluded_lines": 0, "percent_statements_covered": 0.0, "percent_statements_covered_display": "0"}, "missing_lines": [135], "excluded_lines": [], "start_line": 133}, "Settings.to_dict": {"executed_lines": [], "summary": {"covered_lines": 0, "num_statements": 1, "percent_covered": 0.0, "percent_covered_display": "0", "missing_lines": 1, "excluded_lines": 0, "percent_statements_covered": 0.0, "percent_statements_covered_display": "0"}, "missing_lines": [139], "excluded_lines": [], "start_line": 137}, "Settings.update": {"executed_lines": [], "summary": {"covered_lines": 0, "num_statements": 9, "percent_covered": 0.0, "percent_covered_display": "0", "missing_lines": 9, "excluded_lines": 0, "percent_statements_covered": 0.0, "percent_statements_covered_display": "0"}, "missing_lines": [150, 151, 152, 153, 154, 155, 156, 157, 158], "excluded_lines": [], "start_line": 145}, "get_settings": {"executed_lines": [170], "summary": {"covered_lines": 1, "num_statements": 1, "percent_covered": 100.0, "percent_covered_display": "100", "missing_lines": 0, "excluded_lines": 0, "percent_statements_covered": 100.0, "percent_statements_covered_display": "100"}, "missing_lines": [], "excluded_lines": [], "start_line": 165}, "update_settings": {"executed_lines": [], "summary": {"covered_lines": 0, "num_statements": 1, "percent_covered": 0.0, "percent_covered_display": "0", "missing_lines": 1, "excluded_lines": 0, "percent_statements_covered": 0.0, "percent_statements_covered_display": "0"}, "missing_lines": [179], "excluded_lines": [], "start_line": 173}, "": {"executed_lines": [7, 8, 10, 13, 16, 17, 18, 21, 28, 31, 32, 33, 34, 37, 40, 41, 46, 49, 50, 55, 58, 59, 62, 71, 72, 73, 76, 77, 82, 85, 90, 96, 99, 100, 103, 104, 105, 108, 109, 112, 118, 119, 120, 123, 125, 127, 128, 132, 133, 137, 145, 162, 165, 173], "summary": {"covered_lines": 54, "num_statements": 54, "percent_covered": 100.0, "percent_covered_display": "100", "missing_lines": 0, "excluded_lines": 0, "percent_statements_covered": 100.0, "percent_statements_covered_display": "100"}, "missing_lines": [], "excluded_lines": [], "start_line": 1}}, "classes": {"DeviceType": {"executed_lines": [], "summary": {"covered_lines": 0, "num_statements": 0, "percent_covered": 100.0, "percent_covered_display": "100", "missing_lines": 0, "excluded_lines": 0, "percent_statements_covered": 100.0, "percent_statements_covered_display": "100"}, "missing_lines": [], "excluded_lines": [], "start_line": 13}, "ModelConfig": {"executed_lines": [], "summary": {"covered_lines": 0, "num_statements": 0, "percent_covered": 100.0, "percent_covered_display": "100", "missing_lines": 0, "excluded_lines": 0, "percent_statements_covered": 100.0, "percent_statements_covered_display": "100"}, "missing_lines": [], "excluded_lines": [], "start_line": 21}, "DataConfig": {"executed_lines": [], "summary": {"covered_lines": 0, "num_statements": 0, "percent_covered": 100.0, "percent_covered_display": "100", "missing_lines": 0, "excluded_lines": 0, "percent_statements_covered": 100.0, "percent_statements_covered_display": "100"}, "missing_lines": [], "excluded_lines": [], "start_line": 62}, "SystemConfig": {"executed_lines": [], "summary": {"covered_lines": 0, "num_statements": 0, "percent_covered": 100.0, "percent_covered_display": "100", "missing_lines": 0, "excluded_lines": 0, "percent_statements_covered": 100.0, "percent_statements_covered_display": "100"}, "missing_lines": [], "excluded_lines": [], "start_line": 90}, "Settings": {"executed_lines": [130], "summary": {"covered_lines": 1, "num_statements": 12, "percent_covered": 8.333333333333334, "percent_covered_display": "8", "missing_lines": 11, "excluded_lines": 0, "percent_statements_covered": 8.333333333333334, "percent_statements_covered_display": "8"}, "missing_lines": [135, 139, 150, 151, 152, 153, 154, 155, 156, 157, 158], "excluded_lines": [], "start_line": 112}, "": {"executed_lines": [7, 8, 10, 13, 16, 17, 18, 21, 28, 31, 32, 33, 34, 37, 40, 41, 46, 49, 50, 55, 58, 59, 62, 71, 72, 73, 76, 77, 82, 85, 90, 96, 99, 100, 103, 104, 105, 108, 109, 112, 118, 119, 120, 123, 125, 127, 128, 132, 133, 137, 145, 162, 165, 170, 173], "summary": {"covered_lines": 55, "num_statements": 56, "percent_covered": 98.21428571428571, "percent_covered_display": "98", "missing_lines": 1, "excluded_lines": 0, "percent_statements_covered": 98.21428571428571, "percent_statements_covered_display": "98"}, "missing_lines": [179], "excluded_lines": [], "start_line": 1}}}, "src/data/__init__.py": {"executed_lines": [5, 6, 7, 8, 19], "summary": {"covered_lines": 5, "num_statements": 5, "percent_covered": 100.0, "percent_covered_display": "100", "missing_lines": 0, "excluded_lines": 0, "percent_statements_covered": 100.0, "percent_statements_covered_display": "100"}, "missing_lines": [], "excluded_lines": [], "functions": {"": {"executed_lines": [5, 6, 7, 8, 19], "summary": {"covered_lines": 5, "num_statements": 5, "percent_covered": 100.0, "percent_covered_display": "100", "missing_lines": 0, "excluded_lines": 0, "percent_statements_covered": 100.0, "percent_statements_covered_display": "100"}, "missing_lines": [], "excluded_lines": [], "start_line": 1}}, "classes": {"": {"executed_lines": [5, 6, 7, 8, 19], "summary": {"covered_lines": 5, "num_statements": 5, "percent_covered": 100.0, "percent_covered_display": "100", "missing_lines": 0, "excluded_lines": 0, "percent_statements_covered": 100.0, "percent_statements_covered_display": "100"}, "missing_lines": [], "excluded_lines": [], "start_line": 1}}}, "src/data/anonymizer.py": {"executed_lines": [], "summary": {"covered_lines": 0, "num_statements": 19, "percent_covered": 0.0, "percent_covered_display": "0", "missing_lines": 19, "excluded_lines": 0, "percent_statements_covered": 0.0, "percent_statements_covered_display": "0"}, "missing_lines": [6, 7, 10, 11, 12, 15, 16, 19, 20, 21, 22, 23, 26, 27, 30, 31, 32, 33, 34], "excluded_lines": [], "functions": {"anonymize_email": {"executed_lines": [], "summary": {"covered_lines": 0, "num_statements": 2, "percent_covered": 0.0, "percent_covered_display": "0", "missing_lines": 2, "excluded_lines": 0, "percent_statements_covered": 0.0, "percent_statements_covered_display": "0"}, "missing_lines": [11, 12], "excluded_lines": [], "start_line": 10}, "anonymize_phone": {"executed_lines": [], "summary": {"covered_lines": 0, "num_statements": 1, "percent_covered": 0.0, "percent_covered_display": "0", "missing_lines": 1, "excluded_lines": 0, "percent_statements_covered": 0.0, "percent_statements_covered_display": "0"}, "missing_lines": [16], "excluded_lines": [], "start_line": 15}, "anonymize_name": {"executed_lines": [], "summary": {"covered_lines": 0, "num_statements": 4, "percent_covered": 0.0, "percent_covered_display": "0", "missing_lines": 4, "excluded_lines": 0, "percent_statements_covered": 0.0, "percent_statements_covered_display": "0"}, "missing_lines": [20, 21, 22, 23], "excluded_lines": [], "start_line": 19}, "pseudonymize": {"executed_lines": [], "summary": {"covered_lines": 0, "num_statements": 1, "percent_covered": 0.0, "percent_covered_display": "0", "missing_lines": 1, "excluded_lines": 0, "percent_statements_covered": 0.0, "percent_statements_covered_display": "0"}, "missing_lines": [27], "excluded_lines": [], "start_line": 26}, "anonymize_resume": {"executed_lines": [], "summary": {"covered_lines": 0, "num_statements": 4, "percent_covered": 0.0, "percent_covered_display": "0", "missing_lines": 4, "excluded_lines": 0, "percent_statements_covered": 0.0, "percent_statements_covered_display": "0"}, "missing_lines": [31, 32, 33, 34], "excluded_lines": [], "start_line": 30}, "": {"executed_lines": [], "summary": {"covered_lines": 0, "num_statements": 7, "percent_covered": 0.0, "percent_covered_display": "0", "missing_lines": 7, "excluded_lines": 0, "percent_statements_covered": 0.0, "percent_statements_covered_display": "0"}, "missing_lines": [6, 7, 10, 15, 19, 26, 30], "excluded_lines": [], "start_line": 1}}, "classes": {"": {"executed_lines": [], "summary": {"covered_lines": 0, "num_statements": 19, "percent_covered": 0.0, "percent_covered_display": "0", "missing_lines": 19, "excluded_lines": 0, "percent_statements_covered": 0.0, "percent_statements_covered_display": "0"}, "missing_lines": [6, 7, 10, 11, 12, 15, 16, 19, 20, 21, 22, 23, 26, 27, 30, 31, 32, 33, 34], "excluded_lines": [], "start_line": 1}}}, "src/data/generator.py": {"executed_lines": [5, 6, 7, 9, 21, 135, 143, 167, 181, 195, 204, 211, 230, 232, 234, 235, 236, 237, 238, 241, 242, 245, 246, 256, 257, 268, 270, 273, 275, 276, 278, 279, 280, 281, 282, 285, 286, 287, 290, 293, 295, 306, 309, 311, 312, 314, 315, 316, 317, 320, 321, 322, 327, 328, 332, 336, 339, 342, 346, 347, 350, 351, 353, 365, 368, 375, 376, 377, 379, 381, 382, 383, 384, 385, 391, 392, 394, 400, 403, 410, 411, 412, 413, 414, 415, 416, 417, 418, 424, 427, 428, 429, 430, 435, 444, 447, 454, 455, 457, 459, 460, 461, 462, 465, 469], "summary": {"covered_lines": 105, "num_statements": 106, "percent_covered": 99.05660377358491, "percent_covered_display": "99", "missing_lines": 1, "excluded_lines": 0, "percent_statements_covered": 99.05660377358491, "percent_statements_covered_display": "99"}, "missing_lines": [233], "excluded_lines": [], "functions": {"compatibility_score": {"executed_lines": [232, 234, 235, 236, 237, 238, 241, 242, 245, 246], "summary": {"covered_lines": 10, "num_statements": 11, "percent_covered": 90.9090909090909, "percent_covered_display": "91", "missing_lines": 1, "excluded_lines": 0, "percent_statements_covered": 90.9090909090909, "percent_statements_covered_display": "91"}, "missing_lines": [233], "excluded_lines": [], "start_line": 230}, "generate_skill_relations": {"executed_lines": [257], "summary": {"covered_lines": 1, "num_statements": 1, "percent_covered": 100.0, "percent_covered_display": "100", "missing_lines": 0, "excluded_lines": 0, "percent_statements_covered": 100.0, "percent_statements_covered_display": "100"}, "missing_lines": [], "excluded_lines": [], "start_line": 256}, "generate_skills": {"executed_lines": [270], "summary": {"covered_lines": 1, "num_statements": 1, "percent_covered": 100.0, "percent_covered_display": "100", "missing_lines": 0, "excluded_lines": 0, "percent_statements_covered": 100.0, "percent_statements_covered_display": "100"}, "missing_lines": [], "excluded_lines": [], "start_line": 268}, "generate_users": {"executed_lines": [275, 276, 278, 279, 280, 281, 282, 285, 286, 287, 290, 293, 295, 306], "summary": {"covered_lines": 14, "num_statements": 14, "percent_covered": 100.0, "percent_covered_display": "100", "missing_lines": 0, "excluded_lines": 0, "percent_statements_covered": 100.0, "percent_statements_covered_display": "100"}, "missing_lines": [], "excluded_lines": [], "start_line": 273}, "generate_jobs": {"executed_lines": [311, 312, 314, 315, 316, 317, 320, 321, 322, 327, 328, 332, 336, 339, 342, 346, 347, 350, 351, 353, 365], "summary": {"covered_lines": 21, "num_statements": 21, "percent_covered": 100.0, "percent_covered_display": "100", "missing_lines": 0, "excluded_lines": 0, "percent_statements_covered": 100.0, "percent_statements_covered_display": "100"}, "missing_lines": [], "excluded_lines": [], "start_line": 309}, "generate_applications": {"executed_lines": [375, 376, 377, 379, 381, 382, 383, 384, 385, 391, 392, 394, 400], "summary": {"covered_lines": 13, "num_statements": 13, "percent_covered": 100.0, "percent_covered_display": "100", "missing_lines": 0, "excluded_lines": 0, "percent_statements_covered": 100.0, "percent_statements_covered_display": "100"}, "missing_lines": [], "excluded_lines": [], "start_line": 368}, "generate_interactions": {"executed_lines": [410, 411, 412, 413, 414, 415, 416, 417, 418, 424, 427, 428, 429, 430, 435, 444], "summary": {"covered_lines": 16, "num_statements": 16, "percent_covered": 100.0, "percent_covered_display": "100", "missing_lines": 0, "excluded_lines": 0, "percent_statements_covered": 100.0, "percent_statements_covered_display": "100"}, "missing_lines": [], "excluded_lines": [], "start_line": 403}, "generate_mock_data": {"executed_lines": [454, 455, 457, 459, 460, 461, 462, 465, 469], "summary": {"covered_lines": 9, "num_statements": 9, "percent_covered": 100.0, "percent_covered_display": "100", "missing_lines": 0, "excluded_lines": 0, "percent_statements_covered": 100.0, "percent_statements_covered_display": "100"}, "missing_lines": [], "excluded_lines": [], "start_line": 447}, "": {"executed_lines": [5, 6, 7, 9, 21, 135, 143, 167, 181, 195, 204, 211, 230, 256, 268, 273, 309, 368, 403, 447], "summary": {"covered_lines": 20, "num_statements": 20, "percent_covered": 100.0, "percent_covered_display": "100", "missing_lines": 0, "excluded_lines": 0, "percent_statements_covered": 100.0, "percent_statements_covered_display": "100"}, "missing_lines": [], "excluded_lines": [], "start_line": 1}}, "classes": {"": {"executed_lines": [5, 6, 7, 9, 21, 135, 143, 167, 181, 195, 204, 211, 230, 232, 234, 235, 236, 237, 238, 241, 242, 245, 246, 256, 257, 268, 270, 273, 275, 276, 278, 279, 280, 281, 282, 285, 286, 287, 290, 293, 295, 306, 309, 311, 312, 314, 315, 316, 317, 320, 321, 322, 327, 328, 332, 336, 339, 342, 346, 347, 350, 351, 353, 365, 368, 375, 376, 377, 379, 381, 382, 383, 384, 385, 391, 392, 394, 400, 403, 410, 411, 412, 413, 414, 415, 416, 417, 418, 424, 427, 428, 429, 430, 435, 444, 447, 454, 455, 457, 459, 460, 461, 462, 465, 469], "summary": {"covered_lines": 105, "num_statements": 106, "percent_covered": 99.05660377358491, "percent_covered_display": "99", "missing_lines": 1, "excluded_lines": 0, "percent_statements_covered": 99.05660377358491, "percent_statements_covered_display": "99"}, "missing_lines": [233], "excluded_lines": [], "start_line": 1}}}, "src/data/graph_store.py": {"executed_lines": [3, 5, 6, 8, 9, 12, 17, 18, 21, 23, 24, 26, 29, 30, 33, 40, 49, 52, 57], "summary": {"covered_lines": 19, "num_statements": 34, "percent_covered": 55.88235294117647, "percent_covered_display": "56", "missing_lines": 15, "excluded_lines": 4, "percent_statements_covered": 55.88235294117647, "percent_statements_covered_display": "56"}, "missing_lines": [27, 43, 44, 46, 47, 50, 53, 54, 55, 58, 68, 82, 83, 87, 91], "excluded_lines": [13, 14, 15, 16], "functions": {"SkillGraphStore.competency_evidence": {"executed_lines": [], "summary": {"covered_lines": 0, "num_statements": 0, "percent_covered": 100.0, "percent_covered_display": "100", "missing_lines": 0, "excluded_lines": 1, "percent_statements_covered": 100.0, "percent_statements_covered_display": "100"}, "missing_lines": [], "excluded_lines": [13], "start_line": 13}, "SkillGraphStore.healthcheck": {"executed_lines": [], "summary": {"covered_lines": 0, "num_statements": 0, "percent_covered": 100.0, "percent_covered_display": "100", "missing_lines": 0, "excluded_lines": 1, "percent_statements_covered": 100.0, "percent_statements_covered_display": "100"}, "missing_lines": [], "excluded_lines": [14], "start_line": 14}, "InMemorySkillGraph.__post_init__": {"executed_lines": [24], "summary": {"covered_lines": 1, "num_statements": 1, "percent_covered": 100.0, "percent_covered_display": "100", "missing_lines": 0, "excluded_lines": 0, "percent_statements_covered": 100.0, "percent_statements_covered_display": "100"}, "missing_lines": [], "excluded_lines": [], "start_line": 23}, "InMemorySkillGraph.competency_evidence": {"executed_lines": [], "summary": {"covered_lines": 0, "num_statements": 1, "percent_covered": 0.0, "percent_covered_display": "0", "missing_lines": 1, "excluded_lines": 0, "percent_statements_covered": 0.0, "percent_statements_covered_display": "0"}, "missing_lines": [27], "excluded_lines": [], "start_line": 26}, "InMemorySkillGraph.healthcheck": {"executed_lines": [30], "summary": {"covered_lines": 1, "num_statements": 1, "percent_covered": 100.0, "percent_covered_display": "100", "missing_lines": 0, "excluded_lines": 0, "percent_statements_covered": 100.0, "percent_statements_covered_display": "100"}, "missing_lines": [], "excluded_lines": [], "start_line": 29}, "Neo4jSkillGraph.__init__": {"executed_lines": [], "summary": {"covered_lines": 0, "num_statements": 4, "percent_covered": 0.0, "percent_covered_display": "0", "missing_lines": 4, "excluded_lines": 0, "percent_statements_covered": 0.0, "percent_statements_covered_display": "0"}, "missing_lines": [43, 44, 46, 47], "excluded_lines": [], "start_line": 40}, "Neo4jSkillGraph.close": {"executed_lines": [], "summary": {"covered_lines": 0, "num_statements": 1, "percent_covered": 0.0, "percent_covered_display": "0", "missing_lines": 1, "excluded_lines": 0, "percent_statements_covered": 0.0, "percent_statements_covered_display": "0"}, "missing_lines": [50], "excluded_lines": [], "start_line": 49}, "Neo4jSkillGraph.healthcheck": {"executed_lines": [], "summary": {"covered_lines": 0, "num_statements": 3, "percent_covered": 0.0, "percent_covered_display": "0", "missing_lines": 3, "excluded_lines": 0, "percent_statements_covered": 0.0, "percent_statements_covered_display": "0"}, "missing_lines": [53, 54, 55], "excluded_lines": [], "start_line": 52}, "Neo4jSkillGraph.competency_evidence": {"executed_lines": [], "summary": {"covered_lines": 0, "num_statements": 6, "percent_covered": 0.0, "percent_covered_display": "0", "missing_lines": 6, "excluded_lines": 0, "percent_statements_covered": 0.0, "percent_statements_covered_display": "0"}, "missing_lines": [58, 68, 82, 83, 87, 91], "excluded_lines": [], "start_line": 57}, "": {"executed_lines": [3, 5, 6, 8, 9, 12, 17, 18, 21, 23, 26, 29, 33, 40, 49, 52, 57], "summary": {"covered_lines": 17, "num_statements": 17, "percent_covered": 100.0, "percent_covered_display": "100", "missing_lines": 0, "excluded_lines": 2, "percent_statements_covered": 100.0, "percent_statements_covered_display": "100"}, "missing_lines": [], "excluded_lines": [15, 16], "start_line": 1}}, "classes": {"SkillGraphStore": {"executed_lines": [], "summary": {"covered_lines": 0, "num_statements": 0, "percent_covered": 100.0, "percent_covered_display": "100", "missing_lines": 0, "excluded_lines": 2, "percent_statements_covered": 100.0, "percent_statements_covered_display": "100"}, "missing_lines": [], "excluded_lines": [13, 14], "start_line": 12}, "InMemorySkillGraph": {"executed_lines": [24, 30], "summary": {"covered_lines": 2, "num_statements": 3, "percent_covered": 66.66666666666667, "percent_covered_display": "67", "missing_lines": 1, "excluded_lines": 0, "percent_statements_covered": 66.66666666666667, "percent_statements_covered_display": "67"}, "missing_lines": [27], "excluded_lines": [], "start_line": 18}, "Neo4jSkillGraph": {"executed_lines": [], "summary": {"covered_lines": 0, "num_statements": 14, "percent_covered": 0.0, "percent_covered_display": "0", "missing_lines": 14, "excluded_lines": 0, "percent_statements_covered": 0.0, "percent_statements_covered_display": "0"}, "missing_lines": [43, 44, 46, 47, 50, 53, 54, 55, 58, 68, 82, 83, 87, 91], "excluded_lines": [], "start_line": 33}, "": {"executed_lines": [3, 5, 6, 8, 9, 12, 17, 18, 21, 23, 26, 29, 33, 40, 49, 52, 57], "summary": {"covered_lines": 17, "num_statements": 17, "percent_covered": 100.0, "percent_covered_display": "100", "missing_lines": 0, "excluded_lines": 2, "percent_statements_covered": 100.0, "percent_statements_covered_display": "100"}, "missing_lines": [], "excluded_lines": [15, 16], "start_line": 1}}}, "src/data/loader.py": {"executed_lines": [5, 6, 8, 9, 11, 14, 17, 24, 25, 26, 27, 30, 31, 32, 33, 35, 37, 40, 41, 43, 44, 45, 48, 53, 60, 61, 62, 65, 68, 69, 70, 72, 73, 77, 78, 81, 85, 87, 90, 92, 99, 102, 103, 104, 105, 106, 107, 108, 111, 113, 114, 118, 121, 126, 127, 128, 129, 132, 133, 134, 135, 138, 140, 144, 147, 148, 151, 154, 157, 160, 161, 162, 163, 165, 167, 169, 173, 177, 180, 183, 184, 187, 192, 193, 194, 197, 200, 203, 204, 205, 207, 208, 213, 217, 219, 220, 221, 223, 252, 316, 320, 321, 322, 323, 324, 325, 326, 327, 328, 329, 330, 331, 332, 333, 334, 335, 336, 338, 339, 340, 344, 345, 346, 348, 350, 351, 352, 353, 355, 356, 358], "summary": {"covered_lines": 131, "num_statements": 193, "percent_covered": 67.87564766839378, "percent_covered_display": "68", "missing_lines": 62, "excluded_lines": 0, "percent_statements_covered": 67.87564766839378, "percent_statements_covered_display": "68"}, "missing_lines": [100, 171, 215, 228, 229, 231, 234, 235, 236, 238, 241, 247, 248, 250, 262, 263, 264, 266, 269, 270, 271, 272, 273, 274, 277, 279, 280, 282, 283, 284, 285, 286, 287, 288, 289, 290, 291, 292, 293, 294, 295, 296, 297, 299, 300, 303, 306, 307, 308, 309, 310, 311, 312, 314, 337, 354, 362, 363, 366, 367, 369, 373], "excluded_lines": [], "functions": {"DataLoader.__init__": {"executed_lines": [24, 25, 26, 27, 30, 31, 32, 33, 35], "summary": {"covered_lines": 9, "num_statements": 9, "percent_covered": 100.0, "percent_covered_display": "100", "missing_lines": 0, "excluded_lines": 0, "percent_statements_covered": 100.0, "percent_statements_covered_display": "100"}, "missing_lines": [], "excluded_lines": [], "start_line": 17}, "DataLoader._process_data": {"executed_lines": [40, 41, 43, 44, 45, 48, 53, 60, 61, 62, 65, 68, 69, 70, 72, 73, 77, 78, 81, 85, 87, 90], "summary": {"covered_lines": 22, "num_statements": 22, "percent_covered": 100.0, "percent_covered_display": "100", "missing_lines": 0, "excluded_lines": 0, "percent_statements_covered": 100.0, "percent_statements_covered_display": "100"}, "missing_lines": [], "excluded_lines": [], "start_line": 37}, "DataLoader._create_train_test_split": {"executed_lines": [99, 102, 103, 104, 105, 106, 107, 108, 111, 113, 114, 118, 121, 126, 127, 128, 129, 132, 133, 134, 135, 138], "summary": {"covered_lines": 22, "num_statements": 23, "percent_covered": 95.65217391304348, "percent_covered_display": "96", "missing_lines": 1, "excluded_lines": 0, "percent_statements_covered": 95.65217391304348, "percent_statements_covered_display": "96"}, "missing_lines": [100], "excluded_lines": [], "start_line": 92}, "DataLoader.get_sparse_graph": {"executed_lines": [144, 147, 148, 151, 154, 157, 160, 161, 162, 163, 165, 167], "summary": {"covered_lines": 12, "num_statements": 12, "percent_covered": 100.0, "percent_covered_display": "100", "missing_lines": 0, "excluded_lines": 0, "percent_statements_covered": 100.0, "percent_statements_covered_display": "100"}, "missing_lines": [], "excluded_lines": [], "start_line": 140}, "DataLoader.get_user_job_mappings": {"executed_lines": [], "summary": {"covered_lines": 0, "num_statements": 1, "percent_covered": 0.0, "percent_covered_display": "0", "missing_lines": 1, "excluded_lines": 0, "percent_statements_covered": 0.0, "percent_statements_covered_display": "0"}, "missing_lines": [171], "excluded_lines": [], "start_line": 169}, "DataLoader.get_train_test_data": {"executed_lines": [177], "summary": {"covered_lines": 1, "num_statements": 1, "percent_covered": 100.0, "percent_covered_display": "100", "missing_lines": 0, "excluded_lines": 0, "percent_statements_covered": 100.0, "percent_statements_covered_display": "100"}, "missing_lines": [], "excluded_lines": [], "start_line": 173}, "GraphLoader.__init__": {"executed_lines": [184, 187, 192, 193, 194, 197, 200, 203, 204, 205, 207, 208], "summary": {"covered_lines": 12, "num_statements": 12, "percent_covered": 100.0, "percent_covered_display": "100", "missing_lines": 0, "excluded_lines": 0, "percent_statements_covered": 100.0, "percent_statements_covered_display": "100"}, "missing_lines": [], "excluded_lines": [], "start_line": 183}, "GraphLoader.get_user_skills": {"executed_lines": [], "summary": {"covered_lines": 0, "num_statements": 1, "percent_covered": 0.0, "percent_covered_display": "0", "missing_lines": 1, "excluded_lines": 0, "percent_statements_covered": 0.0, "percent_statements_covered_display": "0"}, "missing_lines": [215], "excluded_lines": [], "start_line": 213}, "GraphLoader.get_job_skills": {"executed_lines": [219, 220, 221], "summary": {"covered_lines": 3, "num_statements": 3, "percent_covered": 100.0, "percent_covered_display": "100", "missing_lines": 0, "excluded_lines": 0, "percent_statements_covered": 100.0, "percent_statements_covered_display": "100"}, "missing_lines": [], "excluded_lines": [], "start_line": 217}, "GraphLoader.get_skill_gap": {"executed_lines": [], "summary": {"covered_lines": 0, "num_statements": 11, "percent_covered": 0.0, "percent_covered_display": "0", "missing_lines": 11, "excluded_lines": 0, "percent_statements_covered": 0.0, "percent_statements_covered_display": "0"}, "missing_lines": [228, 229, 231, 234, 235, 236, 238, 241, 247, 248, 250], "excluded_lines": [], "start_line": 223}, "GraphLoader.find_shortest_paths": {"executed_lines": [], "summary": {"covered_lines": 0, "num_statements": 40, "percent_covered": 0.0, "percent_covered_display": "0", "missing_lines": 40, "excluded_lines": 0, "percent_statements_covered": 0.0, "percent_statements_covered_display": "0"}, "missing_lines": [262, 263, 264, 266, 269, 270, 271, 272, 273, 274, 277, 279, 280, 282, 283, 284, 285, 286, 287, 288, 289, 290, 291, 292, 293, 294, 295, 296, 297, 299, 300, 303, 306, 307, 308, 309, 310, 311, 312, 314], "excluded_lines": [], "start_line": 252}, "GraphLoader.find_paths_for_skills": {"executed_lines": [320, 321, 322, 323, 324, 325, 326, 327, 328, 329, 330, 331, 332, 333, 334, 335, 336, 338, 339, 340, 344, 345, 346], "summary": {"covered_lines": 23, "num_statements": 24, "percent_covered": 95.83333333333333, "percent_covered_display": "96", "missing_lines": 1, "excluded_lines": 0, "percent_statements_covered": 95.83333333333333, "percent_statements_covered_display": "96"}, "missing_lines": [337], "excluded_lines": [], "start_line": 316}, "GraphLoader.get_path_evidence": {"executed_lines": [350, 351, 352, 353, 355, 356], "summary": {"covered_lines": 6, "num_statements": 7, "percent_covered": 85.71428571428571, "percent_covered_display": "86", "missing_lines": 1, "excluded_lines": 0, "percent_statements_covered": 85.71428571428571, "percent_statements_covered_display": "86"}, "missing_lines": [354], "excluded_lines": [], "start_line": 348}, "GraphLoader.get_recommended_learning_path": {"executed_lines": [], "summary": {"covered_lines": 0, "num_statements": 6, "percent_covered": 0.0, "percent_covered_display": "0", "missing_lines": 6, "excluded_lines": 0, "percent_statements_covered": 0.0, "percent_statements_covered_display": "0"}, "missing_lines": [362, 363, 366, 367, 369, 373], "excluded_lines": [], "start_line": 358}, "": {"executed_lines": [5, 6, 8, 9, 11, 14, 17, 37, 92, 140, 169, 173, 180, 183, 213, 217, 223, 252, 316, 348, 358], "summary": {"covered_lines": 21, "num_statements": 21, "percent_covered": 100.0, "percent_covered_display": "100", "missing_lines": 0, "excluded_lines": 0, "percent_statements_covered": 100.0, "percent_statements_covered_display": "100"}, "missing_lines": [], "excluded_lines": [], "start_line": 1}}, "classes": {"DataLoader": {"executed_lines": [24, 25, 26, 27, 30, 31, 32, 33, 35, 40, 41, 43, 44, 45, 48, 53, 60, 61, 62, 65, 68, 69, 70, 72, 73, 77, 78, 81, 85, 87, 90, 99, 102, 103, 104, 105, 106, 107, 108, 111, 113, 114, 118, 121, 126, 127, 128, 129, 132, 133, 134, 135, 138, 144, 147, 148, 151, 154, 157, 160, 161, 162, 163, 165, 167, 177], "summary": {"covered_lines": 66, "num_statements": 68, "percent_covered": 97.05882352941177, "percent_covered_display": "97", "missing_lines": 2, "excluded_lines": 0, "percent_statements_covered": 97.05882352941177, "percent_statements_covered_display": "97"}, "missing_lines": [100, 171], "excluded_lines": [], "start_line": 14}, "GraphLoader": {"executed_lines": [184, 187, 192, 193, 194, 197, 200, 203, 204, 205, 207, 208, 219, 220, 221, 320, 321, 322, 323, 324, 325, 326, 327, 328, 329, 330, 331, 332, 333, 334, 335, 336, 338, 339, 340, 344, 345, 346, 350, 351, 352, 353, 355, 356], "summary": {"covered_lines": 44, "num_statements": 104, "percent_covered": 42.30769230769231, "percent_covered_display": "42", "missing_lines": 60, "excluded_lines": 0, "percent_statements_covered": 42.30769230769231, "percent_statements_covered_display": "42"}, "missing_lines": [215, 228, 229, 231, 234, 235, 236, 238, 241, 247, 248, 250, 262, 263, 264, 266, 269, 270, 271, 272, 273, 274, 277, 279, 280, 282, 283, 284, 285, 286, 287, 288, 289, 290, 291, 292, 293, 294, 295, 296, 297, 299, 300, 303, 306, 307, 308, 309, 310, 311, 312, 314, 337, 354, 362, 363, 366, 367, 369, 373], "excluded_lines": [], "start_line": 180}, "": {"executed_lines": [5, 6, 8, 9, 11, 14, 17, 37, 92, 140, 169, 173, 180, 183, 213, 217, 223, 252, 316, 348, 358], "summary": {"covered_lines": 21, "num_statements": 21, "percent_covered": 100.0, "percent_covered_display": "100", "missing_lines": 0, "excluded_lines": 0, "percent_statements_covered": 100.0, "percent_statements_covered_display": "100"}, "missing_lines": [], "excluded_lines": [], "start_line": 1}}}, "src/data/models.py": {"executed_lines": [5, 6, 8, 11, 14, 15, 16, 17, 20, 23, 24, 25, 26, 29, 32, 33, 34, 35, 36, 37, 40, 43, 44, 45, 46, 47, 50, 51, 54, 57, 58, 59, 60, 63, 66, 67, 68, 69, 72, 75, 76, 77, 78, 79, 82, 85, 86, 87, 88, 89, 90], "summary": {"covered_lines": 51, "num_statements": 51, "percent_covered": 100.0, "percent_covered_display": "100", "missing_lines": 0, "excluded_lines": 0, "percent_statements_covered": 100.0, "percent_statements_covered_display": "100"}, "missing_lines": [], "excluded_lines": [], "functions": {"": {"executed_lines": [5, 6, 8, 11, 14, 15, 16, 17, 20, 23, 24, 25, 26, 29, 32, 33, 34, 35, 36, 37, 40, 43, 44, 45, 46, 47, 50, 51, 54, 57, 58, 59, 60, 63, 66, 67, 68, 69, 72, 75, 76, 77, 78, 79, 82, 85, 86, 87, 88, 89, 90], "summary": {"covered_lines": 51, "num_statements": 51, "percent_covered": 100.0, "percent_covered_display": "100", "missing_lines": 0, "excluded_lines": 0, "percent_statements_covered": 100.0, "percent_statements_covered_display": "100"}, "missing_lines": [], "excluded_lines": [], "start_line": 1}}, "classes": {"SkillLevel": {"executed_lines": [], "summary": {"covered_lines": 0, "num_statements": 0, "percent_covered": 100.0, "percent_covered_display": "100", "missing_lines": 0, "excluded_lines": 0, "percent_statements_covered": 100.0, "percent_statements_covered_display": "100"}, "missing_lines": [], "excluded_lines": [], "start_line": 11}, "Skill": {"executed_lines": [], "summary": {"covered_lines": 0, "num_statements": 0, "percent_covered": 100.0, "percent_covered_display": "100", "missing_lines": 0, "excluded_lines": 0, "percent_statements_covered": 100.0, "percent_statements_covered_display": "100"}, "missing_lines": [], "excluded_lines": [], "start_line": 20}, "User": {"executed_lines": [], "summary": {"covered_lines": 0, "num_statements": 0, "percent_covered": 100.0, "percent_covered_display": "100", "missing_lines": 0, "excluded_lines": 0, "percent_statements_covered": 100.0, "percent_statements_covered_display": "100"}, "missing_lines": [], "excluded_lines": [], "start_line": 29}, "JobPosting": {"executed_lines": [], "summary": {"covered_lines": 0, "num_statements": 0, "percent_covered": 100.0, "percent_covered_display": "100", "missing_lines": 0, "excluded_lines": 0, "percent_statements_covered": 100.0, "percent_statements_covered_display": "100"}, "missing_lines": [], "excluded_lines": [], "start_line": 40}, "Application": {"executed_lines": [], "summary": {"covered_lines": 0, "num_statements": 0, "percent_covered": 100.0, "percent_covered_display": "100", "missing_lines": 0, "excluded_lines": 0, "percent_statements_covered": 100.0, "percent_statements_covered_display": "100"}, "missing_lines": [], "excluded_lines": [], "start_line": 54}, "Interaction": {"executed_lines": [], "summary": {"covered_lines": 0, "num_statements": 0, "percent_covered": 100.0, "percent_covered_display": "100", "missing_lines": 0, "excluded_lines": 0, "percent_statements_covered": 100.0, "percent_statements_covered_display": "100"}, "missing_lines": [], "excluded_lines": [], "start_line": 63}, "SkillRelation": {"executed_lines": [], "summary": {"covered_lines": 0, "num_statements": 0, "percent_covered": 100.0, "percent_covered_display": "100", "missing_lines": 0, "excluded_lines": 0, "percent_statements_covered": 100.0, "percent_statements_covered_display": "100"}, "missing_lines": [], "excluded_lines": [], "start_line": 72}, "GraphEntities": {"executed_lines": [], "summary": {"covered_lines": 0, "num_statements": 0, "percent_covered": 100.0, "percent_covered_display": "100", "missing_lines": 0, "excluded_lines": 0, "percent_statements_covered": 100.0, "percent_statements_covered_display": "100"}, "missing_lines": [], "excluded_lines": [], "start_line": 82}, "": {"executed_lines": [5, 6, 8, 11, 14, 15, 16, 17, 20, 23, 24, 25, 26, 29, 32, 33, 34, 35, 36, 37, 40, 43, 44, 45, 46, 47, 50, 51, 54, 57, 58, 59, 60, 63, 66, 67, 68, 69, 72, 75, 76, 77, 78, 79, 82, 85, 86, 87, 88, 89, 90], "summary": {"covered_lines": 51, "num_statements": 51, "percent_covered": 100.0, "percent_covered_display": "100", "missing_lines": 0, "excluded_lines": 0, "percent_statements_covered": 100.0, "percent_statements_covered_display": "100"}, "missing_lines": [], "excluded_lines": [], "start_line": 1}}}, "src/experiments/__init__.py": {"executed_lines": [], "summary": {"covered_lines": 0, "num_statements": 2, "percent_covered": 0.0, "percent_covered_display": "0", "missing_lines": 2, "excluded_lines": 0, "percent_statements_covered": 0.0, "percent_statements_covered_display": "0"}, "missing_lines": [1, 3], "excluded_lines": [], "functions": {"": {"executed_lines": [], "summary": {"covered_lines": 0, "num_statements": 2, "percent_covered": 0.0, "percent_covered_display": "0", "missing_lines": 2, "excluded_lines": 0, "percent_statements_covered": 0.0, "percent_statements_covered_display": "0"}, "missing_lines": [1, 3], "excluded_lines": [], "start_line": 1}}, "classes": {"": {"executed_lines": [], "summary": {"covered_lines": 0, "num_statements": 2, "percent_covered": 0.0, "percent_covered_display": "0", "missing_lines": 2, "excluded_lines": 0, "percent_statements_covered": 0.0, "percent_statements_covered_display": "0"}, "missing_lines": [1, 3], "excluded_lines": [], "start_line": 1}}}, "src/experiments/runner.py": {"executed_lines": [], "summary": {"covered_lines": 0, "num_statements": 92, "percent_covered": 0.0, "percent_covered_display": "0", "missing_lines": 92, "excluded_lines": 0, "percent_statements_covered": 0.0, "percent_statements_covered_display": "0"}, "missing_lines": [3, 5, 6, 7, 8, 9, 10, 11, 13, 14, 16, 17, 18, 19, 20, 23, 24, 25, 28, 29, 30, 31, 32, 33, 34, 35, 42, 43, 57, 58, 59, 62, 63, 64, 65, 66, 67, 68, 69, 70, 71, 72, 73, 75, 76, 77, 78, 79, 81, 82, 83, 84, 85, 87, 88, 89, 90, 91, 92, 93, 94, 102, 110, 113, 127, 128, 129, 130, 131, 132, 133, 134, 136, 137, 138, 142, 145, 148, 153, 154, 155, 156, 157, 158, 159, 160, 161, 162, 168, 169, 170, 171], "excluded_lines": [], "functions": {"_normalize": {"executed_lines": [], "summary": {"covered_lines": 0, "num_statements": 2, "percent_covered": 0.0, "percent_covered_display": "0", "missing_lines": 2, "excluded_lines": 0, "percent_statements_covered": 0.0, "percent_statements_covered_display": "0"}, "missing_lines": [24, 25], "excluded_lines": [], "start_line": 23}, "_metrics": {"executed_lines": [], "summary": {"covered_lines": 0, "num_statements": 7, "percent_covered": 0.0, "percent_covered_display": "0", "missing_lines": 7, "excluded_lines": 0, "percent_statements_covered": 0.0, "percent_statements_covered_display": "0"}, "missing_lines": [29, 30, 31, 32, 33, 34, 35], "excluded_lines": [], "start_line": 28}, "_gat_calculator": {"executed_lines": [], "summary": {"covered_lines": 0, "num_statements": 4, "percent_covered": 0.0, "percent_covered_display": "0", "missing_lines": 4, "excluded_lines": 0, "percent_statements_covered": 0.0, "percent_statements_covered_display": "0"}, "missing_lines": [43, 57, 58, 59], "excluded_lines": [], "start_line": 42}, "_single_seed": {"executed_lines": [], "summary": {"covered_lines": 0, "num_statements": 45, "percent_covered": 0.0, "percent_covered_display": "0", "missing_lines": 45, "excluded_lines": 0, "percent_statements_covered": 0.0, "percent_statements_covered_display": "0"}, "missing_lines": [63, 64, 65, 66, 67, 68, 69, 70, 71, 72, 73, 75, 76, 77, 78, 79, 81, 82, 83, 84, 85, 87, 88, 89, 90, 91, 92, 93, 94, 102, 110, 113, 127, 128, 129, 130, 131, 132, 133, 134, 136, 137, 138, 142, 145], "excluded_lines": [], "start_line": 62}, "run_experiment_suite": {"executed_lines": [], "summary": {"covered_lines": 0, "num_statements": 14, "percent_covered": 0.0, "percent_covered_display": "0", "missing_lines": 14, "excluded_lines": 0, "percent_statements_covered": 0.0, "percent_statements_covered_display": "0"}, "missing_lines": [153, 154, 155, 156, 157, 158, 159, 160, 161, 162, 168, 169, 170, 171], "excluded_lines": [], "start_line": 148}, "": {"executed_lines": [], "summary": {"covered_lines": 0, "num_statements": 20, "percent_covered": 0.0, "percent_covered_display": "0", "missing_lines": 20, "excluded_lines": 0, "percent_statements_covered": 0.0, "percent_statements_covered_display": "0"}, "missing_lines": [3, 5, 6, 7, 8, 9, 10, 11, 13, 14, 16, 17, 18, 19, 20, 23, 28, 42, 62, 148], "excluded_lines": [], "start_line": 1}}, "classes": {"": {"executed_lines": [], "summary": {"covered_lines": 0, "num_statements": 92, "percent_covered": 0.0, "percent_covered_display": "0", "missing_lines": 92, "excluded_lines": 0, "percent_statements_covered": 0.0, "percent_statements_covered_display": "0"}, "missing_lines": [3, 5, 6, 7, 8, 9, 10, 11, 13, 14, 16, 17, 18, 19, 20, 23, 24, 25, 28, 29, 30, 31, 32, 33, 34, 35, 42, 43, 57, 58, 59, 62, 63, 64, 65, 66, 67, 68, 69, 70, 71, 72, 73, 75, 76, 77, 78, 79, 81, 82, 83, 84, 85, 87, 88, 89, 90, 91, 92, 93, 94, 102, 110, 113, 127, 128, 129, 130, 131, 132, 133, 134, 136, 137, 138, 142, 145, 148, 153, 154, 155, 156, 157, 158, 159, 160, 161, 162, 168, 169, 170, 171], "excluded_lines": [], "start_line": 1}}}, "src/generation/__init__.py": {"executed_lines": [5, 12, 13, 15], "summary": {"covered_lines": 4, "num_statements": 4, "percent_covered": 100.0, "percent_covered_display": "100", "missing_lines": 0, "excluded_lines": 0, "percent_statements_covered": 100.0, "percent_statements_covered_display": "100"}, "missing_lines": [], "excluded_lines": [], "functions": {"": {"executed_lines": [5, 12, 13, 15], "summary": {"covered_lines": 4, "num_statements": 4, "percent_covered": 100.0, "percent_covered_display": "100", "missing_lines": 0, "excluded_lines": 0, "percent_statements_covered": 100.0, "percent_statements_covered_display": "100"}, "missing_lines": [], "excluded_lines": [], "start_line": 1}}, "classes": {"": {"executed_lines": [5, 12, 13, 15], "summary": {"covered_lines": 4, "num_statements": 4, "percent_covered": 100.0, "percent_covered_display": "100", "missing_lines": 0, "excluded_lines": 0, "percent_statements_covered": 100.0, "percent_statements_covered_display": "100"}, "missing_lines": [], "excluded_lines": [], "start_line": 1}}}, "src/generation/adapters.py": {"executed_lines": [3, 5, 6, 7, 8, 10, 13, 14, 15, 16, 17, 18, 19, 22, 23, 24, 25, 26, 27, 30, 31, 32, 36, 39, 40, 41, 55, 64, 67, 79], "summary": {"covered_lines": 30, "num_statements": 45, "percent_covered": 66.66666666666667, "percent_covered_display": "67", "missing_lines": 15, "excluded_lines": 0, "percent_statements_covered": 66.66666666666667, "percent_statements_covered_display": "67"}, "missing_lines": [33, 34, 35, 74, 75, 76, 77, 82, 83, 86, 95, 104, 105, 106, 107], "excluded_lines": [], "functions": {"validate_advice": {"executed_lines": [31, 32, 36], "summary": {"covered_lines": 3, "num_statements": 6, "percent_covered": 50.0, "percent_covered_display": "50", "missing_lines": 3, "excluded_lines": 0, "percent_statements_covered": 50.0, "percent_statements_covered_display": "50"}, "missing_lines": [33, 34, 35], "excluded_lines": [], "start_line": 30}, "fallback_advice": {"executed_lines": [40, 41, 55], "summary": {"covered_lines": 3, "num_statements": 3, "percent_covered": 100.0, "percent_covered_display": "100", "missing_lines": 0, "excluded_lines": 0, "percent_statements_covered": 100.0, "percent_statements_covered_display": "100"}, "missing_lines": [], "excluded_lines": [], "start_line": 39}, "OpenAICompatibleLLM.__init__": {"executed_lines": [], "summary": {"covered_lines": 0, "num_statements": 4, "percent_covered": 0.0, "percent_covered_display": "0", "missing_lines": 4, "excluded_lines": 0, "percent_statements_covered": 0.0, "percent_statements_covered_display": "0"}, "missing_lines": [74, 75, 76, 77], "excluded_lines": [], "start_line": 67}, "OpenAICompatibleLLM.generate": {"executed_lines": [], "summary": {"covered_lines": 0, "num_statements": 8, "percent_covered": 0.0, "percent_covered_display": "0", "missing_lines": 8, "excluded_lines": 0, "percent_statements_covered": 0.0, "percent_statements_covered_display": "0"}, "missing_lines": [82, 83, 86, 95, 104, 105, 106, 107], "excluded_lines": [], "start_line": 79}, "": {"executed_lines": [3, 5, 6, 7, 8, 10, 13, 14, 15, 16, 17, 18, 19, 22, 23, 24, 25, 26, 27, 30, 39, 64, 67, 79], "summary": {"covered_lines": 24, "num_statements": 24, "percent_covered": 100.0, "percent_covered_display": "100", "missing_lines": 0, "excluded_lines": 0, "percent_statements_covered": 100.0, "percent_statements_covered_display": "100"}, "missing_lines": [], "excluded_lines": [], "start_line": 1}}, "classes": {"LearningStep": {"executed_lines": [], "summary": {"covered_lines": 0, "num_statements": 0, "percent_covered": 100.0, "percent_covered_display": "100", "missing_lines": 0, "excluded_lines": 0, "percent_statements_covered": 100.0, "percent_statements_covered_display": "100"}, "missing_lines": [], "excluded_lines": [], "start_line": 13}, "CareerAdvice": {"executed_lines": [], "summary": {"covered_lines": 0, "num_statements": 0, "percent_covered": 100.0, "percent_covered_display": "100", "missing_lines": 0, "excluded_lines": 0, "percent_statements_covered": 100.0, "percent_statements_covered_display": "100"}, "missing_lines": [], "excluded_lines": [], "start_line": 22}, "OpenAICompatibleLLM": {"executed_lines": [], "summary": {"covered_lines": 0, "num_statements": 12, "percent_covered": 0.0, "percent_covered_display": "0", "missing_lines": 12, "excluded_lines": 0, "percent_statements_covered": 0.0, "percent_statements_covered_display": "0"}, "missing_lines": [74, 75, 76, 77, 82, 83, 86, 95, 104, 105, 106, 107], "excluded_lines": [], "start_line": 64}, "": {"executed_lines": [3, 5, 6, 7, 8, 10, 13, 14, 15, 16, 17, 18, 19, 22, 23, 24, 25, 26, 27, 30, 31, 32, 36, 39, 40, 41, 55, 64, 67, 79], "summary": {"covered_lines": 30, "num_statements": 33, "percent_covered": 90.9090909090909, "percent_covered_display": "91", "missing_lines": 3, "excluded_lines": 0, "percent_statements_covered": 90.9090909090909, "percent_statements_covered_display": "91"}, "missing_lines": [33, 34, 35], "excluded_lines": [], "start_line": 1}}}, "src/generation/langgraph_workflow.py": {"executed_lines": [6, 7, 8, 9, 10, 12, 15, 16, 18, 58, 61, 62, 63, 64, 65, 68, 69, 73, 74, 77, 78, 79, 82, 87, 90, 91, 94, 95, 98, 99, 100, 101, 104, 105, 106, 109, 112, 126, 151, 159, 201, 234, 318, 352, 391, 407], "summary": {"covered_lines": 46, "num_statements": 164, "percent_covered": 28.048780487804876, "percent_covered_display": "28", "missing_lines": 118, "excluded_lines": 0, "percent_statements_covered": 28.048780487804876, "percent_statements_covered_display": "28"}, "missing_lines": [19, 20, 23, 24, 25, 26, 27, 29, 30, 32, 33, 35, 36, 38, 39, 41, 43, 45, 46, 47, 48, 49, 50, 51, 52, 53, 55, 120, 121, 124, 128, 131, 132, 133, 136, 139, 140, 143, 144, 147, 149, 153, 154, 157, 161, 163, 165, 168, 169, 170, 173, 174, 180, 185, 188, 190, 193, 195, 196, 197, 199, 203, 205, 207, 218, 221, 222, 224, 228, 229, 230, 232, 237, 242, 250, 251, 252, 253, 254, 258, 261, 316, 320, 322, 324, 330, 331, 332, 333, 334, 335, 336, 337, 338, 340, 344, 345, 346, 347, 348, 350, 363, 366, 369, 370, 374, 375, 378, 379, 380, 381, 382, 385, 386, 387, 389, 393, 411], "excluded_lines": [], "functions": {"CareerAdvisorWorkflow.__init__": {"executed_lines": [], "summary": {"covered_lines": 0, "num_statements": 3, "percent_covered": 0.0, "percent_covered_display": "0", "missing_lines": 3, "excluded_lines": 0, "percent_statements_covered": 0.0, "percent_statements_covered_display": "0"}, "missing_lines": [120, 121, 124], "excluded_lines": [], "start_line": 112}, "CareerAdvisorWorkflow._build_workflow": {"executed_lines": [], "summary": {"covered_lines": 0, "num_statements": 11, "percent_covered": 0.0, "percent_covered_display": "0", "missing_lines": 11, "excluded_lines": 0, "percent_statements_covered": 0.0, "percent_statements_covered_display": "0"}, "missing_lines": [128, 131, 132, 133, 136, 139, 140, 143, 144, 147, 149], "excluded_lines": [], "start_line": 126}, "CareerAdvisorWorkflow._init_node": {"executed_lines": [], "summary": {"covered_lines": 0, "num_statements": 3, "percent_covered": 0.0, "percent_covered_display": "0", "missing_lines": 3, "excluded_lines": 0, "percent_statements_covered": 0.0, "percent_statements_covered_display": "0"}, "missing_lines": [153, 154, 157], "excluded_lines": [], "start_line": 151}, "CareerAdvisorWorkflow._graph_retrieval_node": {"executed_lines": [], "summary": {"covered_lines": 0, "num_statements": 17, "percent_covered": 0.0, "percent_covered_display": "0", "missing_lines": 17, "excluded_lines": 0, "percent_statements_covered": 0.0, "percent_statements_covered_display": "0"}, "missing_lines": [161, 163, 165, 168, 169, 170, 173, 174, 180, 185, 188, 190, 193, 195, 196, 197, 199], "excluded_lines": [], "start_line": 159}, "CareerAdvisorWorkflow._prompt_construction_node": {"executed_lines": [], "summary": {"covered_lines": 0, "num_statements": 11, "percent_covered": 0.0, "percent_covered_display": "0", "missing_lines": 11, "excluded_lines": 0, "percent_statements_covered": 0.0, "percent_statements_covered_display": "0"}, "missing_lines": [203, 205, 207, 218, 221, 222, 224, 228, 229, 230, 232], "excluded_lines": [], "start_line": 201}, "CareerAdvisorWorkflow._build_cot_prompt": {"executed_lines": [], "summary": {"covered_lines": 0, "num_statements": 10, "percent_covered": 0.0, "percent_covered_display": "0", "missing_lines": 10, "excluded_lines": 0, "percent_statements_covered": 0.0, "percent_statements_covered_display": "0"}, "missing_lines": [237, 242, 250, 251, 252, 253, 254, 258, 261, 316], "excluded_lines": [], "start_line": 234}, "CareerAdvisorWorkflow._llm_generation_node": {"executed_lines": [], "summary": {"covered_lines": 0, "num_statements": 19, "percent_covered": 0.0, "percent_covered_display": "0", "missing_lines": 19, "excluded_lines": 0, "percent_statements_covered": 0.0, "percent_statements_covered_display": "0"}, "missing_lines": [320, 322, 324, 330, 331, 332, 333, 334, 335, 336, 337, 338, 340, 344, 345, 346, 347, 348, 350], "excluded_lines": [], "start_line": 318}, "CareerAdvisorWorkflow.run": {"executed_lines": [], "summary": {"covered_lines": 0, "num_statements": 15, "percent_covered": 0.0, "percent_covered_display": "0", "missing_lines": 15, "excluded_lines": 0, "percent_statements_covered": 0.0, "percent_statements_covered_display": "0"}, "missing_lines": [363, 366, 369, 370, 374, 375, 378, 379, 380, 381, 382, 385, 386, 387, 389], "excluded_lines": [], "start_line": 352}, "CareerAdvisorWorkflow.get_workflow_summary": {"executed_lines": [], "summary": {"covered_lines": 0, "num_statements": 1, "percent_covered": 0.0, "percent_covered_display": "0", "missing_lines": 1, "excluded_lines": 0, "percent_statements_covered": 0.0, "percent_statements_covered_display": "0"}, "missing_lines": [393], "excluded_lines": [], "start_line": 391}, "create_default_workflow": {"executed_lines": [], "summary": {"covered_lines": 0, "num_statements": 1, "percent_covered": 0.0, "percent_covered_display": "0", "missing_lines": 1, "excluded_lines": 0, "percent_statements_covered": 0.0, "percent_statements_covered_display": "0"}, "missing_lines": [411], "excluded_lines": [], "start_line": 407}, "": {"executed_lines": [6, 7, 8, 9, 10, 12, 15, 16, 18, 58, 61, 62, 63, 64, 65, 68, 69, 73, 74, 77, 78, 79, 82, 87, 90, 91, 94, 95, 98, 99, 100, 101, 104, 105, 106, 109, 112, 126, 151, 159, 201, 234, 318, 352, 391, 407], "summary": {"covered_lines": 46, "num_statements": 73, "percent_covered": 63.013698630136986, "percent_covered_display": "63", "missing_lines": 27, "excluded_lines": 0, "percent_statements_covered": 63.013698630136986, "percent_statements_covered_display": "63"}, "missing_lines": [19, 20, 23, 24, 25, 26, 27, 29, 30, 32, 33, 35, 36, 38, 39, 41, 43, 45, 46, 47, 48, 49, 50, 51, 52, 53, 55], "excluded_lines": [], "start_line": 1}}, "classes": {"WorkflowStep": {"executed_lines": [], "summary": {"covered_lines": 0, "num_statements": 0, "percent_covered": 100.0, "percent_covered_display": "100", "missing_lines": 0, "excluded_lines": 0, "percent_statements_covered": 100.0, "percent_statements_covered_display": "100"}, "missing_lines": [], "excluded_lines": [], "start_line": 58}, "WorkflowState": {"executed_lines": [], "summary": {"covered_lines": 0, "num_statements": 0, "percent_covered": 100.0, "percent_covered_display": "100", "missing_lines": 0, "excluded_lines": 0, "percent_statements_covered": 100.0, "percent_statements_covered_display": "100"}, "missing_lines": [], "excluded_lines": [], "start_line": 69}, "CareerAdvisorWorkflow": {"executed_lines": [], "summary": {"covered_lines": 0, "num_statements": 90, "percent_covered": 0.0, "percent_covered_display": "0", "missing_lines": 90, "excluded_lines": 0, "percent_statements_covered": 0.0, "percent_statements_covered_display": "0"}, "missing_lines": [120, 121, 124, 128, 131, 132, 133, 136, 139, 140, 143, 144, 147, 149, 153, 154, 157, 161, 163, 165, 168, 169, 170, 173, 174, 180, 185, 188, 190, 193, 195, 196, 197, 199, 203, 205, 207, 218, 221, 222, 224, 228, 229, 230, 232, 237, 242, 250, 251, 252, 253, 254, 258, 261, 316, 320, 322, 324, 330, 331, 332, 333, 334, 335, 336, 337, 338, 340, 344, 345, 346, 347, 348, 350, 363, 366, 369, 370, 374, 375, 378, 379, 380, 381, 382, 385, 386, 387, 389, 393], "excluded_lines": [], "start_line": 109}, "": {"executed_lines": [6, 7, 8, 9, 10, 12, 15, 16, 18, 58, 61, 62, 63, 64, 65, 68, 69, 73, 74, 77, 78, 79, 82, 87, 90, 91, 94, 95, 98, 99, 100, 101, 104, 105, 106, 109, 112, 126, 151, 159, 201, 234, 318, 352, 391, 407], "summary": {"covered_lines": 46, "num_statements": 74, "percent_covered": 62.16216216216216, "percent_covered_display": "62", "missing_lines": 28, "excluded_lines": 0, "percent_statements_covered": 62.16216216216216, "percent_statements_covered_display": "62"}, "missing_lines": [19, 20, 23, 24, 25, 26, 27, 29, 30, 32, 33, 35, 36, 38, 39, 41, 43, 45, 46, 47, 48, 49, 50, 51, 52, 53, 55, 411], "excluded_lines": [], "start_line": 1}}}, "src/generation/llm_simulator.py": {"executed_lines": [6, 7, 8, 9, 12, 15, 31, 32, 33, 35, 36, 39, 42, 89, 91, 98, 115, 116, 119, 122, 125, 127, 140, 143, 151, 152, 153, 154, 157, 159, 160, 161, 164, 165, 166, 168, 169, 170, 171, 172, 174, 175, 176, 178, 179, 180, 181, 182, 186, 188, 191, 194, 196, 201, 205, 206, 209, 210, 212, 217, 218, 220, 221, 222, 223, 224, 229, 230, 235, 245, 248, 260, 265, 266, 268, 276, 278, 315, 321, 365], "summary": {"covered_lines": 80, "num_statements": 127, "percent_covered": 62.99212598425197, "percent_covered_display": "63", "missing_lines": 47, "excluded_lines": 0, "percent_statements_covered": 62.99212598425197, "percent_statements_covered_display": "63"}, "missing_lines": [173, 199, 226, 227, 246, 282, 283, 286, 287, 288, 291, 292, 293, 295, 296, 299, 300, 301, 302, 305, 306, 307, 310, 311, 313, 319, 327, 330, 331, 332, 333, 334, 335, 336, 337, 339, 340, 341, 342, 345, 346, 347, 348, 349, 352, 354, 367], "excluded_lines": [], "functions": {"LLMSimulator.__init__": {"executed_lines": [31, 32, 33, 35, 36, 39, 42], "summary": {"covered_lines": 7, "num_statements": 7, "percent_covered": 100.0, "percent_covered_display": "100", "missing_lines": 0, "excluded_lines": 0, "percent_statements_covered": 100.0, "percent_statements_covered_display": "100"}, "missing_lines": [], "excluded_lines": [], "start_line": 15}, "LLMSimulator._load_templates": {"executed_lines": [91], "summary": {"covered_lines": 1, "num_statements": 1, "percent_covered": 100.0, "percent_covered_display": "100", "missing_lines": 0, "excluded_lines": 0, "percent_statements_covered": 100.0, "percent_statements_covered_display": "100"}, "missing_lines": [], "excluded_lines": [], "start_line": 89}, "LLMSimulator.generate": {"executed_lines": [115, 116, 119, 122, 125, 127], "summary": {"covered_lines": 6, "num_statements": 6, "percent_covered": 100.0, "percent_covered_display": "100", "missing_lines": 0, "excluded_lines": 0, "percent_statements_covered": 100.0, "percent_statements_covered_display": "100"}, "missing_lines": [], "excluded_lines": [], "start_line": 98}, "LLMSimulator._parse_prompt": {"executed_lines": [143, 151, 152, 153, 154, 157, 159, 160, 161, 164, 165, 166, 168, 169, 170, 171, 172, 174, 175, 176, 178, 179, 180, 181, 182, 186], "summary": {"covered_lines": 26, "num_statements": 27, "percent_covered": 96.29629629629629, "percent_covered_display": "96", "missing_lines": 1, "excluded_lines": 0, "percent_statements_covered": 96.29629629629629, "percent_statements_covered_display": "96"}, "missing_lines": [173], "excluded_lines": [], "start_line": 140}, "LLMSimulator._generate_response": {"executed_lines": [191, 194, 196], "summary": {"covered_lines": 3, "num_statements": 4, "percent_covered": 75.0, "percent_covered_display": "75", "missing_lines": 1, "excluded_lines": 0, "percent_statements_covered": 75.0, "percent_statements_covered_display": "75"}, "missing_lines": [199], "excluded_lines": [], "start_line": 188}, "LLMSimulator._generate_json_response": {"executed_lines": [205, 206, 209, 210, 212, 217, 218, 220, 221, 222, 223, 224, 229, 230, 235, 245, 248, 260, 265, 266, 268, 276], "summary": {"covered_lines": 22, "num_statements": 25, "percent_covered": 88.0, "percent_covered_display": "88", "missing_lines": 3, "excluded_lines": 0, "percent_statements_covered": 88.0, "percent_statements_covered_display": "88"}, "missing_lines": [226, 227, 246], "excluded_lines": [], "start_line": 201}, "LLMSimulator._generate_text_response": {"executed_lines": [], "summary": {"covered_lines": 0, "num_statements": 20, "percent_covered": 0.0, "percent_covered_display": "0", "missing_lines": 20, "excluded_lines": 0, "percent_statements_covered": 0.0, "percent_statements_covered_display": "0"}, "missing_lines": [282, 283, 286, 287, 288, 291, 292, 293, 295, 296, 299, 300, 301, 302, 305, 306, 307, 310, 311, 313], "excluded_lines": [], "start_line": 278}, "LLMSimulator.batch_generate": {"executed_lines": [], "summary": {"covered_lines": 0, "num_statements": 1, "percent_covered": 0.0, "percent_covered_display": "0", "missing_lines": 1, "
[...]
": [107], "excluded_lines": [], "start_line": 104}, "SBERTRecall.compute_similarity": {"executed_lines": [], "summary": {"covered_lines": 0, "num_statements": 6, "percent_covered": 0.0, "percent_covered_display": "0", "missing_lines": 6, "excluded_lines": 0, "percent_statements_covered": 0.0, "percent_statements_covered_display": "0"}, "missing_lines": [128, 129, 131, 132, 135, 138], "excluded_lines": [], "start_line": 126}, "SBERTRecall.recommend_for_user": {"executed_lines": [], "summary": {"covered_lines": 0, "num_statements": 3, "percent_covered": 0.0, "percent_covered_display": "0", "missing_lines": 3, "excluded_lines": 0, "percent_statements_covered": 0.0, "percent_statements_covered_display": "0"}, "missing_lines": [154, 155, 157], "excluded_lines": [], "start_line": 140}, "SBERTRecall.recommend_for_text": {"executed_lines": [163, 165], "summary": {"covered_lines": 2, "num_statements": 3, "percent_covered": 66.66666666666667, "percent_covered_display": "67", "missing_lines": 1, "excluded_lines": 0, "percent_statements_covered": 66.66666666666667, "percent_statements_covered_display": "67"}, "missing_lines": [164], "excluded_lines": [], "start_line": 159}, "SBERTRecall.recommend_for_embedding": {"executed_lines": [174, 175, 176, 178, 181, 182, 183, 187, 196, 198, 202, 204, 206, 207, 208, 209, 210, 214, 215, 216, 217, 220, 223, 225], "summary": {"covered_lines": 24, "num_statements": 26, "percent_covered": 92.3076923076923, "percent_covered_display": "92", "missing_lines": 2, "excluded_lines": 0, "percent_statements_covered": 92.3076923076923, "percent_statements_covered_display": "92"}, "missing_lines": [177, 199], "excluded_lines": [], "start_line": 167}, "SBERTRecall.batch_recommend": {"executed_lines": [], "summary": {"covered_lines": 0, "num_statements": 4, "percent_covered": 0.0, "percent_covered_display": "0", "missing_lines": 4, "excluded_lines": 0, "percent_statements_covered": 0.0, "percent_statements_covered_display": "0"}, "missing_lines": [231, 232, 233, 234], "excluded_lines": [], "start_line": 227}, "SBERTRecall.get_embedding_stats": {"executed_lines": [238], "summary": {"covered_lines": 1, "num_statements": 1, "percent_covered": 100.0, "percent_covered_display": "100", "missing_lines": 0, "excluded_lines": 0, "percent_statements_covered": 100.0, "percent_statements_covered_display": "100"}, "missing_lines": [], "excluded_lines": [], "start_line": 236}, "SBERTRecall.save_embeddings": {"executed_lines": [], "summary": {"covered_lines": 0, "num_statements": 4, "percent_covered": 0.0, "percent_covered_display": "0", "missing_lines": 4, "excluded_lines": 0, "percent_statements_covered": 0.0, "percent_statements_covered_display": "0"}, "missing_lines": [252, 254, 261, 262], "excluded_lines": [], "start_line": 250}, "SBERTRecall.load_embeddings": {"executed_lines": [], "summary": {"covered_lines": 0, "num_statements": 15, "percent_covered": 0.0, "percent_covered_display": "0", "missing_lines": 15, "excluded_lines": 0, "percent_statements_covered": 0.0, "percent_statements_covered_display": "0"}, "missing_lines": [266, 268, 269, 271, 272, 273, 274, 275, 278, 279, 281, 284, 285, 288, 289], "excluded_lines": [], "start_line": 264}, "": {"executed_lines": [1, 2, 3, 4, 6, 9, 10, 12, 17, 18, 20, 26, 29, 68, 90, 95, 104, 126, 140, 159, 167, 227, 236, 250, 264], "summary": {"covered_lines": 25, "num_statements": 31, "percent_covered": 80.64516129032258, "percent_covered_display": "81", "missing_lines": 6, "excluded_lines": 0, "percent_statements_covered": 80.64516129032258, "percent_statements_covered_display": "81"}, "missing_lines": [13, 14, 15, 21, 22, 23], "excluded_lines": [], "start_line": 1}}, "classes": {"SBERTRecall": {"executed_lines": [47, 48, 49, 52, 53, 57, 58, 61, 62, 65, 66, 70, 80, 81, 82, 83, 84, 85, 86, 87, 88, 92, 93, 97, 98, 101, 102, 106, 109, 110, 115, 117, 120, 123, 124, 163, 165, 174, 175, 176, 178, 181, 182, 183, 187, 196, 198, 202, 204, 206, 207, 208, 209, 210, 214, 215, 216, 217, 220, 223, 225, 238], "summary": {"covered_lines": 62, "num_statements": 104, "percent_covered": 59.61538461538461, "percent_covered_display": "60", "missing_lines": 42, "excluded_lines": 0, "percent_statements_covered": 59.61538461538461, "percent_statements_covered_display": "60"}, "missing_lines": [54, 55, 72, 73, 74, 75, 107, 128, 129, 131, 132, 135, 138, 154, 155, 157, 164, 177, 199, 231, 232, 233, 234, 252, 254, 261, 262, 266, 268, 269, 271, 272, 273, 274, 275, 278, 279, 281, 284, 285, 288, 289], "excluded_lines": [], "start_line": 26}, "": {"executed_lines": [1, 2, 3, 4, 6, 9, 10, 12, 17, 18, 20, 26, 29, 68, 90, 95, 104, 126, 140, 159, 167, 227, 236, 250, 264], "summary": {"covered_lines": 25, "num_statements": 31, "percent_covered": 80.64516129032258, "percent_covered_display": "81", "missing_lines": 6, "excluded_lines": 0, "percent_statements_covered": 80.64516129032258, "percent_statements_covered_display": "81"}, "missing_lines": [13, 14, 15, 21, 22, 23], "excluded_lines": [], "start_line": 1}}}, "src/security.py": {"executed_lines": [3, 5, 6, 7, 8, 9, 10, 11, 13, 14, 16, 19, 20, 23, 24, 27, 28, 31, 41, 42, 45, 48, 49, 50, 51, 54, 57, 58, 59, 60, 61, 62, 63, 64, 69, 70, 72, 75, 76, 77, 78, 80, 82], "summary": {"covered_lines": 43, "num_statements": 44, "percent_covered": 97.72727272727273, "percent_covered_display": "98", "missing_lines": 1, "excluded_lines": 0, "percent_statements_covered": 97.72727272727273, "percent_statements_covered_display": "98"}, "missing_lines": [79], "excluded_lines": [], "functions": {"_b64url": {"executed_lines": [20], "summary": {"covered_lines": 1, "num_statements": 1, "percent_covered": 100.0, "percent_covered_display": "100", "missing_lines": 0, "excluded_lines": 0, "percent_statements_covered": 100.0, "percent_statements_covered_display": "100"}, "missing_lines": [], "excluded_lines": [], "start_line": 19}, "_b64decode": {"executed_lines": [24], "summary": {"covered_lines": 1, "num_statements": 1, "percent_covered": 100.0, "percent_covered_display": "100", "missing_lines": 0, "excluded_lines": 0, "percent_statements_covered": 100.0, "percent_statements_covered_display": "100"}, "missing_lines": [], "excluded_lines": [], "start_line": 23}, "issue_token": {"executed_lines": [28, 31, 41, 42, 45], "summary": {"covered_lines": 5, "num_statements": 5, "percent_covered": 100.0, "percent_covered_display": "100", "missing_lines": 0, "excluded_lines": 0, "percent_statements_covered": 100.0, "percent_statements_covered_display": "100"}, "missing_lines": [], "excluded_lines": [], "start_line": 27}, "verify_token": {"executed_lines": [49, 50, 51, 54, 57, 58, 59, 60, 61, 62, 63, 64], "summary": {"covered_lines": 12, "num_statements": 12, "percent_covered": 100.0, "percent_covered_display": "100", "missing_lines": 0, "excluded_lines": 0, "percent_statements_covered": 100.0, "percent_statements_covered_display": "100"}, "missing_lines": [], "excluded_lines": [], "start_line": 48}, "require_roles": {"executed_lines": [70, 72, 82], "summary": {"covered_lines": 3, "num_statements": 3, "percent_covered": 100.0, "percent_covered_display": "100", "missing_lines": 0, "excluded_lines": 0, "percent_statements_covered": 100.0, "percent_statements_covered_display": "100"}, "missing_lines": [], "excluded_lines": [], "start_line": 69}, "require_roles.dependency": {"executed_lines": [75, 76, 77, 78, 80], "summary": {"covered_lines": 5, "num_statements": 6, "percent_covered": 83.33333333333333, "percent_covered_display": "83", "missing_lines": 1, "excluded_lines": 0, "percent_statements_covered": 83.33333333333333, "percent_statements_covered_display": "83"}, "missing_lines": [79], "excluded_lines": [], "start_line": 72}, "": {"executed_lines": [3, 5, 6, 7, 8, 9, 10, 11, 13, 14, 16, 19, 23, 27, 48, 69], "summary": {"covered_lines": 16, "num_statements": 16, "percent_covered": 100.0, "percent_covered_display": "100", "missing_lines": 0, "excluded_lines": 0, "percent_statements_covered": 100.0, "percent_statements_covered_display": "100"}, "missing_lines": [], "excluded_lines": [], "start_line": 1}}, "classes": {"": {"executed_lines": [3, 5, 6, 7, 8, 9, 10, 11, 13, 14, 16, 19, 20, 23, 24, 27, 28, 31, 41, 42, 45, 48, 49, 50, 51, 54, 57, 58, 59, 60, 61, 62, 63, 64, 69, 70, 72, 75, 76, 77, 78, 80, 82], "summary": {"covered_lines": 43, "num_statements": 44, "percent_covered": 97.72727272727273, "percent_covered_display": "98", "missing_lines": 1, "excluded_lines": 0, "percent_statements_covered": 97.72727272727273, "percent_statements_covered_display": "98"}, "missing_lines": [79], "excluded_lines": [], "start_line": 1}}}, "src/utils/__init__.py": {"executed_lines": [5, 7], "summary": {"covered_lines": 2, "num_statements": 2, "percent_covered": 100.0, "percent_covered_display": "100", "missing_lines": 0, "excluded_lines": 0, "percent_statements_covered": 100.0, "percent_statements_covered_display": "100"}, "missing_lines": [], "excluded_lines": [], "functions": {"": {"executed_lines": [5, 7], "summary": {"covered_lines": 2, "num_statements": 2, "percent_covered": 100.0, "percent_covered_display": "100", "missing_lines": 0, "excluded_lines": 0, "percent_statements_covered": 100.0, "percent_statements_covered_display": "100"}, "missing_lines": [], "excluded_lines": [], "start_line": 1}}, "classes": {"": {"executed_lines": [5, 7], "summary": {"covered_lines": 2, "num_statements": 2, "percent_covered": 100.0, "percent_covered_display": "100", "missing_lines": 0, "excluded_lines": 0, "percent_statements_covered": 100.0, "percent_statements_covered_display": "100"}, "missing_lines": [], "excluded_lines": [], "start_line": 1}}}, "src/utils/crypto.py": {"executed_lines": [3, 4, 5, 7, 9, 10, 11, 12, 15, 16, 18, 23, 24, 25, 26, 27, 28, 31, 32, 33, 34, 36, 37, 38, 39, 40, 41, 42, 45, 48, 59], "summary": {"covered_lines": 31, "num_statements": 44, "percent_covered": 70.45454545454545, "percent_covered_display": "70", "missing_lines": 13, "excluded_lines": 0, "percent_statements_covered": 70.45454545454545, "percent_statements_covered_display": "70"}, "missing_lines": [17, 35, 49, 50, 51, 52, 55, 56, 60, 61, 62, 63, 64], "excluded_lines": [], "functions": {"_derive_key": {"executed_lines": [16, 18], "summary": {"covered_lines": 2, "num_statements": 3, "percent_covered": 66.66666666666667, "percent_covered_display": "67", "missing_lines": 1, "excluded_lines": 0, "percent_statements_covered": 66.66666666666667, "percent_statements_covered_display": "67"}, "missing_lines": [17], "excluded_lines": [], "start_line": 15}, "encrypt_personal_info": {"executed_lines": [24, 25, 26, 27, 28], "summary": {"covered_lines": 5, "num_statements": 5, "percent_covered": 100.0, "percent_covered_display": "100", "missing_lines": 0, "excluded_lines": 0, "percent_statements_covered": 100.0, "percent_statements_covered_display": "100"}, "missing_lines": [], "excluded_lines": [], "start_line": 23}, "decrypt_personal_info": {"executed_lines": [32, 33, 34, 36, 37, 38, 39, 40, 41, 42], "summary": {"covered_lines": 10, "num_statements": 11, "percent_covered": 90.9090909090909, "percent_covered_display": "91", "missing_lines": 1, "excluded_lines": 0, "percent_statements_covered": 90.9090909090909, "percent_statements_covered_display": "91"}, "missing_lines": [35], "excluded_lines": [], "start_line": 31}, "encrypt_user_profile": {"executed_lines": [], "summary": {"covered_lines": 0, "num_statements": 6, "percent_covered": 0.0, "percent_covered_display": "0", "missing_lines": 6, "excluded_lines": 0, "percent_statements_covered": 0.0, "percent_statements_covered_display": "0"}, "missing_lines": [49, 50, 51, 52, 55, 56], "excluded_lines": [], "start_line": 48}, "decrypt_user_profile": {"executed_lines": [], "summary": {"covered_lines": 0, "num_statements": 5, "percent_covered": 0.0, "percent_covered_display": "0", "missing_lines": 5, "excluded_lines": 0, "percent_statements_covered": 0.0, "percent_statements_covered_display": "0"}, "missing_lines": [60, 61, 62, 63, 64], "excluded_lines": [], "start_line": 59}, "": {"executed_lines": [3, 4, 5, 7, 9, 10, 11, 12, 15, 23, 31, 45, 48, 59], "summary": {"covered_lines": 14, "num_statements": 14, "percent_covered": 100.0, "percent_covered_display": "100", "missing_lines": 0, "excluded_lines": 0, "percent_statements_covered": 100.0, "percent_statements_covered_display": "100"}, "missing_lines": [], "excluded_lines": [], "start_line": 1}}, "classes": {"": {"executed_lines": [3, 4, 5, 7, 9, 10, 11, 12, 15, 16, 18, 23, 24, 25, 26, 27, 28, 31, 32, 33, 34, 36, 37, 38, 39, 40, 41, 42, 45, 48, 59], "summary": {"covered_lines": 31, "num_statements": 44, "percent_covered": 70.45454545454545, "percent_covered_display": "70", "missing_lines": 13, "excluded_lines": 0, "percent_statements_covered": 70.45454545454545, "percent_statements_covered_display": "70"}, "missing_lines": [17, 35, 49, 50, 51, 52, 55, 56, 60, 61, 62, 63, 64], "excluded_lines": [], "start_line": 1}}}, "src/utils/training.py": {"executed_lines": [5, 6, 8, 9, 10, 11, 12, 14, 15, 16, 19, 27, 28, 29, 30, 31, 32, 33, 34, 37, 43, 68, 92, 93, 94, 95, 96, 99, 104, 105, 108, 111, 112, 115, 118, 119, 120, 123, 124, 127, 130, 131, 134, 135, 139, 140, 142, 143, 147, 150, 152, 153, 156, 161, 165, 168, 169, 170, 173, 174, 175, 178, 179, 182, 191, 192, 194, 195, 203, 204, 205, 206, 217, 218, 219, 220, 224, 233, 236, 257, 258, 260, 263, 264, 265, 267, 271, 272, 278, 279, 282, 285, 286, 287, 288, 289, 292, 293, 296, 297, 299, 300, 301, 303, 304, 307, 308, 309, 312, 313, 314, 315, 318, 319, 324, 325, 327, 328, 331, 332, 334, 336, 337, 338, 339, 340, 341, 342, 343, 344, 347, 348, 349, 350, 351, 352, 353, 356, 357, 358, 359, 360, 361, 364, 365, 367, 368, 369, 370, 371, 372, 373, 374, 375, 376, 377, 380, 381, 383, 384, 385, 386, 387, 388, 391, 393, 394, 395, 398, 399, 400, 403, 404, 407, 408, 411, 415, 418, 431, 435, 436, 439, 451, 454, 457, 458, 461, 471, 482, 483, 489, 492, 505], "summary": {"covered_lines": 193, "num_statements": 227, "percent_covered": 85.02202643171806, "percent_covered_display": "85", "missing_lines": 34, "excluded_lines": 0, "percent_statements_covered": 85.02202643171806, "percent_statements_covered_display": "85"}, "missing_lines": [35, 36, 56, 58, 59, 65, 136, 151, 208, 209, 210, 211, 212, 213, 214, 268, 290, 333, 354, 366, 382, 412, 413, 440, 452, 494, 497, 498, 499, 501, 502, 507, 509, 510], "excluded_lines": [], "functions": {"sample_unobserved_negatives": {"executed_lines": [27, 28, 29, 30, 31, 32, 33, 34, 37], "summary": {"covered_lines": 9, "num_statements": 11, "percent_covered": 81.81818181818181, "percent_covered_display": "82", "missing_lines": 2, "excluded_lines": 0, "percent_statements_covered": 81.81818181818181, "percent_statements_covered_display": "82"}, "missing_lines": [35, 36], "excluded_lines": [], "start_line": 19}, "create_data_loaders": {"executed_lines": [], "summary": {"covered_lines": 0, "num_statements": 4, "percent_covered": 0.0, "percent_covered_display": "0", "missing_lines": 4, "excluded_lines": 0, "percent_statements_covered": 0.0, "percent_statements_covered_display": "0"}, "missing_lines": [56, 58, 59, 65], "excluded_lines": [], "start_line": 43}, "train_lightgcn": {"executed_lines": [92, 93, 94, 95, 96, 99, 104, 105, 108, 111, 112, 115, 118, 119, 120, 123, 124, 127, 130, 131, 134, 135, 139, 140, 142, 143, 147, 150, 152, 153, 156, 161, 165, 168, 169, 170, 173, 174, 175, 178, 179, 182, 191, 192, 194, 195, 203, 204, 205, 206, 217, 218, 219, 220, 224, 233], "summary": {"covered_lines": 56, "num_statements": 65, "percent_covered": 86.15384615384616, "percent_covered_display": "86", "missing_lines": 9, "excluded_lines": 0, "percent_statements_covered": 86.15384615384616, "percent_statements_covered_display": "86"}, "missing_lines": [136, 151, 208, 209, 210, 211, 212, 213, 214], "excluded_lines": [], "start_line": 68}, "evaluate_model": {"executed_lines": [257, 258, 260, 263, 264, 265, 267, 271, 272, 278, 279, 282, 285, 286, 287, 288, 289, 292, 293, 296, 297, 299, 300, 301, 303, 304, 307, 308, 309, 312, 313, 314, 315, 318, 319, 324, 325, 327, 328, 331, 332, 334, 336, 337, 338, 339, 340, 341, 342, 343, 344, 347, 348, 349, 350, 351, 352, 353, 356, 357, 358, 359, 360, 361, 364, 365, 367, 368, 369, 370, 371, 372, 373, 374, 375, 376, 377, 380, 381, 383, 384, 385, 386, 387, 388, 391, 393, 394, 395, 398, 399, 400, 403, 404, 407, 408, 411, 415], "summary": {"covered_lines": 98, "num_statements": 106, "percent_covered": 92.45283018867924, "percent_covered_display": "92", "missing_lines": 8, "excluded_lines": 0, "percent_statements_covered": 92.45283018867924, "percent_statements_covered_display": "92"}, "missing_lines": [268, 290, 333, 354, 366, 382, 412, 413], "excluded_lines": [], "start_line": 236}, "train_full_pipeline": {"executed_lines": [431, 435, 436, 439, 451, 454, 457, 458, 461, 471, 482, 483, 489], "summary": {"covered_lines": 13, "num_statements": 15, "percent_covered": 86.66666666666667, "percent_covered_display": "87", "missing_lines": 2, "excluded_lines": 0, "percent_statements_covered": 86.66666666666667, "percent_statements_covered_display": "87"}, "missing_lines": [440, 452], "excluded_lines": [], "start_line": 418}, "save_training_results": {"executed_lines": [], "summary": {"covered_lines": 0, "num_statements": 6, "percent_covered": 0.0, "percent_covered_display": "0", "missing_lines": 6, "excluded_lines": 0, "percent_statements_covered": 0.0, "percent_statements_covered_display": "0"}, "missing_lines": [494, 497, 498, 499, 501, 502], "excluded_lines": [], "start_line": 492}, "load_training_results": {"executed_lines": [], "summary": {"covered_lines": 0, "num_statements": 3, "percent_covered": 0.0, "percent_covered_display": "0", "missing_lines": 3, "excluded_lines": 0, "percent_statements_covered": 0.0, "percent_statements_covered_display": "0"}, "missing_lines": [507, 509, 510], "excluded_lines": [], "start_line": 505}, "": {"executed_lines": [5, 6, 8, 9, 10, 11, 12, 14, 15, 16, 19, 43, 68, 236, 418, 492, 505], "summary": {"covered_lines": 17, "num_statements": 17, "percent_covered": 100.0, "percent_covered_display": "100", "missing_lines": 0, "excluded_lines": 0, "percent_statements_covered": 100.0, "percent_statements_covered_display": "100"}, "missing_lines": [], "excluded_lines": [], "start_line": 1}}, "classes": {"": {"executed_lines": [5, 6, 8, 9, 10, 11, 12, 14, 15, 16, 19, 27, 28, 29, 30, 31, 32, 33, 34, 37, 43, 68, 92, 93, 94, 95, 96, 99, 104, 105, 108, 111, 112, 115, 118, 119, 120, 123, 124, 127, 130, 131, 134, 135, 139, 140, 142, 143, 147, 150, 152, 153, 156, 161, 165, 168, 169, 170, 173, 174, 175, 178, 179, 182, 191, 192, 194, 195, 203, 204, 205, 206, 217, 218, 219, 220, 224, 233, 236, 257, 258, 260, 263, 264, 265, 267, 271, 272, 278, 279, 282, 285, 286, 287, 288, 289, 292, 293, 296, 297, 299, 300, 301, 303, 304, 307, 308, 309, 312, 313, 314, 315, 318, 319, 324, 325, 327, 328, 331, 332, 334, 336, 337, 338, 339, 340, 341, 342, 343, 344, 347, 348, 349, 350, 351, 352, 353, 356, 357, 358, 359, 360, 361, 364, 365, 367, 368, 369, 370, 371, 372, 373, 374, 375, 376, 377, 380, 381, 383, 384, 385, 386, 387, 388, 391, 393, 394, 395, 398, 399, 400, 403, 404, 407, 408, 411, 415, 418, 431, 435, 436, 439, 451, 454, 457, 458, 461, 471, 482, 483, 489, 492, 505], "summary": {"covered_lines": 193, "num_statements": 227, "percent_covered": 85.02202643171806, "percent_covered_display": "85", "missing_lines": 34, "excluded_lines": 0, "percent_statements_covered": 85.02202643171806, "percent_statements_covered_display": "85"}, "missing_lines": [35, 36, 56, 58, 59, 65, 136, 151, 208, 209, 210, 211, 212, 213, 214, 268, 290, 333, 354, 366, 382, 412, 413, 440, 452, 494, 497, 498, 499, 501, 502, 507, 509, 510], "excluded_lines": [], "start_line": 1}}}}, "totals": {"covered_lines": 1746, "num_statements": 3094, "percent_covered": 56.43180349062702, "percent_covered_display": "56", "missing_lines": 1348, "excluded_lines": 4, "percent_statements_covered": 56.43180349062702, "percent_statements_covered_display": "56"}}