{"meta": {"format": 3, "version": "7.15.1", "timestamp": "2026-07-31T09:25:33.045548", "branch_coverage": false, "show_contexts": false}, "files": {"src/__init__.py": {"executed_lines": [], "summary": {"covered_lines": 0, "num_statements": 0, "percent_covered": 100.0, "percent_covered_display": "100", "missing_lines": 0, "excluded_lines": 0, "percent_statements_covered": 100.0, "percent_statements_covered_display": "100"}, "missing_lines": [], "excluded_lines": [], "functions": {"": {"executed_lines": [], "summary": {"covered_lines": 0, "num_statements": 0, "percent_covered": 100.0, "percent_covered_display": "100", "missing_lines": 0, "excluded_lines": 0, "percent_statements_covered": 100.0, "percent_statements_covered_display": "100"}, "missing_lines": [], "excluded_lines": [], "start_line": 1}}, "classes": {"": {"executed_lines": [], "summary": {"covered_lines": 0, "num_statements": 0, "percent_covered": 100.0, "percent_covered_display": "100", "missing_lines": 0, "excluded_lines": 0, "percent_statements_covered": 100.0, "percent_statements_covered_display": "100"}, "missing_lines": [], "excluded_lines": [], "start_line": 1}}}, "src/analytics/__init__.py": {"executed_lines": [6, 8], "summary": {"covered_lines": 2, "num_statements": 2, "percent_covered": 100.0, "percent_covered_display": "100", "missing_lines": 0, "excluded_lines": 0, "percent_statements_covered": 100.0, "percent_statements_covered_display": "100"}, "missing_lines": [], "excluded_lines": [], "functions": {"": {"executed_lines": [6, 8], "summary": {"covered_lines": 2, "num_statements": 2, "percent_covered": 100.0, "percent_covered_display": "100", "missing_lines": 0, "excluded_lines": 0, "percent_statements_covered": 100.0, "percent_statements_covered_display": "100"}, "missing_lines": [], "excluded_lines": [], "start_line": 1}}, "classes": {"": {"executed_lines": [6, 8], "summary": {"covered_lines": 2, "num_statements": 2, "percent_covered": 100.0, "percent_covered_display": "100", "missing_lines": 0, "excluded_lines": 0, "percent_statements_covered": 100.0, "percent_statements_covered_display": "100"}, "missing_lines": [], "excluded_lines": [], "start_line": 1}}}, "src/analytics/trends.py": {"executed_lines": [6, 7, 10, 11, 12, 13, 14, 16, 34, 46, 58, 65, 79], "summary": {"covered_lines": 13, "num_statements": 49, "percent_covered": 26.53061224489796, "percent_covered_display": "27", "missing_lines": 36, "excluded_lines": 0, "percent_statements_covered": 26.53061224489796, "percent_statements_covered_display": "27"}, "missing_lines": [17, 18, 19, 20, 21, 35, 36, 37, 38, 39, 40, 41, 47, 48, 49, 50, 51, 52, 53, 59, 60, 61, 62, 63, 66, 67, 68, 69, 70, 71, 72, 73, 74, 76, 77, 80], "excluded_lines": [], "functions": {"TrendAnalyzer.__init__": {"executed_lines": [12, 13, 14], "summary": {"covered_lines": 3, "num_statements": 3, "percent_covered": 100.0, "percent_covered_display": "100", "missing_lines": 0, "excluded_lines": 0, "percent_statements_covered": 100.0, "percent_statements_covered_display": "100"}, "missing_lines": [], "excluded_lines": [], "start_line": 11}, "TrendAnalyzer.hot_jobs": {"executed_lines": [], "summary": {"covered_lines": 0, "num_statements": 5, "percent_covered": 0.0, "percent_covered_display": "0", "missing_lines": 5, "excluded_lines": 0, "percent_statements_covered": 0.0, "percent_statements_covered_display": "0"}, "missing_lines": [17, 18, 19, 20, 21], "excluded_lines": [], "start_line": 16}, "TrendAnalyzer.hot_skills": {"executed_lines": [], "summary": {"covered_lines": 0, "num_statements": 7, "percent_covered": 0.0, "percent_covered_display": "0", "missing_lines": 7, "excluded_lines": 0, "percent_statements_covered": 0.0, "percent_statements_covered_display": "0"}, "missing_lines": [35, 36, 37, 38, 39, 40, 41], "excluded_lines": [], "start_line": 34}, "TrendAnalyzer.hot_skills_by_category": {"executed_lines": [], "summary": {"covered_lines": 0, "num_statements": 7, "percent_covered": 0.0, "percent_covered_display": "0", "missing_lines": 7, "excluded_lines": 0, "percent_statements_covered": 0.0, "percent_statements_covered_display": "0"}, "missing_lines": [47, 48, 49, 50, 51, 52, 53], "excluded_lines": [], "start_line": 46}, "TrendAnalyzer.education_distribution": {"executed_lines": [], "summary": {"covered_lines": 0, "num_statements": 5, "percent_covered": 0.0, "percent_covered_display": "0", "missing_lines": 5, "excluded_lines": 0, "percent_statements_covered": 0.0, "percent_statements_covered_display": "0"}, "missing_lines": [59, 60, 61, 62, 63], "excluded_lines": [], "start_line": 58}, "TrendAnalyzer.experience_distribution": {"executed_lines": [], "summary": {"covered_lines": 0, "num_statements": 11, "percent_covered": 0.0, "percent_covered_display": "0", "missing_lines": 11, "excluded_lines": 0, "percent_statements_covered": 0.0, "percent_statements_covered_display": "0"}, "missing_lines": [66, 67, 68, 69, 70, 71, 72, 73, 74, 76, 77], "excluded_lines": [], "start_line": 65}, "TrendAnalyzer.full_report": {"executed_lines": [], "summary": {"covered_lines": 0, "num_statements": 1, "percent_covered": 0.0, "percent_covered_display": "0", "missing_lines": 1, "excluded_lines": 0, "percent_statements_covered": 0.0, "percent_statements_covered_display": "0"}, "missing_lines": [80], "excluded_lines": [], "start_line": 79}, "": {"executed_lines": [6, 7, 10, 11, 16, 34, 46, 58, 65, 79], "summary": {"covered_lines": 10, "num_statements": 10, "percent_covered": 100.0, "percent_covered_display": "100", "missing_lines": 0, "excluded_lines": 0, "percent_statements_covered": 100.0, "percent_statements_covered_display": "100"}, "missing_lines": [], "excluded_lines": [], "start_line": 1}}, "classes": {"TrendAnalyzer": {"executed_lines": [12, 13, 14], "summary": {"covered_lines": 3, "num_statements": 39, "percent_covered": 7.6923076923076925, "percent_covered_display": "8", "missing_lines": 36, "excluded_lines": 0, "percent_statements_covered": 7.6923076923076925, "percent_statements_covered_display": "8"}, "missing_lines": [17, 18, 19, 20, 21, 35, 36, 37, 38, 39, 40, 41, 47, 48, 49, 50, 51, 52, 53, 59, 60, 61, 62, 63, 66, 67, 68, 69, 70, 71, 72, 73, 74, 76, 77, 80], "excluded_lines": [], "start_line": 10}, "": {"executed_lines": [6, 7, 10, 11, 16, 34, 46, 58, 65, 79], "summary": {"covered_lines": 10, "num_statements": 10, "percent_covered": 100.0, "percent_covered_display": "100", "missing_lines": 0, "excluded_lines": 0, "percent_statements_covered": 100.0, "percent_statements_covered_display": "100"}, "missing_lines": [], "excluded_lines": [], "start_line": 1}}}, "src/api/__init__.py": {"executed_lines": [6, 8], "summary": {"covered_lines": 2, "num_statements": 2, "percent_covered": 100.0, "percent_covered_display": "100", "missing_lines": 0, "excluded_lines": 0, "percent_statements_covered": 100.0, "percent_statements_covered_display": "100"}, "missing_lines": [], "excluded_lines": [], "functions": {"": {"executed_lines": [6, 8], "summary": {"covered_lines": 2, "num_statements": 2, "percent_covered": 100.0, "percent_covered_display": "100", "missing_lines": 0, "excluded_lines": 0, "percent_statements_covered": 100.0, "percent_statements_covered_display": "100"}, "missing_lines": [], "excluded_lines": [], "start_line": 1}}, "classes": {"": {"executed_lines": [6, 8], "summary": {"covered_lines": 2, "num_statements": 2, "percent_covered": 100.0, "percent_covered_display": "100", "missing_lines": 0, "excluded_lines": 0, "percent_statements_covered": 100.0, "percent_statements_covered_display": "100"}, "missing_lines": [], "excluded_lines": [], "start_line": 1}}}, "src/api/routes.py": {"executed_lines": [3, 5, 6, 7, 8, 9, 10, 11, 12, 13, 15, 16, 17, 18, 20, 27, 33, 34, 35, 36, 37, 38, 41, 42, 43, 46, 47, 48, 49, 50, 52, 53, 54, 56, 59, 60, 61, 62, 63, 64, 65, 66, 67, 70, 71, 72, 73, 74, 75, 76, 77, 78, 81, 82, 83, 84, 85, 88, 89, 90, 91, 92, 95, 96, 97, 98, 99, 100, 101, 102, 105, 106, 109, 110, 113, 114, 115, 118, 119, 120, 123, 124, 125, 126, 127, 128, 129, 132, 133, 134, 137, 138, 139, 144, 146, 147, 148, 149, 150, 158, 159, 160, 161, 162, 164, 165, 170, 171, 172, 173, 175, 176, 177, 180, 182, 190, 191, 193, 198, 201, 207, 210, 211, 235, 236, 237, 238, 239, 240, 244, 247, 248, 249, 250, 251, 252, 253, 254, 255, 256, 257, 260, 261, 263, 266, 267, 268, 278, 279, 280, 288, 289, 290, 291, 293, 309, 310, 311, 316, 317, 318, 323, 324, 325, 326, 328, 329, 330, 331, 338, 339, 340, 343, 344, 345, 347, 348, 355, 356, 369, 373, 378, 379, 383, 388, 389, 394, 395, 396, 397, 398, 401, 405, 410, 411, 412, 414, 417, 418, 421, 422, 423, 424, 428, 431, 432, 433, 437, 438, 439, 440, 441, 442, 443, 444, 445, 446, 447, 450, 451, 455, 456, 457, 458, 461, 462, 469, 470, 471, 472, 473, 474, 475, 485, 501, 504, 505, 508, 509, 510, 511, 512, 513, 514, 520, 523, 530, 531, 532, 533, 535, 536, 537, 538, 546, 547, 550, 562, 563, 591, 592, 597, 598, 602, 603, 610, 611, 612, 613, 621, 622, 623, 624, 629, 630, 637, 638, 648, 649, 661], "summary": {"covered_lines": 280, "num_statements": 319, "percent_covered": 87.7742946708464, "percent_covered_display": "88", "missing_lines": 39, "excluded_lines": 0, "percent_statements_covered": 87.7742946708464, "percent_statements_covered_display": "88"}, "missing_lines": [55, 154, 183, 188, 241, 262, 281, 282, 283, 284, 285, 292, 294, 295, 299, 302, 303, 306, 346, 359, 360, 361, 413, 425, 519, 548, 549, 569, 570, 571, 572, 580, 599, 631, 632, 639, 640, 650, 662], "excluded_lines": [], "functions": {"ResumeUpload.require_identity_or_resume": {"executed_lines": [54, 56], "summary": {"covered_lines": 2, "num_statements": 3, "percent_covered": 66.66666666666667, "percent_covered_display": "67", "missing_lines": 1, "excluded_lines": 0, "percent_statements_covered": 66.66666666666667, "percent_statements_covered_display": "67"}, "missing_lines": [55], "excluded_lines": [], "start_line": 53}, "_coverage_value": {"executed_lines": [133, 134], "summary": {"covered_lines": 2, "num_statements": 2, "percent_covered": 100.0, "percent_covered_display": "100", "missing_lines": 0, "excluded_lines": 0, "percent_statements_covered": 100.0, "percent_statements_covered_display": "100"}, "missing_lines": [], "excluded_lines": [], "start_line": 132}, "_load_pipeline": {"executed_lines": [138, 139, 144, 146, 147, 148, 149, 150, 158, 159, 160, 161, 162, 164, 165, 170, 171, 172, 173, 175, 176, 177, 180, 182, 190, 191, 193, 198, 201, 207, 210, 211], "summary": {"covered_lines": 32, "num_statements": 35, "percent_covered": 91.42857142857143, "percent_covered_display": "91", "missing_lines": 3, "excluded_lines": 0, "percent_statements_covered": 91.42857142857143, "percent_statements_covered_display": "91"}, "missing_lines": [154, 183, 188], "excluded_lines": [], "start_line": 137}, "lifespan": {"executed_lines": [237, 238, 239, 240], "summary": {"covered_lines": 4, "num_statements": 5, "percent_covered": 80.0, "percent_covered_display": "80", "missing_lines": 1, "excluded_lines": 0, "percent_statements_covered": 80.0, "percent_statements_covered_display": "80"}, "missing_lines": [241], "excluded_lines": [], "start_line": 236}, "timing_middleware": {"executed_lines": [249, 250, 251, 252, 253, 254, 255, 256, 257], "summary": {"covered_lines": 9, "num_statements": 9, "percent_covered": 100.0, "percent_covered_display": "100", "missing_lines": 0, "excluded_lines": 0, "percent_statements_covered": 100.0, "percent_statements_covered_display": "100"}, "missing_lines": [], "excluded_lines": [], "start_line": 248}, "get_pipeline": {"executed_lines": [261, 263], "summary": {"covered_lines": 2, "num_statements": 3, "percent_covered": 66.66666666666667, "percent_covered_display": "67", "missing_lines": 1, "excluded_lines": 0, "percent_statements_covered": 66.66666666666667, "percent_statements_covered_display": "67"}, "missing_lines": [262], "excluded_lines": [], "start_line": 260}, "_extract_skills": {"executed_lines": [267, 268], "summary": {"covered_lines": 2, "num_statements": 2, "percent_covered": 100.0, "percent_covered_display": "100", "missing_lines": 0, "excluded_lines": 0, "percent_statements_covered": 100.0, "percent_statements_covered_display": "100"}, "missing_lines": [], "excluded_lines": [], "start_line": 266}, "_candidate_jobs": {"executed_lines": [279, 280], "summary": {"covered_lines": 2, "num_statements": 7, "percent_covered": 28.571428571428573, "percent_covered_display": "29", "missing_lines": 5, "excluded_lines": 0, "percent_statements_covered": 28.571428571428573, "percent_statements_covered_display": "29"}, "missing_lines": [281, 282, 283, 284, 285], "excluded_lines": [], "start_line": 278}, "_target_job": {"executed_lines": [289, 290, 291, 293], "summary": {"covered_lines": 4, "num_statements": 11, "percent_covered": 36.36363636363637, "percent_covered_display": "36", "missing_lines": 7, "excluded_lines": 0, "percent_statements_covered": 36.36363636363637, "percent_statements_covered_display": "36"}, "missing_lines": [292, 294, 295, 299, 302, 303, 306], "excluded_lines": [], "start_line": 288}, "_require_profile_owner_or_admin": {"executed_lines": [310, 311], "summary": {"covered_lines": 2, "num_statements": 2, "percent_covered": 100.0, "percent_covered_display": "100", "missing_lines": 0, "excluded_lines": 0, "percent_statements_covered": 100.0, "percent_statements_covered_display": "100"}, "missing_lines": [], "excluded_lines": [], "start_line": 309}, "token": {"executed_lines": [318, 323, 324, 325, 326, 328, 329, 330, 331], "summary": {"covered_lines": 9, "num_statements": 9, "percent_covered": 100.0, "percent_covered_display": "100", "missing_lines": 0, "excluded_lines": 0, "percent_statements_covered": 100.0, "percent_statements_covered_display": "100"}, "missing_lines": [], "excluded_lines": [], "start_line": 317}, "live": {"executed_lines": [340], "summary": {"covered_lines": 1, "num_statements": 1, "percent_covered": 100.0, "percent_covered_display": "100", "missing_lines": 0, "excluded_lines": 0, "percent_statements_covered": 100.0, "percent_statements_covered_display": "100"}, "missing_lines": [], "excluded_lines": [], "start_line": 339}, "ready": {"executed_lines": [345, 347, 348], "summary": {"covered_lines": 3, "num_statements": 4, "percent_covered": 75.0, "percent_covered_display": "75", "missing_lines": 1, "excluded_lines": 0, "percent_statements_covered": 75.0, "percent_statements_covered_display": "75"}, "missing_lines": [346], "excluded_lines": [], "start_line": 344}, "model_info": {"executed_lines": [], "summary": {"covered_lines": 0, "num_statements": 3, "percent_covered": 0.0, "percent_covered_display": "0", "missing_lines": 3, "excluded_lines": 0, "percent_statements_covered": 0.0, "percent_statements_covered_display": "0"}, "missing_lines": [359, 360, 361], "excluded_lines": [], "start_line": 356}, "upsert_private_profile": {"executed_lines": [378, 379, 383], "summary": {"covered_lines": 3, "num_statements": 3, "percent_covered": 100.0, "percent_covered_display": "100", "missing_lines": 0, "excluded_lines": 0, "percent_statements_covered": 100.0, "percent_statements_covered_display": "100"}, "missing_lines": [], "excluded_lines": [], "start_line": 373}, "get_private_profile": {"executed_lines": [394, 395, 396, 397, 398], "summary": {"covered_lines": 5, "num_statements": 5, "percent_covered": 100.0, "percent_covered_display": "100", "missing_lines": 0, "excluded_lines": 0, "percent_statements_covered": 100.0, "percent_statements_covered_display": "100"}, "missing_lines": [], "excluded_lines": [], "start_line": 389}, "delete_private_profile": {"executed_lines": [410, 411, 412, 414], "summary": {"covered_lines": 4, "num_statements": 5, "percent_covered": 80.0, "percent_covered_display": "80", "missing_lines": 1, "excluded_lines": 0, "percent_statements_covered": 80.0, "percent_statements_covered_display": "80"}, "missing_lines": [413], "excluded_lines": [], "start_line": 405}, "recommend_jobs": {"executed_lines": [421, 422, 423, 424, 428, 431, 432, 433, 437, 438, 439, 440, 441, 442, 443, 444, 445, 446, 447, 450, 451, 455, 456, 457, 458, 461, 462, 469, 470, 471, 472, 473, 474, 475, 485, 501], "summary": {"covered_lines": 36, "num_statements": 37, "percent_covered": 97.29729729729729, "percent_covered_display": "97", "missing_lines": 1, "excluded_lines": 0, "percent_statements_covered": 97.29729729729729, "percent_statements_covered_display": "97"}, "missing_lines": [425], "excluded_lines": [], "start_line": 418}, "assess_competency": {"executed_lines": [508, 509, 510, 511, 512, 513, 514, 520, 523, 530, 531, 532, 533, 535, 536, 537, 538, 546, 547, 550], "summary": {"covered_lines": 20, "num_statements": 23, "percent_covered": 86.95652173913044, "percent_covered_display": "87", "missing_lines": 3, "excluded_lines": 0, "percent_statements_covered": 86.95652173913044, "percent_statements_covered_display": "87"}, "missing_lines": [519, 548, 549], "excluded_lines": [], "start_line": 505}, "recruit_match": {"executed_lines": [], "summary": {"covered_lines": 0, "num_statements": 5, "percent_covered": 0.0, "percent_covered_display": "0", "missing_lines": 5, "excluded_lines": 0, "percent_statements_covered": 0.0, "percent_statements_covered_display": "0"}, "missing_lines": [569, 570, 571, 572, 580], "excluded_lines": [], "start_line": 563}, "submit_feedback": {"executed_lines": [597, 598, 602, 603, 610, 611, 612, 613], "summary": {"covered_lines": 8, "num_statements": 9, "percent_covered": 88.88888888888889, "percent_covered_display": "89", "missing_lines": 1, "excluded_lines": 0, "percent_statements_covered": 88.88888888888889, "percent_statements_covered_display": "89"}, "missing_lines": [599], "excluded_lines": [], "start_line": 592}, "effectiveness_report": {"executed_lines": [623, 624], "summary": {"covered_lines": 2, "num_statements": 2, "percent_covered": 100.0, "percent_covered_display": "100", "missing_lines": 0, "excluded_lines": 0, "percent_statements_covered": 100.0, "percent_statements_covered_display": "100"}, "missing_lines": [], "excluded_lines": [], "start_line": 622}, "hot_jobs": {"executed_lines": [], "summary": {"covered_lines": 0, "num_statements": 2, "percent_covered": 0.0, "percent_covered_display": "0", "missing_lines": 2, "excluded_lines": 0, "percent_statements_covered": 0.0, "percent_statements_covered_display": "0"}, "missing_lines": [631, 632], "excluded_lines": [], "start_line": 630}, "service_metrics": {"executed_lines": [], "summary": {"covered_lines": 0, "num_statements": 2, "percent_covered": 0.0, "percent_covered_display": "0", "missing_lines": 2, "excluded_lines": 0, "percent_statements_covered": 0.0, "percent_statements_covered_display": "0"}, "missing_lines": [639, 640], "excluded_lines": [], "start_line": 638}, "demo_page": {"executed_lines": [], "summary": {"covered_lines": 0, "num_statements": 1, "percent_covered": 0.0, "percent_covered_display": "0", "missing_lines": 1, "excluded_lines": 0, "percent_statements_covered": 0.0, "percent_statements_covered_display": "0"}, "missing_lines": [650], "excluded_lines": [], "start_line": 649}, "create_app": {"executed_lines": [], "summary": {"covered_lines": 0, "num_statements": 1, "percent_covered": 0.0, "percent_covered_display": "0", "missing_lines": 1, "excluded_lines": 0, "percent_statements_covered": 0.0, "percent_statements_covered_display": "0"}, "missing_lines": [662], "excluded_lines": [], "start_line": 661}, "": {"executed_lines": [3, 5, 6, 7, 8, 9, 10, 11, 12, 13, 15, 16, 17, 18, 20, 27, 33, 34, 35, 36, 37, 38, 41, 42, 43, 46, 47, 48, 49, 50, 52, 53, 59, 60, 61, 62, 63, 64, 65, 66, 67, 70, 71, 72, 73, 74, 75, 76, 77, 78, 81, 82, 83, 84, 85, 88, 89, 90, 91, 92, 95, 96, 97, 98, 99, 100, 101, 102, 105, 106, 109, 110, 113, 114, 115, 118, 119, 120, 123, 124, 125, 126, 127, 128, 129, 132, 137, 235, 236, 244, 247, 248, 260, 266, 278, 288, 309, 316, 317, 338, 339, 343, 344, 355, 356, 369, 373, 388, 389, 401, 405, 417, 418, 504, 505, 562, 563, 591, 592, 621, 622, 629, 630, 637, 638, 648, 649, 661], "summary": {"covered_lines": 128, "num_statements": 128, "percent_covered": 100.0, "percent_covered_display": "100", "missing_lines": 0, "excluded_lines": 0, "percent_statements_covered": 100.0, "percent_statements_covered_display": "100"}, "missing_lines": [], "excluded_lines": [], "start_line": 1}}, "classes": {"TokenRequest": {"executed_lines": [], "summary": {"covered_lines": 0, "num_statements": 0, "percent_covered": 100.0, "percent_covered_display": "100", "missing_lines": 0, "excluded_lines": 0, "percent_statements_covered": 100.0, "percent_statements_covered_display": "100"}, "missing_lines": [], "excluded_lines": [], "start_line": 41}, "ResumeUpload": {"executed_lines": [54, 56], "summary": {"covered_lines": 2, "num_statements": 3, "percent_covered": 66.66666666666667, "percent_covered_display": "67", "missing_lines": 1, "excluded_lines": 0, "percent_statements_covered": 66.66666666666667, "percent_statements_covered_display": "67"}, "missing_lines": [55], "excluded_lines": [], "start_line": 46}, "RecommendResponse": {"executed_lines": [], "summary": {"covered_lines": 0, "num_statements": 0, "percent_covered": 100.0, "percent_covered_display": "100", "missing_lines": 0, "excluded_lines": 0, "percent_statements_covered": 100.0, "percent_statements_covered_display": "100"}, "missing_lines": [], "excluded_lines": [], "start_line": 59}, "CompetencyReport": {"executed_lines": [], "summary": {"covered_lines": 0, "num_statements": 0, "percent_covered": 100.0, "percent_covered_display": "100", "missing_lines": 0, "excluded_lines": 0, "percent_statements_covered": 100.0, "percent_statements_covered_display": "100"}, "missing_lines": [], "excluded_lines": [], "start_line": 70}, "CandidateMatch": {"executed_lines": [], "summary": {"covered_lines": 0, "num_statements": 0, "percent_covered": 100.0, "percent_covered_display": "100", "missing_lines": 0, "excluded_lines": 0, "percent_statements_covered": 100.0, "percent_statements_covered_display": "100"}, "missing_lines": [], "excluded_lines": [], "start_line": 81}, "FeedbackRequest": {"executed_lines": [], "summary": {"covered_lines": 0, "num_statements": 0, "percent_covered": 100.0, "percent_covered_display": "100", "missing_lines": 0, "excluded_lines": 0, "percent_statements_covered": 100.0, "percent_statements_covered_display": "100"}, "missing_lines": [], "excluded_lines": [], "start_line": 88}, "FeedbackResponse": {"executed_lines": [], "summary": {"covered_lines": 0, "num_statements": 0, "percent_covered": 100.0, "percent_covered_display": "100", "missing_lines": 0, "excluded_lines": 0, "percent_statements_covered": 100.0, "percent_statements_covered_display": "100"}, "missing_lines": [], "excluded_lines": [], "start_line": 95}, "PrivateProfileRequest": {"executed_lines": [], "summary": {"covered_lines": 0, "num_statements": 0, "percent_covered": 100.0, "percent_covered_display": "100", "missing_lines": 0, "excluded_lines": 0, "percent_statements_covered": 100.0, "percent_statements_covered_display": "100"}, "missing_lines": [], "excluded_lines": [], "start_line": 105}, "PrivateProfileResponse": {"executed_lines": [], "summary": {"covered_lines": 0, "num_statements": 0, "percent_covered": 100.0, "percent_covered_display": "100", "missing_lines": 0, "excluded_lines": 0, "percent_statements_covered": 100.0, "percent_statements_covered_display": "100"}, "missing_lines": [], "excluded_lines": [], "start_line": 109}, "PrivateProfileMutationResponse": {"executed_lines": [], "summary": {"covered_lines": 0, "num_statements": 0, "percent_covered": 100.0, "percent_covered_display": "100", "missing_lines": 0, "excluded_lines": 0, "percent_statements_covered": 100.0, "percent_statements_covered_display": "100"}, "missing_lines": [], "excluded_lines": [], "start_line": 113}, "TrendReport": {"executed_lines": [], "summary": {"covered_lines": 0, "num_statements": 0, "percent_covered": 100.0, "percent_covered_display": "100", "missing_lines": 0, "excluded_lines": 0, "percent_statements_covered": 100.0, "percent_statements_covered_display": "100"}, "missing_lines": [], "excluded_lines": [], "start_line": 118}, "EffectivenessResponse": {"executed_lines": [], "summary": {"covered_lines": 0, "num_statements": 0, "percent_covered": 100.0, "percent_covered_display": "100", "missing_lines": 0, "excluded_lines": 0, "percent_statements_covered": 100.0, "percent_statements_covered_display": "100"}, "missing_lines": [], "excluded_lines": [], "start_line": 123}, "": {"executed_lines": [3, 5, 6, 7, 8, 9, 10, 11, 12, 13, 15, 16, 17, 18, 20, 27, 33, 34, 35, 36, 37, 38, 41, 42, 43, 46, 47, 48, 49, 50, 52, 53, 59, 60, 61, 62, 63, 64, 65, 66, 67, 70, 71, 72, 73, 74, 75, 76, 77, 78, 81, 82, 83, 84, 85, 88, 89, 90, 91, 92, 95, 96, 97, 98, 99, 100, 101, 102, 105, 106, 109, 110, 113, 114, 115, 118, 119, 120, 123, 124, 125, 126, 127, 128, 129, 132, 133, 134, 137, 138, 139, 144, 146, 147, 148, 149, 150, 158, 159, 160, 161, 162, 164, 165, 170, 171, 172, 173, 175, 176, 177, 180, 182, 190, 191, 193, 198, 201, 207, 210, 211, 235, 236, 237, 238, 239, 240, 244, 247, 248, 249, 250, 251, 252, 253, 254, 255, 256, 257, 260, 261, 263, 266, 267, 268, 278, 279, 280, 288, 289, 290, 291, 293, 309, 310, 311, 316, 317, 318, 323, 324, 325, 326, 328, 329, 330, 331, 338, 339, 340, 343, 344, 345, 347, 348, 355, 356, 369, 373, 378, 379, 383, 388, 389, 394, 395, 396, 397, 398, 401, 405, 410, 411, 412, 414, 417, 418, 421, 422, 423, 424, 428, 431, 432, 433, 437, 438, 439, 440, 441, 442, 443, 444, 445, 446, 447, 450, 451, 455, 456, 457, 458, 461, 462, 469, 470, 471, 472, 473, 474, 475, 485, 501, 504, 505, 508, 509, 510, 511, 512, 513, 514, 520, 523, 530, 531, 532, 533, 535, 536, 537, 538, 546, 547, 550, 562, 563, 591, 592, 597, 598, 602, 603, 610, 611, 612, 613, 621, 622, 623, 624, 629, 630, 637, 638, 648, 649, 661], "summary": {"covered_lines": 278, "num_statements": 316, "percent_covered": 87.9746835443038, "percent_covered_display": "88", "missing_lines": 38, "excluded_lines": 0, "percent_statements_covered": 87.9746835443038, "percent_statements_covered_display": "88"}, "missing_lines": [154, 183, 188, 241, 262, 281, 282, 283, 284, 285, 292, 294, 295, 299, 302, 303, 306, 346, 359, 360, 361, 413, 425, 519, 548, 549, 569, 570, 571, 572, 580, 599, 631, 632, 639, 640, 650, 662], "excluded_lines": [], "start_line": 1}}}, "src/cli.py": {"executed_lines": [3, 5, 6, 9, 10, 14, 16, 17, 18, 20, 23, 24, 25, 26, 28, 31, 34, 35, 37, 40, 43, 44, 45, 46, 47, 48, 51, 53, 54, 55, 56, 57], "summary": {"covered_lines": 32, "num_statements": 55, "percent_covered": 58.18181818181818, "percent_covered_display": "58", "missing_lines": 23, "excluded_lines": 0, "percent_statements_covered": 58.18181818181818, "percent_statements_covered_display": "58"}, "missing_lines": [59, 60, 62, 63, 65, 66, 68, 69, 70, 72, 73, 75, 80, 81, 82, 83, 85, 86, 88, 96, 106, 108, 109], "excluded_lines": [], "functions": {"_parser": {"executed_lines": [10, 14, 16, 17, 18, 20, 23, 24, 25, 26, 28, 31, 34, 35, 37, 40, 43, 44, 45, 46, 47, 48], "summary": {"covered_lines": 22, "num_statements": 22, "percent_covered": 100.0, "percent_covered_display": "100", "missing_lines": 0, "excluded_lines": 0, "percent_statements_covered": 100.0, "percent_statements_covered_display": "100"}, "missing_lines": [], "excluded_lines": [], "start_line": 9}, "main": {"executed_lines": [53, 54, 55, 56, 57], "summary": {"covered_lines": 5, "num_statements": 28, "percent_covered": 17.857142857142858, "percent_covered_display": "18", "missing_lines": 23, "excluded_lines": 0, "percent_statements_covered": 17.857142857142858, "percent_statements_covered_display": "18"}, "missing_lines": [59, 60, 62, 63, 65, 66, 68, 69, 70, 72, 73, 75, 80, 81, 82, 83, 85, 86, 88, 96, 106, 108, 109], "excluded_lines": [], "start_line": 51}, "": {"executed_lines": [3, 5, 6, 9, 51], "summary": {"covered_lines": 5, "num_statements": 5, "percent_covered": 100.0, "percent_covered_display": "100", "missing_lines": 0, "excluded_lines": 0, "percent_statements_covered": 100.0, "percent_statements_covered_display": "100"}, "missing_lines": [], "excluded_lines": [], "start_line": 1}}, "classes": {"": {"executed_lines": [3, 5, 6, 9, 10, 14, 16, 17, 18, 20, 23, 24, 25, 26, 28, 31, 34, 35, 37, 40, 43, 44, 45, 46, 47, 48, 51, 53, 54, 55, 56, 57], "summary": {"covered_lines": 32, "num_statements": 55, "percent_covered": 58.18181818181818, "percent_covered_display": "58", "missing_lines": 23, "excluded_lines": 0, "percent_statements_covered": 58.18181818181818, "percent_statements_covered_display": "58"}, "missing_lines": [59, 60, 62, 63, 65, 66, 68, 69, 70, 72, 73, 75, 80, 81, 82, 83, 85, 86, 88, 96, 106, 108, 109], "excluded_lines": [], "start_line": 1}}}, "src/config/__init__.py": {"executed_lines": [5, 14], "summary": {"covered_lines": 2, "num_statements": 2, "percent_covered": 100.0, "percent_covered_display": "100", "missing_lines": 0, "excluded_lines": 0, "percent_statements_covered": 100.0, "percent_statements_covered_display": "100"}, "missing_lines": [], "excluded_lines": [], "functions": {"": {"executed_lines": [5, 14], "summary": {"covered_lines": 2, "num_statements": 2, "percent_covered": 100.0, "percent_covered_display": "100", "missing_lines": 0, "excluded_lines": 0, "percent_statements_covered": 100.0, "percent_statements_covered_display": "100"}, "missing_lines": [], "excluded_lines": [], "start_line": 1}}, "classes": {"": {"executed_lines": [5, 14], "summary": {"covered_lines": 2, "num_statements": 2, "percent_covered": 100.0, "percent_covered_display": "100", "missing_lines": 0, "excluded_lines": 0, "percent_statements_covered": 100.0, "percent_statements_covered_display": "100"}, "missing_lines": [], "excluded_lines": [], "start_line": 1}}}, "src/config/settings.py": {"executed_lines": [7, 8, 10, 13, 16, 17, 18, 21, 28, 31, 32, 33, 34, 37, 40, 41, 46, 49, 50, 55, 58, 59, 62, 71, 72, 73, 76, 77, 82, 85, 90, 96, 99, 100, 103, 104, 105, 108, 109, 112, 118, 119, 120, 123, 125, 127, 128, 130, 132, 133, 137, 145, 162, 165, 170, 173], "summary": {"covered_lines": 56, "num_statements": 68, "percent_covered": 82.3529411764706, "percent_covered_display": "82", "missing_lines": 12, "excluded_lines": 0, "percent_statements_covered": 82.3529411764706, "percent_statements_covered_display": "82"}, "missing_lines": [135, 139, 150, 151, 152, 153, 154, 155, 156, 157, 158, 179], "excluded_lines": [], "functions": {"Settings.get_default": {"executed_lines": [130], "summary": {"covered_lines": 1, "num_statements": 1, "percent_covered": 100.0, "percent_covered_display": "100", "missing_lines": 0, "excluded_lines": 0, "percent_statements_covered": 100.0, "percent_statements_covered_display": "100"}, "missing_lines": [], "excluded_lines": [], "start_line": 128}, "Settings.from_dict": {"executed_lines": [], "summary": {"covered_lines": 0, "num_statements": 1, "percent_covered": 0.0, "percent_covered_display": "0", "missing_lines": 1, "excluded_lines": 0, "percent_statements_covered": 0.0, "percent_statements_covered_display": "0"}, "missing_lines": [135], "excluded_lines": [], "start_line": 133}, "Settings.to_dict": {"executed_lines": [], "summary": {"covered_lines": 0, "num_statements": 1, "percent_covered": 0.0, "percent_covered_display": "0", "missing_lines": 1, "excluded_lines": 0, "percent_statements_covered": 0.0, "percent_statements_covered_display": "0"}, "missing_lines": [139], "excluded_lines": [], "start_line": 137}, "Settings.update": {"executed_lines": [], "summary": {"covered_lines": 0, "num_statements": 9, "percent_covered": 0.0, "percent_covered_display": "0", "missing_lines": 9, "excluded_lines": 0, "percent_statements_covered": 0.0, "percent_statements_covered_display": "0"}, "missing_lines": [150, 151, 152, 153, 154, 155, 156, 157, 158], "excluded_lines": [], "start_line": 145}, "get_settings": {"executed_lines": [170], "summary": {"covered_lines": 1, "num_statements": 1, "percent_covered": 100.0, "percent_covered_display": "100", "missing_lines": 0, "excluded_lines": 0, "percent_statements_covered": 100.0, "percent_statements_covered_display": "100"}, "missing_lines": [], "excluded_lines": [], "start_line": 165}, "update_settings": {"executed_lines": [], "summary": {"covered_lines": 0, "num_statements": 1, "percent_covered": 0.0, "percent_covered_display": "0", "missing_lines": 1, "excluded_lines": 0, "percent_statements_covered": 0.0, "percent_statements_covered_display": "0"}, "missing_lines": [179], "excluded_lines": [], "start_line": 173}, "": {"executed_lines": [7, 8, 10, 13, 16, 17, 18, 21, 28, 31, 32, 33, 34, 37, 40, 41, 46, 49, 50, 55, 58, 59, 62, 71, 72, 73, 76, 77, 82, 85, 90, 96, 99, 100, 103, 104, 105, 108, 109, 112, 118, 119, 120, 123, 125, 127, 128, 132, 133, 137, 145, 162, 165, 173], "summary": {"covered_lines": 54, "num_statements": 54, "percent_covered": 100.0, "percent_covered_display": "100", "missing_lines": 0, "excluded_lines": 0, "percent_statements_covered": 100.0, "percent_statements_covered_display": "100"}, "missing_lines": [], "excluded_lines": [], "start_line": 1}}, "classes": {"DeviceType": {"executed_lines": [], "summary": {"covered_lines": 0, "num_statements": 0, "percent_covered": 100.0, "percent_covered_display": "100", "missing_lines": 0, "excluded_lines": 0, "percent_statements_covered": 100.0, "percent_statements_covered_display": "100"}, "missing_lines": [], "excluded_lines": [], "start_line": 13}, "ModelConfig": {"executed_lines": [], "summary": {"covered_lines": 0, "num_statements": 0, "percent_covered": 100.0, "percent_covered_display": "100", "missing_lines": 0, "excluded_lines": 0, "percent_statements_covered": 100.0, "percent_statements_covered_display": "100"}, "missing_lines": [], "excluded_lines": [], "start_line": 21}, "DataConfig": {"executed_lines": [], "summary": {"covered_lines": 0, "num_statements": 0, "percent_covered": 100.0, "percent_covered_display": "100", "missing_lines": 0, "excluded_lines": 0, "percent_statements_covered": 100.0, "percent_statements_covered_display": "100"}, "missing_lines": [], "excluded_lines": [], "start_line": 62}, "SystemConfig": {"executed_lines": [], "summary": {"covered_lines": 0, "num_statements": 0, "percent_covered": 100.0, "percent_covered_display": "100", "missing_lines": 0, "excluded_lines": 0, "percent_statements_covered": 100.0, "percent_statements_covered_display": "100"}, "missing_lines": [], "excluded_lines": [], "start_line": 90}, "Settings": {"executed_lines": [130], "summary": {"covered_lines": 1, "num_statements": 12, "percent_covered": 8.333333333333334, "percent_covered_display": "8", "missing_lines": 11, "excluded_lines": 0, "percent_statements_covered": 8.333333333333334, "percent_statements_covered_display": "8"}, "missing_lines": [135, 139, 150, 151, 152, 153, 154, 155, 156, 157, 158], "excluded_lines": [], "start_line": 112}, "": {"executed_lines": [7, 8, 10, 13, 16, 17, 18, 21, 28, 31, 32, 33, 34, 37, 40, 41, 46, 49, 50, 55, 58, 59, 62, 71, 72, 73, 76, 77, 82, 85, 90, 96, 99, 100, 103, 104, 105, 108, 109, 112, 118, 119, 120, 123, 125, 127, 128, 132, 133, 137, 145, 162, 165, 170, 173], "summary": {"covered_lines": 55, "num_statements": 56, "percent_covered": 98.21428571428571, "percent_covered_display": "98", "missing_lines": 1, "excluded_lines": 0, "percent_statements_covered": 98.21428571428571, "percent_statements_covered_display": "98"}, "missing_lines": [179], "excluded_lines": [], "start_line": 1}}}, "src/data/__init__.py": {"executed_lines": [5, 11, 12, 13, 14, 24, 30], "summary": {"covered_lines": 7, "num_statements": 7, "percent_covered": 100.0, "percent_covered_display": "100", "missing_lines": 0, "excluded_lines": 0, "percent_statements_covered": 100.0, "percent_statements_covered_display": "100"}, "missing_lines": [], "excluded_lines": [], "functions": {"": {"executed_lines": [5, 11, 12, 13, 14, 24, 30], "summary": {"covered_lines": 7, "num_statements": 7, "percent_covered": 100.0, "percent_covered_display": "100", "missing_lines": 0, "excluded_lines": 0, "percent_statements_covered": 100.0, "percent_statements_covered_display": "100"}, "missing_lines": [], "excluded_lines": [], "start_line": 1}}, "classes": {"": {"executed_lines": [5, 11, 12, 13, 14, 24, 30], "summary": {"covered_lines": 7, "num_statements": 7, "percent_covered": 100.0, "percent_covered_display": "100", "missing_lines": 0, "excluded_lines": 0, "percent_statements_covered": 100.0, "percent_statements_covered_display": "100"}, "missing_lines": [], "excluded_lines": [], "start_line": 1}}}, "src/data/anonymizer.py": {"executed_lines": [], "summary": {"covered_lines": 0, "num_statements": 19, "percent_covered": 0.0, "percent_covered_display": "0", "missing_lines": 19, "excluded_lines": 0, "percent_statements_covered": 0.0, "percent_statements_covered_display": "0"}, "missing_lines": [6, 7, 10, 11, 12, 15, 16, 19, 20, 21, 22, 23, 26, 27, 30, 31, 32, 33, 34], "excluded_lines": [], "functions": {"anonymize_email": {"executed_lines": [], "summary": {"covered_lines": 0, "num_statements": 2, "percent_covered": 0.0, "percent_covered_display": "0", "missing_lines": 2, "excluded_lines": 0, "percent_statements_covered": 0.0, "percent_statements_covered_display": "0"}, "missing_lines": [11, 12], "excluded_lines": [], "start_line": 10}, "anonymize_phone": {"executed_lines": [], "summary": {"covered_lines": 0, "num_statements": 1, "percent_covered": 0.0, "percent_covered_display": "0", "missing_lines": 1, "excluded_lines": 0, "percent_statements_covered": 0.0, "percent_statements_covered_display": "0"}, "missing_lines": [16], "excluded_lines": [], "start_line": 15}, "anonymize_name": {"executed_lines": [], "summary": {"covered_lines": 0, "num_statements": 4, "percent_covered": 0.0, "percent_covered_display": "0", "missing_lines": 4, "excluded_lines": 0, "percent_statements_covered": 0.0, "percent_statements_covered_display": "0"}, "missing_lines": [20, 21, 22, 23], "excluded_lines": [], "start_line": 19}, "pseudonymize": {"executed_lines": [], "summary": {"covered_lines": 0, "num_statements": 1, "percent_covered": 0.0, "percent_covered_display": "0", "missing_lines": 1, "excluded_lines": 0, "percent_statements_covered": 0.0, "percent_statements_covered_display": "0"}, "missing_lines": [27], "excluded_lines": [], "start_line": 26}, "anonymize_resume": {"executed_lines": [], "summary": {"covered_lines": 0, "num_statements": 4, "percent_covered": 0.0, "percent_covered_display": "0", "missing_lines": 4, "excluded_lines": 0, "percent_statements_covered": 0.0, "percent_statements_covered_display": "0"}, "missing_lines": [31, 32, 33, 34], "excluded_lines": [], "start_line": 30}, "": {"executed_lines": [], "summary": {"covered_lines": 0, "num_statements": 7, "percent_covered": 0.0, "percent_covered_display": "0", "missing_lines": 7, "excluded_lines": 0, "percent_statements_covered": 0.0, "percent_statements_covered_display": "0"}, "missing_lines": [6, 7, 10, 15, 19, 26, 30], "excluded_lines": [], "start_line": 1}}, "classes": {"": {"executed_lines": [], "summary": {"covered_lines": 0, "num_statements": 19, "percent_covered": 0.0, "percent_covered_display": "0", "missing_lines": 19, "excluded_lines": 0, "percent_statements_covered": 0.0, "percent_statements_covered_display": "0"}, "missing_lines": [6, 7, 10, 11, 12, 15, 16, 19, 20, 21, 22, 23, 26, 27, 30, 31, 32, 33, 34], "excluded_lines": [], "start_line": 1}}}, "src/data/external.py": {"executed_lines": [6, 8, 9, 10, 11, 12, 13, 15, 17, 20, 23, 25, 26, 27, 28, 29, 30, 31, 34, 37, 39, 40, 41, 42, 44, 45, 46, 47, 48, 51, 53, 56, 59, 60, 61, 62, 63, 64, 65, 66, 67, 68, 69, 70, 73, 76, 77, 78, 79, 81, 82, 85, 87, 90, 91, 92, 93, 94, 95, 98, 99, 100, 101, 104, 105, 108, 111, 127, 128, 129, 130, 133, 134, 135, 136, 137, 138, 141, 142, 143, 144, 145, 148, 154, 156, 157, 158, 159, 161, 166, 179, 182], "summary": {"covered_lines": 92, "num_statements": 100, "percent_covered": 92.0, "percent_covered_display": "92", "missing_lines": 8, "excluded_lines": 0, "percent_statements_covered": 92.0, "percent_statements_covered_display": "92"}, "missing_lines": [49, 50, 52, 80, 83, 84, 86, 131], "excluded_lines": [], "functions": {"ExternalInteraction.require_aware_iso_timestamp": {"executed_lines": [47, 48, 51, 53], "summary": {"covered_lines": 4, "num_statements": 7, "percent_covered": 57.142857142857146, "percent_covered_display": "57", "missing_lines": 3, "excluded_lines": 0, "percent_statements_covered": 57.142857142857146, "percent_statements_covered_display": "57"}, "missing_lines": [49, 50, 52], "excluded_lines": [], "start_line": 46}, "_read_jsonl": {"executed_lines": [77, 78, 79, 81, 82, 85, 87], "summary": {"covered_lines": 7, "num_statements": 11, "percent_covered": 63.63636363636363, "percent_covered_display": "64", "missing_lines": 4, "excluded_lines": 0, "percent_statements_covered": 63.63636363636363, "percent_statements_covered_display": "64"}, "missing_lines": [80, 83, 84, 86], "excluded_lines": [], "start_line": 76}, "_sha256": {"executed_lines": [91, 92, 93, 94, 95], "summary": {"covered_lines": 5, "num_statements": 5, "percent_covered": 100.0, "percent_covered_display": "100", "missing_lines": 0, "excluded_lines": 0, "percent_statements_covered": 100.0, "percent_statements_covered_display": "100"}, "missing_lines": [], "excluded_lines": [], "start_line": 90}, "_write_jsonl": {"executed_lines": [99, 100, 101], "summary": {"covered_lines": 3, "num_statements": 3, "percent_covered": 100.0, "percent_covered_display": "100", "missing_lines": 0, "excluded_lines": 0, "percent_statements_covered": 100.0, "percent_statements_covered_display": "100"}, "missing_lines": [], "excluded_lines": [], "start_line": 98}, "_pseudonymize": {"executed_lines": [105, 108], "summary": {"covered_lines": 2, "num_statements": 2, "percent_covered": 100.0, "percent_covered_display": "100", "missing_lines": 0, "excluded_lines": 0, "percent_statements_covered": 100.0, "percent_statements_covered_display": "100"}, "missing_lines": [], "excluded_lines": [], "start_line": 104}, "prepare_external_snapshot": {"executed_lines": [127, 128, 129, 130, 133, 134, 135, 136, 137, 138, 141, 142, 143, 144, 145, 148, 154, 156, 157, 158, 159, 161, 166, 179, 182], "summary": {"covered_lines": 25, "num_statements": 26, "percent_covered": 96.15384615384616, "percent_covered_display": "96", "missing_lines": 1, "excluded_lines": 0, "percent_statements_covered": 96.15384615384616, "percent_statements_covered_display": "96"}, "missing_lines": [131], "excluded_lines": [], "start_line": 111}, "": {"executed_lines": [6, 8, 9, 10, 11, 12, 13, 15, 17, 20, 23, 25, 26, 27, 28, 29, 30, 31, 34, 37, 39, 40, 41, 42, 44, 45, 46, 56, 59, 60, 61, 62, 63, 64, 65, 66, 67, 68, 69, 70, 73, 76, 90, 98, 104, 111], "summary": {"covered_lines": 46, "num_statements": 46, "percent_covered": 100.0, "percent_covered_display": "100", "missing_lines": 0, "excluded_lines": 0, "percent_statements_covered": 100.0, "percent_statements_covered_display": "100"}, "missing_lines": [], "excluded_lines": [], "start_line": 1}}, "classes": {"ExternalJob": {"executed_lines": [], "summary": {"covered_lines": 0, "num_statements": 0, "percent_covered": 100.0, "percent_covered_display": "100", "missing_lines": 0, "excluded_lines": 0, "percent_statements_covered": 100.0, "percent_statements_covered_display": "100"}, "missing_lines": [], "excluded_lines": [], "start_line": 20}, "ExternalInteraction": {"executed_lines": [47, 48, 51, 53], "summary": {"covered_lines": 4, "num_statements": 7, "percent_covered": 57.142857142857146, "percent_covered_display": "57", "missing_lines": 3, "excluded_lines": 0, "percent_statements_covered": 57.142857142857146, "percent_statements_covered_display": "57"}, "missing_lines": [49, 50, 52], "excluded_lines": [], "start_line": 34}, "ExternalDatasetManifest": {"executed_lines": [], "summary": {"covered_lines": 0, "num_statements": 0, "percent_covered": 100.0, "percent_covered_display": "100", "missing_lines": 0, "excluded_lines": 0, "percent_statements_covered": 100.0, "percent_statements_covered_display": "100"}, "missing_lines": [], "excluded_lines": [], "start_line": 56}, "": {"executed_lines": [6, 8, 9, 10, 11, 12, 13, 15, 17, 20, 23, 25, 26, 27, 28, 29, 30, 31, 34, 37, 39, 40, 41, 42, 44, 45, 46, 56, 59, 60, 61, 62, 63, 64, 65, 66, 67, 68, 69, 70, 73, 76, 77, 78, 79, 81, 82, 85, 87, 90, 91, 92, 93, 94, 95, 98, 99, 100, 101, 104, 105, 108, 111, 127, 128, 129, 130, 133, 134, 135, 136, 137, 138, 141, 142, 143, 144, 145, 148, 154, 156, 157, 158, 159, 161, 166, 179, 182], "summary": {"covered_lines": 88, "num_statements": 93, "percent_covered": 94.6236559139785, "percent_covered_display": "95", "missing_lines": 5, "excluded_lines": 0, "percent_statements_covered": 94.6236559139785, "percent_statements_covered_display": "95"}, "missing_lines": [80, 83, 84, 86, 131], "excluded_lines": [], "start_line": 1}}}, "src/data/generator.py": {"executed_lines": [5, 6, 7, 9, 21, 135, 143, 167, 181, 195, 204, 211, 230, 232, 234, 235, 236, 237, 238, 241, 242, 245, 246, 256, 257, 268, 270, 273, 275, 276, 278, 279, 280, 281, 282, 285, 286, 287, 290, 293, 295, 306, 309, 311, 312, 314, 315, 316, 317, 320, 321, 322, 327, 328, 332, 336, 339, 342, 346, 347, 350, 351, 353, 365, 368, 375, 376, 377, 379, 381, 382, 383, 384, 385, 391, 392, 394, 400, 403, 410, 411, 412, 413, 414, 415, 416, 417, 418, 424, 427, 428, 429, 430, 435, 444, 447, 454, 455, 457, 459, 460, 461, 462, 465, 469], "summary": {"covered_lines": 105, "num_statements": 106, "percent_covered": 99.05660377358491, "percent_covered_display": "99", "missing_lines": 1, "excluded_lines": 0, "percent_statements_covered": 99.05660377358491, "percent_statements_covered_display": "99"}, "missing_lines": [233], "excluded_lines": [], "functions": {"compatibility_score": {"executed_lines": [232, 234, 235, 236, 237, 238, 241, 242, 245, 246], "summary": {"covered_lines": 10, "num_statements": 11, "percent_covered": 90.9090909090909, "percent_covered_display": "91", "missing_lines": 1, "excluded_lines": 0, "percent_statements_covered": 90.9090909090909, "percent_statements_covered_display": "91"}, "missing_lines": [233], "excluded_lines": [], "start_line": 230}, "generate_skill_relations": {"executed_lines": [257], "summary": {"covered_lines": 1, "num_statements": 1, "percent_covered": 100.0, "percent_covered_display": "100", "missing_lines": 0, "excluded_lines": 0, "percent_statements_covered": 100.0, "percent_statements_covered_display": "100"}, "missing_lines": [], "excluded_lines": [], "start_line": 256}, "generate_skills": {"executed_lines": [270], "summary": {"covered_lines": 1, "num_statements": 1, "percent_covered": 100.0, "percent_covered_display": "100", "missing_lines": 0, "excluded_lines": 0, "percent_statements_covered": 100.0, "percent_statements_covered_display": "100"}, "missing_lines": [], "excluded_lines": [], "start_line": 268}, "generate_users": {"executed_lines": [275, 276, 278, 279, 280, 281, 282, 285, 286, 287, 290, 293, 295, 306], "summary": {"covered_lines": 14, "num_statements": 14, "percent_covered": 100.0, "percent_covered_display": "100", "missing_lines": 0, "excluded_lines": 0, "percent_statements_covered": 100.0, "percent_statements_covered_display": "100"}, "missing_lines": [], "excluded_lines": [], "start_line": 273}, "generate_jobs": {"executed_lines": [311, 312, 314, 315, 316, 317, 320, 321, 322, 327, 328, 332, 336, 339, 342, 346, 347, 350, 351, 353, 365], "summary": {"covered_lines": 21, "num_statements": 21, "percent_covered": 100.0, "percent_covered_display": "100", "missing_lines": 0, "excluded_lines": 0, "percent_statements_covered": 100.0, "percent_statements_covered_display": "100"}, "missing_lines": [], "excluded_lines": [], "start_line": 309}, "generate_applications": {"executed_lines": [375, 376, 377, 379, 381, 382, 383, 384, 385, 391, 392, 394, 400], "summary": {"covered_lines": 13, "num_statements": 13, "percent_covered": 100.0, "percent_covered_display": "100", "missing_lines": 0, "excluded_lines": 0, "percent_statements_covered": 100.0, "percent_statements_covered_display": "100"}, "missing_lines": [], "excluded_lines": [], "start_line": 368}, "generate_interactions": {"executed_lines": [410, 411, 412, 413, 414, 415, 416, 417, 418, 424, 427, 428, 429, 430, 435, 444], "summary": {"covered_lines": 16, "num_statements": 16, "percent_covered": 100.0, "percent_covered_display": "100", "missing_lines": 0, "excluded_lines": 0, "percent_statements_covered": 100.0, "percent_statements_covered_display": "100"}, "missing_lines": [], "excluded_lines": [], "start_line": 403}, "generate_mock_data": {"executed_lines": [454, 455, 457, 459, 460, 461, 462, 465, 469], "summary": {"covered_lines": 9, "num_statements": 9, "percent_covered": 100.0, "percent_covered_display": "100", "missing_lines": 0, "excluded_lines": 0, "percent_statements_covered": 100.0, "percent_statements_covered_display": "100"}, "missing_lines": [], "excluded_lines": [], "start_line": 447}, "": {"executed_lines": [5, 6, 7, 9, 21, 135, 143, 167, 181, 195, 204, 211, 230, 256, 268, 273, 309, 368, 403, 447], "summary": {"covered_lines": 20, "num_statements": 20, "percent_covered": 100.0, "percent_covered_display": "100", "missing_lines": 0, "excluded_lines": 0, "percent_statements_covered": 100.0, "percent_statements_covered_display": "100"}, "missing_lines": [], "excluded_lines": [], "start_line": 1}}, "classes": {"": {"executed_lines": [5, 6, 7, 9, 21, 135, 143, 167, 181, 195, 204, 211, 230, 232, 234, 235, 236, 237, 238, 241, 242, 245, 246, 256, 257, 268, 270, 273, 275, 276, 278, 279, 280, 281, 282, 285, 286, 287, 290, 293, 295, 306, 309, 311, 312, 314, 315, 316, 317, 320, 321, 322, 327, 328, 332, 336, 339, 342, 346, 347, 350, 351, 353, 365, 368, 375, 376, 377, 379, 381, 382, 383, 384, 385, 391, 392, 394, 400, 403, 410, 411, 412, 413, 414, 415, 416, 417, 418, 424, 427, 428, 429, 430, 435, 444, 447, 454, 455, 457, 459, 460, 461, 462, 465, 469], "summary": {"covered_lines": 105, "num_statements": 106, "percent_covered": 99.05660377358491, "percent_covered_display": "99", "missing_lines": 1, "excluded_lines": 0, "percent_statements_covered": 99.05660377358491, "percent_statements_covered_display": "99"}, "missing_lines": [233], "excluded_lines": [], "start_line": 1}}}, "src/data/graph_store.py": {"executed_lines": [3, 5, 6, 8, 9, 12, 17, 18, 21, 23, 24, 26, 29, 30, 33, 40, 49, 52, 57], "summary": {"covered_lines": 19, "num_statements": 34, "percent_covered": 55.88235294117647, "percent_covered_display": "56", "missing_lines": 15, "excluded_lines": 4, "percent_statements_covered": 55.88235294117647, "percent_statements_covered_display": "56"}, "missing_lines": [27, 43, 44, 46, 47, 50, 53, 54, 55, 58, 68, 82, 83, 87, 91], "excluded_lines": [13, 14, 15, 16], "functions": {"SkillGraphStore.competency_evidence": {"executed_lines": [], "summary": {"covered_lines": 0, "num_statements": 0, "percent_covered": 100.0, "percent_covered_display": "100", "missing_lines": 0, "excluded_lines": 1, "percent_statements_covered": 100.0, "percent_statements_covered_display": "100"}, "missing_lines": [], "excluded_lines": [13], "start_line": 13}, "SkillGraphStore.healthcheck": {"executed_lines": [], "summary": {"covered_lines": 0, "num_statements": 0, "percent_covered": 100.0, "percent_covered_display": "100", "missing_lines": 0, "excluded_lines": 1, "percent_statements_covered": 100.0, "percent_statements_covered_display": "100"}, "missing_lines": [], "excluded_lines": [14], "start_line": 14}, "InMemorySkillGraph.__post_init__": {"executed_lines": [24], "summary": {"covered_lines": 1, "num_statements": 1, "percent_covered": 100.0, "percent_covered_display": "100", "missing_lines": 0, "excluded_lines": 0, "percent_statements_covered": 100.0, "percent_statements_covered_display": "100"}, "missing_lines": [], "excluded_lines": [], "start_line": 23}, "InMemorySkillGraph.competency_evidence": {"executed_lines": [], "summary": {"covered_lines": 0, "num_statements": 1, "percent_covered": 0.0, "percent_covered_display": "0", "missing_lines": 1, "excluded_lines": 0, "percent_statements_covered": 0.0, "percent_statements_covered_display": "0"}, "missing_lines": [27], "excluded_lines": [], "start_line": 26}, "InMemorySkillGraph.healthcheck": {"executed_lines": [30], "summary": {"covered_lines": 1, "num_statements": 1, "percent_covered": 100.0, "percent_covered_display": "100", "missing_lines": 0, "excluded_lines": 0, "percent_statements_covered": 100.0, "percent_statements_covered_display": "100"}, "missing_lines": [], "excluded_lines": [], "start_line": 29}, "Neo4jSkillGraph.__init__": {"executed_lines": [], "summary": {"covered_lines": 0, "num_statements": 4, "percent_covered": 0.0, "percent_covered_display": "0", "missing_lines": 4, "excluded_lines": 0, "percent_statements_covered": 0.0, "percent_statements_covered_display": "0"}, "missing_lines": [43, 44, 46, 47], "excluded_lines": [], "start_line": 40}, "Neo4jSkillGraph.close": {"executed_lines": [], "summary": {"covered_lines": 0, "num_statements": 1, "percent_covered": 0.0, "percent_covered_display": "0", "missing_lines": 1, "excluded_lines": 0, "percent_statements_covered": 0.0, "percent_statements_covered_display": "0"}, "missing_lines": [50], "excluded_lines": [], "start_line": 49}, "Neo4jSkillGraph.healthcheck": {"executed_lines": [], "summary": {"covered_lines": 0, "num_statements": 3, "percent_covered": 0.0, "percent_covered_display": "0", "missing_lines": 3, "excluded_lines": 0, "percent_statements_covered": 0.0, "percent_statements_covered_display": "0"}, "missing_lines": [53, 54, 55], "excluded_lines": [], "start_line": 52}, "Neo4jSkillGraph.competency_evidence": {"executed_lines": [], "summary": {"covered_lines": 0, "num_statements": 6, "percent_covered": 0.0, "percent_covered_display": "0", "missing_lines": 6, "excluded_lines": 0, "percent_statements_covered": 0.0, "percent_statements_covered_display": "0"}, "missing_lines": [58, 68, 82, 83, 87, 91], "excluded_lines": [], "start_line": 57}, "": {"executed_lines": [3, 5, 6, 8, 9, 12, 17, 18, 21, 23, 26, 29, 33, 40, 49, 52, 57], "summary": {"covered_lines": 17, "num_statements": 17, "percent_covered": 100.0, "percent_covered_display": "100", "missing_lines": 0, "excluded_lines": 2, "percent_statements_covered": 100.0, "percent_statements_covered_display": "100"}, "missing_lines": [], "excluded_lines": [15, 16], "start_line": 1}}, "classes": {"SkillGraphStore": {"executed_lines": [], "summary": {"covered_lines": 0, "num_statements": 0, "percent_covered": 100.0, "percent_covered_display": "100", "missing_lines": 0, "excluded_lines": 2, "percent_statements_covered": 100.0, "percent_statements_covered_display": "100"}, "missing_lines": [], "excluded_lines": [13, 14], "start_line": 12}, "InMemorySkillGraph": {"executed_lines": [24, 30], "summary": {"covered_lines": 2, "num_statements": 3, "percent_covered": 66.66666666666667, "percent_covered_display": "67", "missing_lines": 1, "excluded_lines": 0, "percent_statements_covered": 66.66666666666667, "percent_statements_covered_display": "67"}, "missing_lines": [27], "excluded_lines": [], "start_line": 18}, "Neo4jSkillGraph": {"executed_lines": [], "summary": {"covered_lines": 0, "num_statements": 14, "percent_covered": 0.0, "percent_covered_display": "0", "missing_lines": 14, "excluded_lines": 0, "percent_statements_covered": 0.0, "percent_statements_covered_display": "0"}, "missing_lines": [43, 44, 46, 47, 50, 53, 54, 55, 58, 68, 82, 83, 87, 91], "excluded_lines": [], "start_line": 33}, "": {"executed_lines": [3, 5, 6, 8, 9, 12, 17, 18, 21, 23, 26, 29, 33, 40, 49, 52, 57], "summary": {"covered_lines": 17, "num_statements": 17, "percent_covered": 100.0, "percent_covered_display": "100", "missing_lines": 0, "excluded_lines": 2, "percent_statements_covered": 100.0, "percent_statements_covered_display": "100"}, "missing_lines": [], "excluded_lines": [15, 16], "start_line": 1}}}, "src/data/loader.py": {"executed_lines": [5, 6, 8, 9, 11, 14, 17, 24, 25, 26, 27, 30, 31, 32, 33, 35, 37, 40, 41, 43, 44, 45, 48, 53, 60, 61, 62, 65, 68, 69, 70, 72, 73, 77, 78, 81, 85, 87, 90, 92, 99, 102, 103, 104, 105, 106, 107, 108, 111, 113, 114, 118, 121, 126, 127, 128, 129, 132, 133, 134, 135, 138, 140, 144, 147, 148, 151, 154, 157, 160, 161, 162, 163, 165, 167, 169, 173, 177, 180, 183, 184, 187, 192, 193, 194, 197, 200, 203, 204, 205, 207, 208, 213, 217, 219, 220, 221, 223, 252, 316, 320, 321, 322, 323, 324, 325, 326, 327, 328, 329, 330, 331, 332, 333, 334, 335, 336, 338, 339, 340, 344, 345, 346, 348, 350, 351, 352, 353, 355, 356, 358], "summary": {"covered_lines": 131, "num_statements": 193, "percent_covered": 67.87564766839378, "percent_covered_display": "68", "missing_lines": 62, "excluded_lines": 0, "percent_statements_covered": 67.87564766839378, "percent_statements_covered_display": "68"}, "missing_lines": [100, 171, 215, 228, 229, 231, 234, 235, 236, 238, 241, 247, 248, 250, 262, 263, 264, 266, 269, 270, 271, 272, 273, 274, 277, 279, 280, 282, 283, 284, 285, 286, 287, 288, 289, 290, 291, 292, 293, 294, 295, 296, 297, 299, 300, 303, 306, 307, 308, 309, 310, 311, 312, 314, 337, 354, 362, 363, 366, 367, 369, 373], "excluded_lines": [], "functions": {"DataLoader.__init__": {"executed_lines": [24, 25, 26, 27, 30, 31, 32, 33, 35], "summary": {"covered_lines": 9, "num_statements": 9, "percent_covered": 100.0, "percent_covered_display": "100", "missing_lines": 0, "excluded_lines": 0, "percent_statements_covered": 100.0, "percent_statements_covered_display": "100"}, "missing_lines": [], "excluded_lines": [], "start_line": 17}, "DataLoader._process_data": {"executed_lines": [40, 41, 43, 44, 45, 48, 53, 60, 61, 62, 65, 68, 69, 70, 72, 73, 77, 78, 81, 85, 87, 90], "summary": {"covered_lines": 22, "num_statements": 22, "percent_covered": 100.0, "percent_covered_display": "100", "missing_lines": 0, "excluded_lines": 0, "percent_statements_covered": 100.0, "percent_statements_covered_display": "100"}, "missing_lines": [], "excluded_lines": [], "start_line": 37}, "DataLoader._create_train_test_split": {"executed_lines": [99, 102, 103, 104, 105, 106, 107, 108, 111, 113, 114, 118, 121, 126, 127, 128, 129, 132, 133, 134, 135, 138], "summary": {"covered_lines": 22, "num_statements": 23, "percent_covered": 95.65217391304348, "percent_covered_display": "96", "missing_lines": 1, "excluded_lines": 0, "percent_statements_covered": 95.65217391304348, "percent_statements_covered_display": "96"}, "missing_lines": [100], "excluded_lines": [], "start_line": 92}, "DataLoader.get_sparse_graph": {"executed_lines": [144, 147, 148, 151, 154, 157, 160, 161, 162, 163, 165, 167], "summary": {"covered_lines": 12, "num_statements": 12, "percent_covered": 100.0, "percent_covered_display": "100", "missing_lines": 0, "excluded_lines": 0, "percent_statements_covered": 100.0, "percent_statements_covered_display": "100"}, "missing_lines": [], "excluded_lines": [], "start_line": 140}, "DataLoader.get_user_job_mappings": {"executed_lines": [], "summary": {"covered_lines": 0, "num_statements": 1, "percent_covered": 0.0, "percent_covered_display": "0", "missing_lines": 1, "excluded_lines": 0, "percent_statements_covered": 0.0, "percent_statements_covered_display": "0"}, "missing_lines": [171], "excluded_lines": [], "start_line": 169}, "DataLoader.get_train_test_data": {"executed_lines": [177], "summary": {"covered_lines": 1, "num_statements": 1, "percent_covered": 100.0, "percent_covered_display": "100", "missing_lines": 0, "excluded_lines": 0, "percent_statements_covered": 100.0, "percent_statements_covered_display": "100"}, "missing_lines": [], "excluded_lines": [], "start_line": 173}, "GraphLoader.__init__": {"executed_lines": [184, 187, 192, 193, 194, 197, 200, 203, 204, 205, 207, 208], "summary": {"covered_lines": 12, "num_statements": 12, "percent_covered": 100.0, "percent_covered_display": "100", "missing_lines": 0, "excluded_lines": 0, "percent_statements_covered": 100.0, "percent_statements_covered_display": "100"}, "missing_lines": [], "excluded_lines": [], "start_line": 183}, "GraphLoader.get_user_skills": {"executed_lines": [], "summary": {"covered_lines": 0, "num_statements": 1, "percent_covered": 0.0, "percent_covered_display": "0", "missing_lines": 1, "excluded_lines": 0, "percent_statements_covered": 0.0, "percent_statements_covered_display": "0"}, "missing_lines": [215], "excluded_lines": [], "start_line": 213}, "GraphLoader.get_job_skills": {"executed_lines": [219, 220, 221], "summary": {"covered_lines": 3, "num_statements": 3, "percent_covered": 100.0, "percent_covered_display": "100", "missing_lines": 0, "excluded_lines": 0, "percent_statements_covered": 100.0, "percent_statements_covered_display": "100"}, "missing_lines": [], "excluded_lines": [], "start_line": 217}, "GraphLoader.get_skill_gap": {"executed_lines": [], "summary": {"covered_lines": 0, "num_statements": 11, "percent_covered": 0.0, "percent_covered_display": "0", "missing_lines": 11, "excluded_lines": 0, "percent_statements_covered": 0.0, "percent_statements_covered_display": "0"}, "missing_lines": [228, 229, 231, 234, 235, 236, 238, 241, 247, 248, 250], "excluded_lines": [], "start_line": 223}, "GraphLoader.find_shortest_paths": {"executed_lines": [], "summary": {"covered_lines": 0, "num_statements": 40, "percent_covered": 0.0, "percent_covered_display": "0", "missing_lines": 40, "excluded_lines": 0, "percent_statements_covered": 0.0, "percent_statements_covered_display": "0"}, "missing_lines": [262, 263, 264, 266, 269, 270, 271, 272, 273, 274, 277, 279, 280, 282, 283, 284, 285, 286, 287, 288, 289, 290, 291, 292, 293, 294, 295, 296, 297, 299, 300, 303, 306, 307, 308, 309, 310, 311, 312, 314], "excluded_lines": [], "start_line": 252}, "GraphLoader.find_paths_for_skills": {"executed_lines": [320, 321, 322, 323, 324, 325, 326, 327, 328, 329, 330, 331, 332, 333, 334, 335, 336, 338, 339, 340, 344, 345, 346], "summary": {"covered_lines": 23, "num_statements": 24, "percent_covered": 95.83333333333333, "percent_covered_display": "96", "missing_lines": 1, "excluded_lines": 0, "percent_statements_covered": 95.83333333333333, "percent_statements_covered_display": "96"}, "missing_lines": [337], "excluded_lines": [], "start_line": 316}, "GraphLoader.get_path_evidence": {"executed_lines": [350, 351, 352, 353, 355, 356], "summary": {"covered_lines": 6, "num_statements": 7, "percent_covered": 85.71428571428571, "percent_covered_display": "86", "missing_lines": 1, "excluded_lines": 0, "percent_statements_covered": 85.71428571428571, "percent_statements_covered_display": "86"}, "missing_lines": [354], "excluded_lines": [], "start_line": 348}, "GraphLoader.get_recommended_learning_path": {"executed_lines": [], "summary": {"covered_lines": 0, "num_statements": 6, "percent_covered": 0.0, "percent_covered_display": "0", "missing_lines": 6, "excluded_lines": 0, "percent_statements_covered": 0.0, "percent_statements_covered_display": "0"}, "missing_lines": [362, 363, 366, 367, 369, 373], "excluded_lines": [], "start_line": 358}, "": {"executed_lines": [5, 6, 8, 9, 11, 14, 17, 37, 92, 140, 169, 173, 180, 183, 213, 217, 223, 252, 316, 348, 358], "summary": {"covered_lines": 21, "num_statements": 21, "percent_covered": 100.0, "percent_covered_display": "100", "missing_lines": 0, "excluded_lines": 0, "percent_statements_covered": 100.0, "percent_statements_covered_display": "100"}, "missing_lines": [], "excluded_lines": [], "start_line": 1}}, "classes": {"DataLoader": {"executed_lines": [24, 25, 26, 27, 30, 31, 32, 33, 35, 40, 41, 43, 44, 45, 48, 53, 60, 61, 62, 65, 68, 69, 70, 72, 73, 77, 78, 81, 85, 87, 90, 99, 102, 103, 104, 105, 106, 107, 108, 111, 113, 114, 118, 121, 126, 127, 128, 129, 132, 133, 134, 135, 138, 144, 147, 148, 151, 154, 157, 160, 161, 162, 163, 165, 167, 177], "summary": {"covered_lines": 66, "num_statements": 68, "percent_covered": 97.05882352941177, "percent_covered_display": "97", "missing_lines": 2, "excluded_lines": 0, "percent_statements_covered": 97.05882352941177, "percent_statements_covered_display": "97"}, "missing_lines": [100, 171], "excluded_lines": [], "start_line": 14}, "GraphLoader": {"executed_lines": [184, 187, 192, 193, 194, 197, 200, 203, 204, 205, 207, 208, 219, 220, 221, 320, 321, 322, 323, 324, 325, 326, 327, 328, 329, 330, 331, 332, 333, 334, 335, 336, 338, 339, 340, 344, 345, 346, 350, 351, 352, 353, 355, 356], "summary": {"covered_lines": 44, "num_statements": 104, "percent_covered": 42.30769230769231, "percent_covered_display": "42", "missing_lines": 60, "excluded_lines": 0, "percent_statements_covered": 42.30769230769231, "percent_statements_covered_display": "42"}, "missing_lines": [215, 228, 229, 231, 234, 235, 236, 238, 241, 247, 248, 250, 262, 263, 264, 266, 269, 270, 271, 272, 273, 274, 277, 279, 280, 282, 283, 284, 285, 286, 287, 288, 289, 290, 291, 292, 293, 294, 295, 296, 297, 299, 300, 303, 306, 307, 308, 309, 310, 311, 312, 314, 337, 354, 362, 363, 366, 367, 369, 373], "excluded_lines": [], "start_line": 180}, "": {"executed_lines": [5, 6, 8, 9, 11, 14, 17, 37, 92, 140, 169, 173, 180, 183, 213, 217, 223, 252, 316, 348, 358], "summary": {"covered_lines": 21, "num_statements": 21, "percent_covered": 100.0, "percent_covered_display": "100", "missing_lines": 0, "excluded_lines": 0, "percent_statements_covered": 100.0, "percent_statements_covered_display": "100"}, "missing_lines": [], "excluded_lines": [], "start_line": 1}}}, "src/data/models.py": {"executed_lines": [5, 6, 8, 11, 14, 15, 16, 17, 20, 23, 24, 25, 26, 29, 32, 33, 34, 35, 36, 37, 40, 43, 44, 45, 46, 47, 50, 51, 54, 57, 58, 59, 60, 63, 66, 67, 68, 69, 72, 75, 76, 77, 78, 79, 82, 85, 86, 87, 88, 89, 90], "summary": {"covered_lines": 51, "num_statements": 51, "percent_covered": 100.0, "percent_covered_display": "100", "missing_lines": 0, "excluded_lines": 0, "percent_statements_covered": 100.0, "percent_statements_covered_display": "100"}, "missing_lines": [], "excluded_lines": [], "functions": {"": {"executed_lines": [5, 6, 8, 11, 14, 15, 16, 17, 20, 23, 24, 25, 26, 29, 32, 33, 34, 35, 36, 37, 40, 43, 44, 45, 46, 47, 50, 51, 54, 57, 58, 59, 60, 63, 66, 67, 68, 69, 72, 75, 76, 77, 78, 79, 82, 85, 86, 87, 88, 89, 90], "summary": {"covered_lines": 51, "num_statements": 51, "percent_covered": 100.0, "percent_covered_display": "100", "missing_lines": 0, "excluded_lines": 0, "percent_statements_covered": 100.0, "percent_statements_covered_display": "100"}, "missing_lines": [], "excluded_lines": [], "start_line": 1}}, "classes": {"SkillLevel": {"executed_lines": [], "summary": {"covered_lines": 0, "num_statements": 0, "percent_covered": 100.0, "percent_covered_display": "100", "missing_lines": 0, "excluded_lines": 0, "percent_statements_covered": 100.0, "percent_statements_covered_display": "100"}, "missing_lines": [], "excluded_lines": [], "start_line": 11}, "Skill": {"executed_lines": [], "summary": {"covered_lines": 0, "num_statements": 0, "percent_covered": 100.0, "percent_covered_display": "100", "missing_lines": 0, "excluded_lines": 0, "percent_statements_covered": 100.0, "percent_statements_covered_display": "100"}, "missing_lines": [], "excluded_lines": [], "start_line": 20}, "User": {"executed_lines": [], "summary": {"covered_lines": 0, "num_statements": 0, "percent_covered": 100.0, "percent_covered_display": "100", "missing_lines": 0, "excluded_lines": 0, "percent_statements_covered": 100.0, "percent_statements_covered_display": "100"}, "missing_lines": [], "excluded_lines": [], "start_line": 29}, "JobPosting": {"executed_lines": [], "summary": {"covered_lines": 0, "num_statements": 0, "percent_covered": 100.0, "percent_covered_display": "100", "missing_lines": 0, "excluded_lines": 0, "percent_statements_covered": 100.0, "percent_statements_covered_display": "100"}, "missing_lines": [], "excluded_lines": [], "start_line": 40}, "Application": {"executed_lines": [], "summary": {"covered_lines": 0, "num_statements": 0, "percent_covered": 100.0, "percent_covered_display": "100", "missing_lines": 0, "excluded_lines": 0, "percent_statements_covered": 100.0, "percent_statements_covered_display": "100"}, "missing_lines": [], "excluded_lines": [], "start_line": 54}, "Interaction": {"executed_lines": [], "summary": {"covered_lines": 0, "num_statements": 0, "percent_covered": 100.0, "percent_covered_display": "100", "missing_lines": 0, "excluded_lines": 0, "percent_statements_covered": 100.0, "percent_statements_covered_display": "100"}, "missing_lines": [], "excluded_lines": [], "start_line": 63}, "SkillRelation": {"executed_lines": [], "summary": {"covered_lines": 0, "num_statements": 0, "percent_covered": 100.0, "percent_covered_display": "100", "missing_lines": 0, "excluded_lines": 0, "percent_statements_covered": 100.0, "percent_statements_covered_display": "100"}, "missing_lines": [], "excluded_lines": [], "start_line": 72}, "GraphEntities": {"executed_lines": [], "summary": {"covered_lines": 0, "num_statements": 0, "percent_covered": 100.0, "percent_covered_display": "100", "missing_lines": 0, "excluded_lines": 0, "percent_statements_covered": 100.0, "percent_statements_covered_display": "100"}, "missing_lines": [], "excluded_lines": [], "start_line": 82}, "": {"executed_lines": [5, 6, 8, 11, 14, 15, 16, 17, 20, 23, 24, 25, 26, 29, 32, 33, 34, 35, 36, 37, 40, 43, 44, 45, 46, 47, 50, 51, 54, 57, 58, 59, 60, 63, 66, 67, 68, 69, 72, 75, 76, 77, 78, 79, 82, 85, 86, 87, 88, 89, 90], "summary": {"covered_lines": 51, "num_statements": 51, "percent_covered": 100.0, "percent_covered_display": "100", "missing_lines": 0, "excluded_lines": 0, "percent_statements_covered": 100.0, "percent_statements_covered_display": "100"}, "missing_lines": [], "excluded_lines": [], "start_line": 1}}}, "src/data/private_profile_store.py": {"executed_lines": [3, 5, 6, 7, 8, 10, 12, 14, 17, 20, 22, 23, 24, 25, 28, 31, 32, 34, 35, 36, 37, 39, 40, 41, 42, 43, 44, 45, 47, 49, 50, 51, 52, 63, 64, 65, 67, 69, 77, 78, 101, 102, 103, 112, 113, 114, 115, 116, 121, 123, 124, 125, 128], "summary": {"covered_lines": 53, "num_statements": 54, "percent_covered": 98.14814814814815, "percent_covered_display": "98", "missing_lines": 1, "excluded_lines": 0, "percent_statements_covered": 98.14814814814815, "percent_statements_covered_display": "98"}, "missing_lines": [33], "excluded_lines": [], "functions": {"EncryptedProfileStore.__init__": {"executed_lines": [32, 34, 35, 36, 37], "summary": {"covered_lines": 5, "num_statements": 6, "percent_covered": 83.33333333333333, "percent_covered_display": "83", "missing_lines": 1, "excluded_lines": 0, "percent_statements_covered": 83.33333333333333, "percent_statements_covered_display": "83"}, "missing_lines": [33], "excluded_lines": [], "start_line": 31}, "EncryptedProfileStore._connect": {"executed_lines": [41, 42, 43, 44, 45, 47], "summary": {"covered_lines": 6, "num_statements": 6, "percent_covered": 100.0, "percent_covered_display": "100", "missing_lines": 0, "excluded_lines": 0, "percent_statements_covered": 100.0, "percent_statements_covered_display": "100"}, "missing_lines": [], "excluded_lines": [], "start_line": 40}, "EncryptedProfileStore._initialize": {"executed_lines": [50, 51, 52], "summary": {"covered_lines": 3, "num_statements": 3, "percent_covered": 100.0, "percent_covered_display": "100", "missing_lines": 0, "excluded_lines": 0, "percent_statements_covered": 100.0, "percent_statements_covered_display": "100"}, "missing_lines": [], "excluded_lines": [], "start_line": 49}, "EncryptedProfileStore._context": {"executed_lines": [65], "summary": {"covered_lines": 1, "num_statements": 1, "percent_covered": 100.0, "percent_covered_display": "100", "missing_lines": 0, "excluded_lines": 0, "percent_statements_covered": 100.0, "percent_statements_covered_display": "100"}, "missing_lines": [], "excluded_lines": [], "start_line": 64}, "EncryptedProfileStore.upsert": {"executed_lines": [69, 77, 78], "summary": {"covered_lines": 3, "num_statements": 3, "percent_covered": 100.0, "percent_covered_display": "100", "missing_lines": 0, "excluded_lines": 0, "percent_statements_covered": 100.0, "percent_statements_covered_display": "100"}, "missing_lines": [], "excluded_lines": [], "start_line": 67}, "EncryptedProfileStore.get": {"executed_lines": [102, 103, 112, 113, 114, 115, 116, 121], "summary": {"covered_lines": 8, "num_statements": 8, "percent_covered": 100.0, "percent_covered_display": "100", "missing_lines": 0, "excluded_lines": 0, "percent_statements_covered": 100.0, "percent_statements_covered_display": "100"}, "missing_lines": [], "excluded_lines": [], "start_line": 101}, "EncryptedProfileStore.delete": {"executed_lines": [124, 125, 128], "summary": {"covered_lines": 3, "num_statements": 3, "percent_covered": 100.0, "percent_covered_display": "100", "missing_lines": 0, "excluded_lines": 0, "percent_statements_covered": 100.0, "percent_statements_covered_display": "100"}, "missing_lines": [], "excluded_lines": [], "start_line": 123}, "": {"executed_lines": [3, 5, 6, 7, 8, 10, 12, 14, 17, 20, 22, 23, 24, 25, 28, 31, 39, 40, 49, 63, 64, 67, 101, 123], "summary": {"covered_lines": 24, "num_statements": 24, "percent_covered": 100.0, "percent_covered_display": "100", "missing_lines": 0, "excluded_lines": 0, "percent_statements_covered": 100.0, "percent_statements_covered_display": "100"}, "missing_lines": [], "excluded_lines": [], "start_line": 1}}, "classes": {"PrivateProfile": {"executed_lines": [], "summary": {"covered_lines": 0, "num_statements": 0, "percent_covered": 100.0, "percent_covered_display": "100", "missing_lines": 0, "excluded_lines": 0, "percent_statements_covered": 100.0, "percent_statements_covered_display": "100"}, "missing_lines": [], "excluded_lines": [], "start_line": 17}, "EncryptedProfileStore": {"executed_lines": [32, 34, 35, 36, 37, 41, 42, 43, 44, 45, 47, 50, 51, 52, 65, 69, 77, 78, 102, 103, 112, 113, 114, 115, 116, 121, 124, 125, 128], "summary": {"covered_lines": 29, "num_statements": 30, "percent_covered": 96.66666666666667, "percent_covered_display": "97", "missing_lines": 1, "excluded_lines": 0, "percent_statements_covered": 96.66666666666667, "percent_statements_covered_display": "97"}, "missing_lines": [33], "excluded_lines": [], "start_line": 28}, "": {"executed_lines": [3, 5, 6, 7, 8, 10, 12, 14, 17, 20, 22, 23, 24, 25, 28, 31, 39, 40, 49, 63, 64, 67, 101, 123], "summary": {"covered_lines": 24, "num_statements": 24, "percent_covered": 100.0, "percent_covered_display": "100", "missing_lines": 0, "excluded_lines": 0, "percent_statements_covered": 100.0, "percent_statements_covered_display": "100"}, "missing_lines": [], "excluded_lines": [], "start_line": 1}}}, "src/experiments/__init__.py": {"executed_lines": [], "summary": {"covered_lines": 0, "num_statements": 2, "percent_covered": 0.0, "percent_covered_display": "0", "missing_lines": 2, "excluded_lines": 0, "percent_statements_covered": 0.0, "percent_statements_covered_display": "0"}, "missing_lines": [1, 3], "excluded_lines": [], "functions": {"": {"executed_lines": [], "summary": {"covered_lines": 0, "num_statements": 2, "percent_covered": 0.0, "percent_covered_display": "0", "missing_lines": 2, "excluded_lines": 0, "percent_statements_covered": 0.0, "percent_statements_covered_display": "0"}, "missing_lines": [1, 3], "excluded_lines": [], "start_line": 1}}, "classes": {"": {"executed_lines": [], "summary": {"covered_lines": 0, "num_statements": 2, "percent_covered": 0.0, "percent_covered_display": "0", "missing_lines": 2, "excluded_lines": 0, "percent_statements_covered": 0.0, "percent_statements_covered_display": "0"}, "missing_lines": [1, 3], "excluded_lines": [], "start_line": 1}}}, "src/experiments/runner.py": {"executed_lines": [], "summary": {"covered_lines": 0, "num_statements": 92, "percent_covered": 0.0, "percent_covered_display": "0", "missing_lines": 92, "excluded_lines": 0, "percent_statements_covered": 0.0, "percent_statements_covered_display": "0"}, "missing_lines": [3, 5, 6, 7, 8, 9, 10, 11, 13, 14, 16, 17, 18, 19, 20, 23, 24, 25, 28, 29, 30, 31, 32, 33, 34, 35, 42, 43, 57, 58, 59, 62, 63, 64, 65, 66, 67, 68, 69, 70, 71, 72, 73, 75, 76, 77, 78, 79, 81, 82, 83, 84, 85, 87, 88, 89, 90, 91, 92, 93, 94, 102, 110, 113, 127, 128, 129, 130, 131, 132, 133, 134, 136, 137, 138, 142, 145, 148, 153, 154, 155, 156, 157, 158, 159, 160, 161, 162, 168, 169, 170, 171], "excluded_lines": [], "functions": {"_normalize": {"executed_lines": [], "summary": {"covered_lines": 0, "num_statements": 2, "percent_covered": 0.0, "percent_covered_display": "0", "missing_lines": 2, "excluded_lines": 0, "percent_statements_covered": 0.0, "percent_statements_covered_display": "0"}, "missing_lines": [24, 25], "excluded_lines": [], "start_line": 23}, "_metrics": {"executed_lines": [], "summary": {"covered_lines": 0, "num_statements": 7, "percent_covered": 0.0, "percent_covered_display": "0", "missing_lines": 7, "excluded_lines": 0, "percent_statements_covered": 0.0, "percent_statements_covered_display": "0"}, "missing_lines": [29, 30, 31, 32, 33, 34, 35], "excluded_lines": [], "start_line": 28}, "_gat_calculator": {"executed_lines": [], "summary": {"covered_lines": 0, "num_statements": 4, "percent_covered": 0.0, "percent_covered_display": "0", "missing_lines": 4, "excluded_lines": 0, "percent_statements_covered": 0.0, "percent_statements_covered_display": "0"}, "missing_lines": [43, 57, 58, 59], "excluded_lines": [], "start_line": 42}, "_single_seed": {"executed_lines": [], "summary": {"covered_lines": 0, "num_statements": 45, "percent_covered": 0.0, "percent_covered_display": "0", "missing_lines": 45, "excluded_lines": 0, "percent_statements_covered": 0.0, "percent_statements_covered_display": "0"}, "missing_lines": [63, 64, 65, 66, 67, 68, 69, 70, 71, 72, 73, 75, 76, 77, 78, 79, 81, 82, 83, 84, 85, 87, 88, 89, 90, 91, 92, 93, 94, 102, 110, 113, 127, 128, 129, 130, 131, 132, 133, 134, 136, 137, 138, 142, 145], "excluded_lines": [], "start_line": 62}, "run_experiment_suite": {"executed_lines": [], "summary": {"covered_lines": 0, "num_statements": 14, "percent_covered": 0.0, "percent_covered_display": "0", "missing_lines": 14, "excluded_lines": 0, "percent_statements_covered": 0.0, "percent_statements_covered_display": "0"}, "missing_lines": [153, 154, 155, 156, 157, 158, 159, 160, 161, 162, 168, 169, 170, 171], "excluded_lines": [], "start_line": 148}, "": {"executed_lines": [], "summary": {"covered_lines": 0, "num_statements": 20, "percent_covered": 0.0, "percent_covered_display": "0", "missing_lines": 20, "excluded_lines": 0, "percent_statements_covered": 0.0, "percent_statements_covered_display": "0"}, "missing_lines": [3, 5, 6, 7, 8, 9, 10, 11, 13, 14, 16, 17, 18, 19, 20, 23, 28, 42, 62, 148], "excluded_lines": [], "start_line": 1}}, "classes": {"": {"executed_lines": [], "summary": {"covered_lines": 0, "num_statements": 92, "percent_covered": 0.0, "percent_covered_display": "0", "missing_lines": 92, "excluded_lines": 0, "percent_statements_covered": 0.0, "percent_statements_covered_display": "0"}, "missing_lines": [3, 5, 6, 7, 8, 9, 10, 11, 13, 14, 16, 17, 18, 19, 20, 23, 24, 25, 28, 29, 30, 31, 32, 33, 34, 35, 42, 43, 57, 58, 59, 62, 63, 64, 65, 66, 67, 68, 69, 70, 71, 72, 73, 75, 76, 77, 78, 79, 81, 82, 83, 84, 85, 87, 88, 89, 90, 91, 92, 93, 94, 102, 110, 113, 127, 128, 129, 130, 131, 132, 133, 134, 136, 137, 138, 142, 145, 148, 153, 154, 155, 156, 157, 158, 159, 160, 161, 162, 168, 169, 170, 171], "excluded_lines": [], "start_line": 1}}}, "src/generation/__init__.py": {"executed_lines": [5, 12, 13, 15], "summary": {"covered_lines": 4, "num_statements": 4, "percent_covered": 100.0, "percent_covered_display": "100", "missing_lines": 0, "excluded_lines": 0, "percent_statements_covered": 100.0, "percent_statements_covered_display": "100"}, "missing_lines": [], "excluded_lines": [], "functions": {"": {"executed_lines": [5, 12, 13, 15], "summary": {"covered_lines": 4, "num_statements": 4, "percent_covered": 100.0, "percent_covered_display": "100", "missing_lines": 0, "excluded_lines": 0, "percent_statements_covered": 100.0, "percent_statements_covered_display": "100"}, "missing_lines": [], "excluded_lines": [], "start_line": 1}
[...]
s_covered": 94.5945945945946, "percent_statements_covered_display": "95"}, "missing_lines": [32, 40], "excluded_lines": [], "start_line": 24}, "": {"executed_lines": [3, 5, 6, 8, 10, 11, 12, 13, 14, 16, 17, 20, 24], "summary": {"covered_lines": 13, "num_statements": 13, "percent_covered": 100.0, "percent_covered_display": "100", "missing_lines": 0, "excluded_lines": 0, "percent_statements_covered": 100.0, "percent_statements_covered_display": "100"}, "missing_lines": [], "excluded_lines": [], "start_line": 1}}, "classes": {"": {"executed_lines": [3, 5, 6, 8, 10, 11, 12, 13, 14, 16, 17, 20, 21, 24, 31, 33, 34, 35, 36, 42, 43, 44, 45, 49, 50, 51, 52, 53, 55, 58, 62, 63, 64, 65, 66, 67, 68, 75, 76, 77, 78, 79, 84, 85, 96, 97, 104, 112, 118], "summary": {"covered_lines": 49, "num_statements": 51, "percent_covered": 96.07843137254902, "percent_covered_display": "96", "missing_lines": 2, "excluded_lines": 0, "percent_statements_covered": 96.07843137254902, "percent_statements_covered_display": "96"}, "missing_lines": [32, 40], "excluded_lines": [], "start_line": 1}}}, "src/simulation/runner.py": {"executed_lines": [3, 5, 6, 7, 9, 11, 12, 13, 16, 17, 18, 19, 22, 23, 26, 34, 36, 37, 38, 39, 40, 41, 43, 44, 45, 51, 61, 62, 63, 64, 73], "summary": {"covered_lines": 31, "num_statements": 33, "percent_covered": 93.93939393939394, "percent_covered_display": "94", "missing_lines": 2, "excluded_lines": 0, "percent_statements_covered": 93.93939393939394, "percent_statements_covered_display": "94"}, "missing_lines": [35, 42], "excluded_lines": [], "functions": {"_rate": {"executed_lines": [23], "summary": {"covered_lines": 1, "num_statements": 1, "percent_covered": 100.0, "percent_covered_display": "100", "missing_lines": 0, "excluded_lines": 0, "percent_statements_covered": 100.0, "percent_statements_covered_display": "100"}, "missing_lines": [], "excluded_lines": [], "start_line": 22}, "run_simulation": {"executed_lines": [34, 36, 37, 38, 39, 40, 41, 43, 44, 45, 51, 61, 62, 63, 64, 73], "summary": {"covered_lines": 16, "num_statements": 18, "percent_covered": 88.88888888888889, "percent_covered_display": "89", "missing_lines": 2, "excluded_lines": 0, "percent_statements_covered": 88.88888888888889, "percent_statements_covered_display": "89"}, "missing_lines": [35, 42], "excluded_lines": [], "start_line": 26}, "": {"executed_lines": [3, 5, 6, 7, 9, 11, 12, 13, 16, 17, 18, 19, 22, 26], "summary": {"covered_lines": 14, "num_statements": 14, "percent_covered": 100.0, "percent_covered_display": "100", "missing_lines": 0, "excluded_lines": 0, "percent_statements_covered": 100.0, "percent_statements_covered_display": "100"}, "missing_lines": [], "excluded_lines": [], "start_line": 1}}, "classes": {"RecommendationSlate": {"executed_lines": [], "summary": {"covered_lines": 0, "num_statements": 0, "percent_covered": 100.0, "percent_covered_display": "100", "missing_lines": 0, "excluded_lines": 0, "percent_statements_covered": 100.0, "percent_statements_covered_display": "100"}, "missing_lines": [], "excluded_lines": [], "start_line": 17}, "": {"executed_lines": [3, 5, 6, 7, 9, 11, 12, 13, 16, 17, 18, 19, 22, 23, 26, 34, 36, 37, 38, 39, 40, 41, 43, 44, 45, 51, 61, 62, 63, 64, 73], "summary": {"covered_lines": 31, "num_statements": 33, "percent_covered": 93.93939393939394, "percent_covered_display": "94", "missing_lines": 2, "excluded_lines": 0, "percent_statements_covered": 93.93939393939394, "percent_statements_covered_display": "94"}, "missing_lines": [35, 42], "excluded_lines": [], "start_line": 1}}}, "src/simulation/schemas.py": {"executed_lines": [3, 5, 7, 10, 13, 14, 15, 16, 17, 18, 19, 22, 28, 29, 30, 31, 32, 33, 34, 35, 36, 38, 39, 40, 45, 46, 48, 54, 55, 58, 59, 60, 61, 62, 63, 66, 67, 68, 69, 70, 71, 72, 73, 74, 75, 76, 79, 80, 81, 82, 83, 84, 87, 88, 89, 90, 91, 92, 93, 94, 95, 96, 97, 98, 99, 100, 101, 104, 105, 108, 109, 110, 111, 112, 113, 114], "summary": {"covered_lines": 76, "num_statements": 76, "percent_covered": 100.0, "percent_covered_display": "100", "missing_lines": 0, "excluded_lines": 0, "percent_statements_covered": 100.0, "percent_statements_covered_display": "100"}, "missing_lines": [], "excluded_lines": [], "functions": {"PersonaJobJudgment.derive_outcomes": {"executed_lines": [40, 45, 46, 48, 54, 55], "summary": {"covered_lines": 6, "num_statements": 6, "percent_covered": 100.0, "percent_covered_display": "100", "missing_lines": 0, "excluded_lines": 0, "percent_statements_covered": 100.0, "percent_statements_covered_display": "100"}, "missing_lines": [], "excluded_lines": [], "start_line": 39}, "": {"executed_lines": [3, 5, 7, 10, 13, 14, 15, 16, 17, 18, 19, 22, 28, 29, 30, 31, 32, 33, 34, 35, 36, 38, 39, 58, 59, 60, 61, 62, 63, 66, 67, 68, 69, 70, 71, 72, 73, 74, 75, 76, 79, 80, 81, 82, 83, 84, 87, 88, 89, 90, 91, 92, 93, 94, 95, 96, 97, 98, 99, 100, 101, 104, 105, 108, 109, 110, 111, 112, 113, 114], "summary": {"covered_lines": 70, "num_statements": 70, "percent_covered": 100.0, "percent_covered_display": "100", "missing_lines": 0, "excluded_lines": 0, "percent_statements_covered": 100.0, "percent_statements_covered_display": "100"}, "missing_lines": [], "excluded_lines": [], "start_line": 1}}, "classes": {"Persona": {"executed_lines": [], "summary": {"covered_lines": 0, "num_statements": 0, "percent_covered": 100.0, "percent_covered_display": "100", "missing_lines": 0, "excluded_lines": 0, "percent_statements_covered": 100.0, "percent_statements_covered_display": "100"}, "missing_lines": [], "excluded_lines": [], "start_line": 10}, "PersonaJobJudgment": {"executed_lines": [40, 45, 46, 48, 54, 55], "summary": {"covered_lines": 6, "num_statements": 6, "percent_covered": 100.0, "percent_covered_display": "100", "missing_lines": 0, "excluded_lines": 0, "percent_statements_covered": 100.0, "percent_statements_covered_display": "100"}, "missing_lines": [], "excluded_lines": [], "start_line": 22}, "JudgmentEnvelope": {"executed_lines": [], "summary": {"covered_lines": 0, "num_statements": 0, "percent_covered": 100.0, "percent_covered_display": "100", "missing_lines": 0, "excluded_lines": 0, "percent_statements_covered": 100.0, "percent_statements_covered_display": "100"}, "missing_lines": [], "excluded_lines": [], "start_line": 58}, "BehaviorOutcome": {"executed_lines": [], "summary": {"covered_lines": 0, "num_statements": 0, "percent_covered": 100.0, "percent_covered_display": "100", "missing_lines": 0, "excluded_lines": 0, "percent_statements_covered": 100.0, "percent_statements_covered_display": "100"}, "missing_lines": [], "excluded_lines": [], "start_line": 66}, "SimulationRecord": {"executed_lines": [], "summary": {"covered_lines": 0, "num_statements": 0, "percent_covered": 100.0, "percent_covered_display": "100", "missing_lines": 0, "excluded_lines": 0, "percent_statements_covered": 100.0, "percent_statements_covered_display": "100"}, "missing_lines": [], "excluded_lines": [], "start_line": 79}, "SimulationSummary": {"executed_lines": [], "summary": {"covered_lines": 0, "num_statements": 0, "percent_covered": 100.0, "percent_covered_display": "100", "missing_lines": 0, "excluded_lines": 0, "percent_statements_covered": 100.0, "percent_statements_covered_display": "100"}, "missing_lines": [], "excluded_lines": [], "start_line": 87}, "SimulationArtifact": {"executed_lines": [], "summary": {"covered_lines": 0, "num_statements": 0, "percent_covered": 100.0, "percent_covered_display": "100", "missing_lines": 0, "excluded_lines": 0, "percent_statements_covered": 100.0, "percent_statements_covered_display": "100"}, "missing_lines": [], "excluded_lines": [], "start_line": 108}, "": {"executed_lines": [3, 5, 7, 10, 13, 14, 15, 16, 17, 18, 19, 22, 28, 29, 30, 31, 32, 33, 34, 35, 36, 38, 39, 58, 59, 60, 61, 62, 63, 66, 67, 68, 69, 70, 71, 72, 73, 74, 75, 76, 79, 80, 81, 82, 83, 84, 87, 88, 89, 90, 91, 92, 93, 94, 95, 96, 97, 98, 99, 100, 101, 104, 105, 108, 109, 110, 111, 112, 113, 114], "summary": {"covered_lines": 70, "num_statements": 70, "percent_covered": 100.0, "percent_covered_display": "100", "missing_lines": 0, "excluded_lines": 0, "percent_statements_covered": 100.0, "percent_statements_covered_display": "100"}, "missing_lines": [], "excluded_lines": [], "start_line": 1}}}, "src/utils/__init__.py": {"executed_lines": [5, 7], "summary": {"covered_lines": 2, "num_statements": 2, "percent_covered": 100.0, "percent_covered_display": "100", "missing_lines": 0, "excluded_lines": 0, "percent_statements_covered": 100.0, "percent_statements_covered_display": "100"}, "missing_lines": [], "excluded_lines": [], "functions": {"": {"executed_lines": [5, 7], "summary": {"covered_lines": 2, "num_statements": 2, "percent_covered": 100.0, "percent_covered_display": "100", "missing_lines": 0, "excluded_lines": 0, "percent_statements_covered": 100.0, "percent_statements_covered_display": "100"}, "missing_lines": [], "excluded_lines": [], "start_line": 1}}, "classes": {"": {"executed_lines": [5, 7], "summary": {"covered_lines": 2, "num_statements": 2, "percent_covered": 100.0, "percent_covered_display": "100", "missing_lines": 0, "excluded_lines": 0, "percent_statements_covered": 100.0, "percent_statements_covered_display": "100"}, "missing_lines": [], "excluded_lines": [], "start_line": 1}}}, "src/utils/crypto.py": {"executed_lines": [3, 4, 5, 7, 9, 10, 11, 12, 15, 16, 18, 23, 24, 27, 31, 32, 33, 34, 37, 40, 44, 45, 46, 48, 49, 50, 51, 52, 53, 54, 61, 64, 75], "summary": {"covered_lines": 33, "num_statements": 46, "percent_covered": 71.73913043478261, "percent_covered_display": "72", "missing_lines": 13, "excluded_lines": 0, "percent_statements_covered": 71.73913043478261, "percent_statements_covered_display": "72"}, "missing_lines": [17, 47, 65, 66, 67, 68, 71, 72, 76, 77, 78, 79, 80], "excluded_lines": [], "functions": {"_derive_key": {"executed_lines": [16, 18], "summary": {"covered_lines": 2, "num_statements": 3, "percent_covered": 66.66666666666667, "percent_covered_display": "67", "missing_lines": 1, "excluded_lines": 0, "percent_statements_covered": 66.66666666666667, "percent_statements_covered_display": "67"}, "missing_lines": [17], "excluded_lines": [], "start_line": 15}, "_associated_data": {"executed_lines": [24], "summary": {"covered_lines": 1, "num_statements": 1, "percent_covered": 100.0, "percent_covered_display": "100", "missing_lines": 0, "excluded_lines": 0, "percent_statements_covered": 100.0, "percent_statements_covered_display": "100"}, "missing_lines": [], "excluded_lines": [], "start_line": 23}, "encrypt_personal_info": {"executed_lines": [31, 32, 33, 34, 37], "summary": {"covered_lines": 5, "num_statements": 5, "percent_covered": 100.0, "percent_covered_display": "100", "missing_lines": 0, "excluded_lines": 0, "percent_statements_covered": 100.0, "percent_statements_covered_display": "100"}, "missing_lines": [], "excluded_lines": [], "start_line": 27}, "decrypt_personal_info": {"executed_lines": [44, 45, 46, 48, 49, 50, 51, 52, 53, 54], "summary": {"covered_lines": 10, "num_statements": 11, "percent_covered": 90.9090909090909, "percent_covered_display": "91", "missing_lines": 1, "excluded_lines": 0, "percent_statements_covered": 90.9090909090909, "percent_statements_covered_display": "91"}, "missing_lines": [47], "excluded_lines": [], "start_line": 40}, "encrypt_user_profile": {"executed_lines": [], "summary": {"covered_lines": 0, "num_statements": 6, "percent_covered": 0.0, "percent_covered_display": "0", "missing_lines": 6, "excluded_lines": 0, "percent_statements_covered": 0.0, "percent_statements_covered_display": "0"}, "missing_lines": [65, 66, 67, 68, 71, 72], "excluded_lines": [], "start_line": 64}, "decrypt_user_profile": {"executed_lines": [], "summary": {"covered_lines": 0, "num_statements": 5, "percent_covered": 0.0, "percent_covered_display": "0", "missing_lines": 5, "excluded_lines": 0, "percent_statements_covered": 0.0, "percent_statements_covered_display": "0"}, "missing_lines": [76, 77, 78, 79, 80], "excluded_lines": [], "start_line": 75}, "": {"executed_lines": [3, 4, 5, 7, 9, 10, 11, 12, 15, 23, 27, 40, 61, 64, 75], "summary": {"covered_lines": 15, "num_statements": 15, "percent_covered": 100.0, "percent_covered_display": "100", "missing_lines": 0, "excluded_lines": 0, "percent_statements_covered": 100.0, "percent_statements_covered_display": "100"}, "missing_lines": [], "excluded_lines": [], "start_line": 1}}, "classes": {"": {"executed_lines": [3, 4, 5, 7, 9, 10, 11, 12, 15, 16, 18, 23, 24, 27, 31, 32, 33, 34, 37, 40, 44, 45, 46, 48, 49, 50, 51, 52, 53, 54, 61, 64, 75], "summary": {"covered_lines": 33, "num_statements": 46, "percent_covered": 71.73913043478261, "percent_covered_display": "72", "missing_lines": 13, "excluded_lines": 0, "percent_statements_covered": 71.73913043478261, "percent_statements_covered_display": "72"}, "missing_lines": [17, 47, 65, 66, 67, 68, 71, 72, 76, 77, 78, 79, 80], "excluded_lines": [], "start_line": 1}}}, "src/utils/training.py": {"executed_lines": [5, 6, 8, 9, 10, 11, 12, 14, 15, 16, 19, 27, 28, 29, 30, 31, 32, 33, 34, 37, 43, 68, 92, 93, 94, 95, 96, 99, 104, 105, 108, 111, 112, 115, 118, 119, 120, 123, 124, 127, 130, 131, 134, 135, 139, 140, 142, 143, 147, 150, 152, 153, 156, 161, 165, 168, 169, 170, 173, 174, 175, 178, 179, 182, 191, 192, 194, 195, 203, 204, 205, 206, 217, 218, 219, 220, 224, 233, 236, 257, 258, 260, 263, 264, 265, 267, 271, 272, 278, 279, 282, 285, 286, 287, 288, 289, 292, 293, 296, 297, 299, 300, 301, 303, 304, 307, 308, 309, 312, 313, 314, 315, 318, 319, 324, 325, 327, 328, 331, 332, 334, 336, 337, 338, 339, 340, 341, 342, 343, 344, 347, 348, 349, 350, 351, 352, 353, 356, 357, 358, 359, 360, 361, 364, 365, 367, 368, 369, 370, 371, 372, 373, 374, 375, 376, 377, 380, 381, 383, 384, 385, 386, 387, 388, 391, 393, 394, 395, 398, 399, 400, 403, 404, 407, 408, 411, 415, 418, 431, 435, 436, 439, 451, 454, 457, 458, 461, 471, 482, 483, 489, 492, 505], "summary": {"covered_lines": 193, "num_statements": 227, "percent_covered": 85.02202643171806, "percent_covered_display": "85", "missing_lines": 34, "excluded_lines": 0, "percent_statements_covered": 85.02202643171806, "percent_statements_covered_display": "85"}, "missing_lines": [35, 36, 56, 58, 59, 65, 136, 151, 208, 209, 210, 211, 212, 213, 214, 268, 290, 333, 354, 366, 382, 412, 413, 440, 452, 494, 497, 498, 499, 501, 502, 507, 509, 510], "excluded_lines": [], "functions": {"sample_unobserved_negatives": {"executed_lines": [27, 28, 29, 30, 31, 32, 33, 34, 37], "summary": {"covered_lines": 9, "num_statements": 11, "percent_covered": 81.81818181818181, "percent_covered_display": "82", "missing_lines": 2, "excluded_lines": 0, "percent_statements_covered": 81.81818181818181, "percent_statements_covered_display": "82"}, "missing_lines": [35, 36], "excluded_lines": [], "start_line": 19}, "create_data_loaders": {"executed_lines": [], "summary": {"covered_lines": 0, "num_statements": 4, "percent_covered": 0.0, "percent_covered_display": "0", "missing_lines": 4, "excluded_lines": 0, "percent_statements_covered": 0.0, "percent_statements_covered_display": "0"}, "missing_lines": [56, 58, 59, 65], "excluded_lines": [], "start_line": 43}, "train_lightgcn": {"executed_lines": [92, 93, 94, 95, 96, 99, 104, 105, 108, 111, 112, 115, 118, 119, 120, 123, 124, 127, 130, 131, 134, 135, 139, 140, 142, 143, 147, 150, 152, 153, 156, 161, 165, 168, 169, 170, 173, 174, 175, 178, 179, 182, 191, 192, 194, 195, 203, 204, 205, 206, 217, 218, 219, 220, 224, 233], "summary": {"covered_lines": 56, "num_statements": 65, "percent_covered": 86.15384615384616, "percent_covered_display": "86", "missing_lines": 9, "excluded_lines": 0, "percent_statements_covered": 86.15384615384616, "percent_statements_covered_display": "86"}, "missing_lines": [136, 151, 208, 209, 210, 211, 212, 213, 214], "excluded_lines": [], "start_line": 68}, "evaluate_model": {"executed_lines": [257, 258, 260, 263, 264, 265, 267, 271, 272, 278, 279, 282, 285, 286, 287, 288, 289, 292, 293, 296, 297, 299, 300, 301, 303, 304, 307, 308, 309, 312, 313, 314, 315, 318, 319, 324, 325, 327, 328, 331, 332, 334, 336, 337, 338, 339, 340, 341, 342, 343, 344, 347, 348, 349, 350, 351, 352, 353, 356, 357, 358, 359, 360, 361, 364, 365, 367, 368, 369, 370, 371, 372, 373, 374, 375, 376, 377, 380, 381, 383, 384, 385, 386, 387, 388, 391, 393, 394, 395, 398, 399, 400, 403, 404, 407, 408, 411, 415], "summary": {"covered_lines": 98, "num_statements": 106, "percent_covered": 92.45283018867924, "percent_covered_display": "92", "missing_lines": 8, "excluded_lines": 0, "percent_statements_covered": 92.45283018867924, "percent_statements_covered_display": "92"}, "missing_lines": [268, 290, 333, 354, 366, 382, 412, 413], "excluded_lines": [], "start_line": 236}, "train_full_pipeline": {"executed_lines": [431, 435, 436, 439, 451, 454, 457, 458, 461, 471, 482, 483, 489], "summary": {"covered_lines": 13, "num_statements": 15, "percent_covered": 86.66666666666667, "percent_covered_display": "87", "missing_lines": 2, "excluded_lines": 0, "percent_statements_covered": 86.66666666666667, "percent_statements_covered_display": "87"}, "missing_lines": [440, 452], "excluded_lines": [], "start_line": 418}, "save_training_results": {"executed_lines": [], "summary": {"covered_lines": 0, "num_statements": 6, "percent_covered": 0.0, "percent_covered_display": "0", "missing_lines": 6, "excluded_lines": 0, "percent_statements_covered": 0.0, "percent_statements_covered_display": "0"}, "missing_lines": [494, 497, 498, 499, 501, 502], "excluded_lines": [], "start_line": 492}, "load_training_results": {"executed_lines": [], "summary": {"covered_lines": 0, "num_statements": 3, "percent_covered": 0.0, "percent_covered_display": "0", "missing_lines": 3, "excluded_lines": 0, "percent_statements_covered": 0.0, "percent_statements_covered_display": "0"}, "missing_lines": [507, 509, 510], "excluded_lines": [], "start_line": 505}, "": {"executed_lines": [5, 6, 8, 9, 10, 11, 12, 14, 15, 16, 19, 43, 68, 236, 418, 492, 505], "summary": {"covered_lines": 17, "num_statements": 17, "percent_covered": 100.0, "percent_covered_display": "100", "missing_lines": 0, "excluded_lines": 0, "percent_statements_covered": 100.0, "percent_statements_covered_display": "100"}, "missing_lines": [], "excluded_lines": [], "start_line": 1}}, "classes": {"": {"executed_lines": [5, 6, 8, 9, 10, 11, 12, 14, 15, 16, 19, 27, 28, 29, 30, 31, 32, 33, 34, 37, 43, 68, 92, 93, 94, 95, 96, 99, 104, 105, 108, 111, 112, 115, 118, 119, 120, 123, 124, 127, 130, 131, 134, 135, 139, 140, 142, 143, 147, 150, 152, 153, 156, 161, 165, 168, 169, 170, 173, 174, 175, 178, 179, 182, 191, 192, 194, 195, 203, 204, 205, 206, 217, 218, 219, 220, 224, 233, 236, 257, 258, 260, 263, 264, 265, 267, 271, 272, 278, 279, 282, 285, 286, 287, 288, 289, 292, 293, 296, 297, 299, 300, 301, 303, 304, 307, 308, 309, 312, 313, 314, 315, 318, 319, 324, 325, 327, 328, 331, 332, 334, 336, 337, 338, 339, 340, 341, 342, 343, 344, 347, 348, 349, 350, 351, 352, 353, 356, 357, 358, 359, 360, 361, 364, 365, 367, 368, 369, 370, 371, 372, 373, 374, 375, 376, 377, 380, 381, 383, 384, 385, 386, 387, 388, 391, 393, 394, 395, 398, 399, 400, 403, 404, 407, 408, 411, 415, 418, 431, 435, 436, 439, 451, 454, 457, 458, 461, 471, 482, 483, 489, 492, 505], "summary": {"covered_lines": 193, "num_statements": 227, "percent_covered": 85.02202643171806, "percent_covered_display": "85", "missing_lines": 34, "excluded_lines": 0, "percent_statements_covered": 85.02202643171806, "percent_statements_covered_display": "85"}, "missing_lines": [35, 36, 56, 58, 59, 65, 136, 151, 208, 209, 210, 211, 212, 213, 214, 268, 290, 333, 354, 366, 382, 412, 413, 440, 452, 494, 497, 498, 499, 501, 502, 507, 509, 510], "excluded_lines": [], "start_line": 1}}}}, "totals": {"covered_lines": 2251, "num_statements": 3637, "percent_covered": 61.89166895793236, "percent_covered_display": "62", "missing_lines": 1386, "excluded_lines": 12, "percent_statements_covered": 61.89166895793236, "percent_statements_covered_display": "62"}}